19:34:38  INFO  aplication.MyListener - Start finding element by ------>By.xpath: //a[text()=' Logout ']
19:34:48  INFO  aplication.MyListener - The element -->By.xpath: //a[text()=' Logout ']was found
19:34:48  INFO  aplication.MyListener - Start finding element by ------>By.xpath: //*[@href='/registration?url=%2Fsearch']
19:34:48  INFO  aplication.MyListener - The element -->By.xpath: //*[@href='/registration?url=%2Fsearch']was found
19:34:48  INFO  aplication.MyListener - Start finding element by ------>By.id: name
19:34:48  INFO  aplication.MyListener - The element -->By.id: namewas found
19:34:48  INFO  aplication.MyListener - Start finding element by ------>By.id: lastName
19:34:48  INFO  aplication.MyListener - The element -->By.id: lastNamewas found
19:34:49  INFO  aplication.MyListener - Start finding element by ------>By.id: email
19:34:49  INFO  aplication.MyListener - The element -->By.id: emailwas found
19:34:49  INFO  aplication.MyListener - Start finding element by ------>By.id: password
19:34:49  INFO  aplication.MyListener - The element -->By.id: passwordwas found
19:34:49  INFO  aplication.MyListener - Start finding element by ------>By.xpath: //label[@for = 'terms-of-use']
19:34:49  INFO  aplication.MyListener - The element -->By.xpath: //label[@for = 'terms-of-use']was found
19:34:49  INFO  aplication.MyListener - Start finding element by ------>By.xpath: //button[@type='submit']
19:34:49  INFO  aplication.MyListener - The element -->By.xpath: //button[@type='submit']was found
19:34:49  INFO  aplication.MyListener - Start finding element by ------>By.xpath: //a[text()=' Logout ']
19:34:50  INFO  aplication.MyListener - The element -->By.xpath: //a[text()=' Logout ']was found
19:34:50  INFO  aplication.MyListener - Start finding element by ------>By.xpath: //a[text()=' Logout ']
19:34:50  INFO  aplication.MyListener - The element -->By.xpath: //a[text()=' Logout ']was found
19:34:51  INFO  aplication.MyListener - We heave throwable -->element click intercepted: Element <a _ngcontent-awg-c25="" class="navigation-link ng-star-inserted" href="/logout?url=%2Fsearch">...</a> is not clickable at point (973, 34). Other element would receive the click: <div class="cdk-overlay-backdrop cdk-overlay-dark-backdrop cdk-overlay-backdrop-showing"></div>
  (Session info: chrome=94.0.4606.81)
Build info: version: '3.141.59', revision: 'e82be7d358', time: '2018-11-14T08:17:03'
System info: host: 'DESKTOP-3UOK3PE', ip: '10.109.96.41', os.name: 'Windows 10', os.arch: 'amd64', os.version: '10.0', java.version: '1.8.0_301'
Driver info: org.openqa.selenium.chrome.ChromeDriver
Capabilities {acceptInsecureCerts: false, browserName: chrome, browserVersion: 94.0.4606.81, chrome: {chromedriverVersion: 94.0.4606.41 (333e85df3c9b6..., userDataDir: C:\Users\Owner\AppData\Loca...}, goog:chromeOptions: {debuggerAddress: localhost:55997}, javascriptEnabled: true, networkConnectionEnabled: false, pageLoadStrategy: normal, platform: WINDOWS, platformName: WINDOWS, proxy: Proxy(), setWindowRect: true, strictFileInteractability: false, timeouts: {implicit: 0, pageLoad: 300000, script: 30000}, unhandledPromptBehavior: dismiss and notify, webauthn:extension:credBlob: true, webauthn:extension:largeBlob: true, webauthn:virtualAuthenticators: true}
Session ID: 67f948c3cee5feec36984c8e43df8731
19:34:51  INFO  aplication.MyListener - Start finding element by ------>By.xpath: //button[.='Ok']
19:34:51  INFO  aplication.MyListener - The element -->By.xpath: //button[.='Ok']was found
19:34:51  INFO  aplication.MyListener - Start finding element by ------>By.xpath: //button[text()='Ok']
19:34:51  INFO  aplication.MyListener - The element -->By.xpath: //button[text()='Ok']was found
19:34:51  INFO  aplication.MyListener - Start finding element by ------>By.xpath: //button[text()='Ok']
19:34:51  INFO  aplication.MyListener - The element -->By.xpath: //button[text()='Ok']was found
19:34:51  INFO  aplication.MyListener - Start finding element by ------>By.xpath: //a[text()=' Log in ']
19:35:01  INFO  aplication.MyListener - We heave throwable -->no such element: Unable to locate element: {"method":"xpath","selector":"//a[text()=' Log in ']"}
  (Session info: chrome=94.0.4606.81)
For documentation on this error, please visit: https://www.seleniumhq.org/exceptions/no_such_element.html
Build info: version: '3.141.59', revision: 'e82be7d358', time: '2018-11-14T08:17:03'
System info: host: 'DESKTOP-3UOK3PE', ip: '10.109.96.41', os.name: 'Windows 10', os.arch: 'amd64', os.version: '10.0', java.version: '1.8.0_301'
Driver info: org.openqa.selenium.chrome.ChromeDriver
Capabilities {acceptInsecureCerts: false, browserName: chrome, browserVersion: 94.0.4606.81, chrome: {chromedriverVersion: 94.0.4606.41 (333e85df3c9b6..., userDataDir: C:\Users\Owner\AppData\Loca...}, goog:chromeOptions: {debuggerAddress: localhost:55997}, javascriptEnabled: true, networkConnectionEnabled: false, pageLoadStrategy: normal, platform: WINDOWS, platformName: WINDOWS, proxy: Proxy(), setWindowRect: true, strictFileInteractability: false, timeouts: {implicit: 0, pageLoad: 300000, script: 30000}, unhandledPromptBehavior: dismiss and notify, webauthn:extension:credBlob: true, webauthn:extension:largeBlob: true, webauthn:virtualAuthenticators: true}
Session ID: 67f948c3cee5feec36984c8e43df8731
*** Element info: {Using=xpath, value=//a[text()=' Log in ']}
19:35:01  INFO  aplication.MyListener - Start finding element by ------>By.xpath: //button[text()='Search cars']
19:35:11  INFO  aplication.MyListener - We heave throwable -->no such element: Unable to locate element: {"method":"xpath","selector":"//button[text()='Search cars']"}
  (Session info: chrome=94.0.4606.81)
For documentation on this error, please visit: https://www.seleniumhq.org/exceptions/no_such_element.html
Build info: version: '3.141.59', revision: 'e82be7d358', time: '2018-11-14T08:17:03'
System info: host: 'DESKTOP-3UOK3PE', ip: '10.109.96.41', os.name: 'Windows 10', os.arch: 'amd64', os.version: '10.0', java.version: '1.8.0_301'
Driver info: org.openqa.selenium.chrome.ChromeDriver
Capabilities {acceptInsecureCerts: false, browserName: chrome, browserVersion: 94.0.4606.81, chrome: {chromedriverVersion: 94.0.4606.41 (333e85df3c9b6..., userDataDir: C:\Users\Owner\AppData\Loca...}, goog:chromeOptions: {debuggerAddress: localhost:55997}, javascriptEnabled: true, networkConnectionEnabled: false, pageLoadStrategy: normal, platform: WINDOWS, platformName: WINDOWS, proxy: Proxy(), setWindowRect: true, strictFileInteractability: false, timeouts: {implicit: 0, pageLoad: 300000, script: 30000}, unhandledPromptBehavior: dismiss and notify, webauthn:extension:credBlob: true, webauthn:extension:largeBlob: true, webauthn:virtualAuthenticators: true}
Session ID: 67f948c3cee5feec36984c8e43df8731
*** Element info: {Using=xpath, value=//button[text()='Search cars']}
19:35:11  INFO  aplication.MyListener - Start finding element by ------>By.id: city
19:35:11  INFO  aplication.MyListener - The element -->By.id: citywas found
19:35:11  INFO  aplication.MyListener - Start finding element by ------>By.xpath: //div[@class='pac-container pac-logo']//div[1]
19:35:12  INFO  aplication.MyListener - The element -->By.xpath: //div[@class='pac-container pac-logo']//div[1]was found
19:35:12  INFO  aplication.MyListener - Start finding element by ------>By.id: dates
19:35:12  INFO  aplication.MyListener - The element -->By.id: dateswas found
19:35:12  INFO  aplication.MyListener - Start finding element by ------>By.cssSelector: button[aria-label='Choose month and year']
19:35:12  INFO  aplication.MyListener - The element -->By.cssSelector: button[aria-label='Choose month and year']was found
19:35:12  INFO  aplication.MyListener - Start finding element by ------>By.xpath: //div[text()=' 2021 ']
19:35:12  INFO  aplication.MyListener - The element -->By.xpath: //div[text()=' 2021 ']was found
19:35:12  INFO  aplication.MyListener - Start finding element by ------>By.xpath: //div[text()=' DEC ']
19:35:12  INFO  aplication.MyListener - The element -->By.xpath: //div[text()=' DEC ']was found
19:35:12  INFO  aplication.MyListener - Start finding element by ------>By.xpath: //div[text()=' 12 ']
19:35:12  INFO  aplication.MyListener - The element -->By.xpath: //div[text()=' 12 ']was found
19:35:12  INFO  aplication.MyListener - Start finding element by ------>By.xpath: //div[text()=' 15 ']
19:35:12  INFO  aplication.MyListener - The element -->By.xpath: //div[text()=' 15 ']was found
19:35:12  INFO  aplication.MyListener - Start finding element by ------>By.cssSelector: button[type='submit']
19:35:12  INFO  aplication.MyListener - The element -->By.cssSelector: button[type='submit']was found
19:35:12  INFO  aplication.MyListener - Start finding element by ------>By.cssSelector: button[type='submit']
19:35:12  INFO  aplication.MyListener - The element -->By.cssSelector: button[type='submit']was found
19:35:13  INFO  aplication.MyListener - Start finding element by ------>By.xpath: //div[@class='header']//a[@class='logo']
19:35:13  INFO  aplication.MyListener - The element -->By.xpath: //div[@class='header']//a[@class='logo']was found
