22:26:47  INFO  aplication.MyListener - Start finding element by ------>By.xpath: //a[text()=' Logout ']
22:26:57  INFO  aplication.MyListener - The element -->By.xpath: //a[text()=' Logout ']was found
22:26:57  INFO  aplication.MyListener - Start finding element by ------>By.xpath: //a[text()=' Log in ']
22:26:57  INFO  aplication.MyListener - The element -->By.xpath: //a[text()=' Log in ']was found
22:26:58  INFO  aplication.MyListener - Start finding element by ------>By.id: email
22:26:58  INFO  aplication.MyListener - The element -->By.id: emailwas found
22:26:58  INFO  aplication.MyListener - Start finding element by ------>By.id: password
22:26:58  INFO  aplication.MyListener - The element -->By.id: passwordwas found
22:26:58  INFO  aplication.MyListener - Start finding element by ------>By.xpath: //button[@type='submit']
22:26:58  INFO  aplication.MyListener - The element -->By.xpath: //button[@type='submit']was found
22:26:58  INFO  aplication.MyListener - Start finding element by ------>By.cssSelector: .dialog-container h2
22:26:59  INFO  aplication.MyListener - The element -->By.cssSelector: .dialog-container h2was found
22:26:59  INFO  aplication.MyListener - Start finding element by ------>By.xpath: //button[.='Ok']
22:26:59  INFO  aplication.MyListener - The element -->By.xpath: //button[.='Ok']was found
22:26:59  INFO  aplication.MyListener - Start finding element by ------>By.xpath: //button[text()='Ok']
22:26:59  INFO  aplication.MyListener - The element -->By.xpath: //button[text()='Ok']was found
22:26:59  INFO  aplication.MyListener - Start finding element by ------>By.xpath: //button[text()='Ok']
22:26:59  INFO  aplication.MyListener - The element -->By.xpath: //button[text()='Ok']was found
22:26:59  INFO  aplication.MyListener - Start finding element by ------>By.xpath: //a[text()=' Logout ']
22:27:09  INFO  aplication.MyListener - The element -->By.xpath: //a[text()=' Logout ']was found
