19:26:55  INFO  aplication.MyListener - Start finding element by ------>By.xpath: //a[text()=' Log in ']
19:26:55  INFO  aplication.MyListener - The element -->By.xpath: //a[text()=' Log in ']was found
19:26:55  INFO  aplication.MyListener - Start finding element by ------>By.id: email
19:26:55  INFO  aplication.MyListener - The element -->By.id: emailwas found
19:26:55  INFO  aplication.MyListener - Start finding element by ------>By.id: password
19:26:55  INFO  aplication.MyListener - The element -->By.id: passwordwas found
19:26:55  INFO  aplication.MyListener - Start finding element by ------>By.xpath: //button[@type='submit']
19:26:55  INFO  aplication.MyListener - The element -->By.xpath: //button[@type='submit']was found
19:26:55  INFO  aplication.MyListener - Start finding element by ------>By.xpath: //a[@href='/let-car-work']
19:26:55  INFO  aplication.MyListener - The element -->By.xpath: //a[@href='/let-car-work']was found
19:26:56  INFO  aplication.MyListener - Start finding element by ------>By.id: pickUpPlace
19:26:56  INFO  aplication.MyListener - The element -->By.id: pickUpPlacewas found
19:26:56  INFO  aplication.MyListener - Start finding element by ------>By.cssSelector: div.pac-item
19:26:56  INFO  aplication.MyListener - The element -->By.cssSelector: div.pac-itemwas found
19:26:57  INFO  aplication.MyListener - Start finding element by ------>By.id: make
19:26:57  INFO  aplication.MyListener - The element -->By.id: makewas found
19:26:57  INFO  aplication.MyListener - Start finding element by ------>By.id: model
19:26:57  INFO  aplication.MyListener - The element -->By.id: modelwas found
19:26:57  INFO  aplication.MyListener - Start finding element by ------>By.id: year
19:26:57  INFO  aplication.MyListener - The element -->By.id: yearwas found
19:26:58  INFO  aplication.MyListener - Start finding element by ------>By.id: engine
19:26:58  INFO  aplication.MyListener - The element -->By.id: enginewas found
19:26:58  INFO  aplication.MyListener - Start finding element by ------>By.id: fuel
19:26:58  INFO  aplication.MyListener - The element -->By.id: fuelwas found
19:26:58  INFO  aplication.MyListener - Start finding element by ------>By.xpath: .//option[@value = "Petrol"]
19:26:58  INFO  aplication.MyListener - The element -->By.xpath: .//option[@value = "Petrol"]was found
19:26:58  INFO  aplication.MyListener - Start finding element by ------>By.id: gear
19:26:58  INFO  aplication.MyListener - The element -->By.id: gearwas found
19:26:58  INFO  aplication.MyListener - Start finding element by ------>By.xpath: .//option[@value = "MT"]
19:26:58  INFO  aplication.MyListener - The element -->By.xpath: .//option[@value = "MT"]was found
19:26:58  INFO  aplication.MyListener - Start finding element by ------>By.id: wheelsDrive
19:26:58  INFO  aplication.MyListener - The element -->By.id: wheelsDrivewas found
19:26:58  INFO  aplication.MyListener - Start finding element by ------>By.xpath: .//option[@value = "AWD"]
19:26:58  INFO  aplication.MyListener - The element -->By.xpath: .//option[@value = "AWD"]was found
19:26:58  INFO  aplication.MyListener - Start finding element by ------>By.id: doors
19:26:58  INFO  aplication.MyListener - The element -->By.id: doorswas found
19:26:58  INFO  aplication.MyListener - Start finding element by ------>By.id: seats
19:26:58  INFO  aplication.MyListener - The element -->By.id: seatswas found
19:26:58  INFO  aplication.MyListener - Start finding element by ------>By.id: class
19:26:59  INFO  aplication.MyListener - The element -->By.id: classwas found
19:26:59  INFO  aplication.MyListener - Start finding element by ------>By.id: fuelConsumption
19:26:59  INFO  aplication.MyListener - The element -->By.id: fuelConsumptionwas found
19:26:59  INFO  aplication.MyListener - Start finding element by ------>By.id: serialNumber
19:26:59  INFO  aplication.MyListener - The element -->By.id: serialNumberwas found
19:26:59  INFO  aplication.MyListener - Start finding element by ------>By.id: price
19:26:59  INFO  aplication.MyListener - The element -->By.id: pricewas found
19:26:59  INFO  aplication.MyListener - Start finding element by ------>By.id: distance
19:26:59  INFO  aplication.MyListener - The element -->By.id: distancewas found
19:26:59  INFO  aplication.MyListener - Start finding element by ------>By.cssSelector: .feature-input
19:26:59  INFO  aplication.MyListener - The element -->By.cssSelector: .feature-inputwas found
19:27:00  INFO  aplication.MyListener - Start finding element by ------>By.id: about
19:27:00  INFO  aplication.MyListener - The element -->By.id: aboutwas found
19:27:00  INFO  aplication.MyListener - Start finding element by ------>By.id: photos
19:27:00  INFO  aplication.MyListener - The element -->By.id: photoswas found
19:27:05  INFO  aplication.MyListener - Start finding element by ------>By.xpath: //button[text()='Submit']
19:27:05  INFO  aplication.MyListener - The element -->By.xpath: //button[text()='Submit']was found
19:27:05  INFO  aplication.MyListener - Start finding element by ------>By.xpath: //button[text()='Submit']
19:27:05  INFO  aplication.MyListener - The element -->By.xpath: //button[text()='Submit']was found
19:27:05  INFO  aplication.MyListener - Start finding element by ------>By.xpath: //button[text()='Search cars']
19:27:06  INFO  aplication.MyListener - The element -->By.xpath: //button[text()='Search cars']was found
19:27:06  INFO  aplication.MyListener - Start finding element by ------>By.xpath: //button[text()='Search cars']
19:27:07  INFO  aplication.MyListener - The element -->By.xpath: //button[text()='Search cars']was found
19:27:07  INFO  aplication.MyListener - Start finding element by ------>By.xpath: //a[text()=' Logout ']
19:27:07  INFO  aplication.MyListener - The element -->By.xpath: //a[text()=' Logout ']was found
19:27:07  INFO  aplication.MyListener - Start finding element by ------>By.xpath: //a[text()=' Logout ']
19:27:07  INFO  aplication.MyListener - The element -->By.xpath: //a[text()=' Logout ']was found
