19:46:29  INFO  aplication.MyListener - Start finding element by ------>By.xpath: //a[text()=' Logout ']
19:46:39  INFO  aplication.MyListener - The element -->By.xpath: //a[text()=' Logout ']was found
19:46:39  INFO  aplication.MyListener - Start finding element by ------>By.xpath: //*[@href='/registration?url=%2Fsearch']
19:46:39  INFO  aplication.MyListener - The element -->By.xpath: //*[@href='/registration?url=%2Fsearch']was found
19:46:40  INFO  aplication.MyListener - Start finding element by ------>By.id: name
19:46:40  INFO  aplication.MyListener - The element -->By.id: namewas found
19:46:40  INFO  aplication.MyListener - Start finding element by ------>By.id: lastName
19:46:40  INFO  aplication.MyListener - The element -->By.id: lastNamewas found
19:46:40  INFO  aplication.MyListener - Start finding element by ------>By.id: email
19:46:40  INFO  aplication.MyListener - The element -->By.id: emailwas found
19:46:40  INFO  aplication.MyListener - Start finding element by ------>By.id: password
19:46:40  INFO  aplication.MyListener - The element -->By.id: passwordwas found
19:46:40  INFO  aplication.MyListener - Start finding element by ------>By.xpath: //label[@for = 'terms-of-use']
19:46:40  INFO  aplication.MyListener - The element -->By.xpath: //label[@for = 'terms-of-use']was found
19:46:40  INFO  aplication.MyListener - Start finding element by ------>By.xpath: //button[@type='submit']
19:46:40  INFO  aplication.MyListener - The element -->By.xpath: //button[@type='submit']was found
19:46:40  INFO  aplication.MyListener - Start finding element by ------>By.xpath: //a[text()=' Log in ']
19:46:41  INFO  aplication.MyListener - The element -->By.xpath: //a[text()=' Log in ']was found
19:46:41  INFO  aplication.MyListener - Start finding element by ------>By.id: email
19:46:41  INFO  aplication.MyListener - The element -->By.id: emailwas found
19:46:41  INFO  aplication.MyListener - Start finding element by ------>By.id: password
19:46:41  INFO  aplication.MyListener - The element -->By.id: passwordwas found
19:46:41  INFO  aplication.MyListener - Start finding element by ------>By.xpath: //button[@type='submit']
19:46:41  INFO  aplication.MyListener - The element -->By.xpath: //button[@type='submit']was found
19:46:41  INFO  aplication.MyListener - Start finding element by ------>By.cssSelector: .dialog-container h2
19:46:41  INFO  aplication.MyListener - The element -->By.cssSelector: .dialog-container h2was found
19:46:41  INFO  aplication.MyListener - Start finding element by ------>By.xpath: //button[.='Ok']
19:46:41  INFO  aplication.MyListener - The element -->By.xpath: //button[.='Ok']was found
19:46:41  INFO  aplication.MyListener - Start finding element by ------>By.xpath: //button[text()='Ok']
19:46:41  INFO  aplication.MyListener - The element -->By.xpath: //button[text()='Ok']was found
19:46:42  INFO  aplication.MyListener - Start finding element by ------>By.xpath: //button[text()='Ok']
19:46:42  INFO  aplication.MyListener - The element -->By.xpath: //button[text()='Ok']was found
19:46:42  INFO  aplication.MyListener - Start finding element by ------>By.xpath: //a[text()=' Logout ']
19:46:42  INFO  aplication.MyListener - The element -->By.xpath: //a[text()=' Logout ']was found
19:46:42  INFO  aplication.MyListener - Start finding element by ------>By.xpath: //a[text()=' Logout ']
19:46:42  INFO  aplication.MyListener - The element -->By.xpath: //a[text()=' Logout ']was found
19:46:42  INFO  aplication.MyListener - Start finding element by ------>By.xpath: //a[text()=' Log in ']
19:46:42  INFO  aplication.MyListener - The element -->By.xpath: //a[text()=' Log in ']was found
19:46:42  INFO  aplication.MyListener - Start finding element by ------>By.id: email
19:46:42  INFO  aplication.MyListener - The element -->By.id: emailwas found
19:46:42  INFO  aplication.MyListener - Start finding element by ------>By.id: password
19:46:42  INFO  aplication.MyListener - The element -->By.id: passwordwas found
19:46:42  INFO  aplication.MyListener - Start finding element by ------>By.xpath: //button[@type='submit']
19:46:42  INFO  aplication.MyListener - The element -->By.xpath: //button[@type='submit']was found
19:46:42  INFO  aplication.MyListener - Start finding element by ------>By.xpath: //a[@href='/let-car-work']
19:46:42  INFO  aplication.MyListener - The element -->By.xpath: //a[@href='/let-car-work']was found
19:46:42  INFO  aplication.MyListener - Start finding element by ------>By.id: pickUpPlace
19:46:42  INFO  aplication.MyListener - The element -->By.id: pickUpPlacewas found
19:46:43  INFO  aplication.MyListener - Start finding element by ------>By.cssSelector: div.pac-item
19:46:43  INFO  aplication.MyListener - The element -->By.cssSelector: div.pac-itemwas found
19:46:44  INFO  aplication.MyListener - Start finding element by ------>By.id: make
19:46:44  INFO  aplication.MyListener - The element -->By.id: makewas found
19:46:44  INFO  aplication.MyListener - Start finding element by ------>By.id: model
19:46:44  INFO  aplication.MyListener - The element -->By.id: modelwas found
19:46:44  INFO  aplication.MyListener - Start finding element by ------>By.id: year
19:46:44  INFO  aplication.MyListener - The element -->By.id: yearwas found
19:46:44  INFO  aplication.MyListener - Start finding element by ------>By.id: engine
19:46:44  INFO  aplication.MyListener - The element -->By.id: enginewas found
19:46:44  INFO  aplication.MyListener - Start finding element by ------>By.id: fuel
19:46:44  INFO  aplication.MyListener - The element -->By.id: fuelwas found
19:46:44  INFO  aplication.MyListener - Start finding element by ------>By.xpath: .//option[@value = "Petrol"]
19:46:44  INFO  aplication.MyListener - The element -->By.xpath: .//option[@value = "Petrol"]was found
19:46:44  INFO  aplication.MyListener - Start finding element by ------>By.id: gear
19:46:45  INFO  aplication.MyListener - The element -->By.id: gearwas found
19:46:45  INFO  aplication.MyListener - Start finding element by ------>By.xpath: .//option[@value = "MT"]
19:46:45  INFO  aplication.MyListener - The element -->By.xpath: .//option[@value = "MT"]was found
19:46:45  INFO  aplication.MyListener - Start finding element by ------>By.id: wheelsDrive
19:46:45  INFO  aplication.MyListener - The element -->By.id: wheelsDrivewas found
19:46:45  INFO  aplication.MyListener - Start finding element by ------>By.xpath: .//option[@value = "AWD"]
19:46:45  INFO  aplication.MyListener - The element -->By.xpath: .//option[@value = "AWD"]was found
19:46:45  INFO  aplication.MyListener - Start finding element by ------>By.id: doors
19:46:45  INFO  aplication.MyListener - The element -->By.id: doorswas found
19:46:45  INFO  aplication.MyListener - Start finding element by ------>By.id: seats
19:46:45  INFO  aplication.MyListener - The element -->By.id: seatswas found
19:46:45  INFO  aplication.MyListener - Start finding element by ------>By.id: class
19:46:45  INFO  aplication.MyListener - The element -->By.id: classwas found
19:46:45  INFO  aplication.MyListener - Start finding element by ------>By.id: fuelConsumption
19:46:45  INFO  aplication.MyListener - The element -->By.id: fuelConsumptionwas found
19:46:45  INFO  aplication.MyListener - Start finding element by ------>By.id: serialNumber
19:46:45  INFO  aplication.MyListener - The element -->By.id: serialNumberwas found
19:46:46  INFO  aplication.MyListener - Start finding element by ------>By.id: price
19:46:46  INFO  aplication.MyListener - The element -->By.id: pricewas found
19:46:46  INFO  aplication.MyListener - Start finding element by ------>By.id: distance
19:46:46  INFO  aplication.MyListener - The element -->By.id: distancewas found
19:46:46  INFO  aplication.MyListener - Start finding element by ------>By.cssSelector: .feature-input
19:46:46  INFO  aplication.MyListener - The element -->By.cssSelector: .feature-inputwas found
19:46:46  INFO  aplication.MyListener - Start finding element by ------>By.id: about
19:46:46  INFO  aplication.MyListener - The element -->By.id: aboutwas found
19:46:46  INFO  aplication.MyListener - Start finding element by ------>By.id: photos
19:46:46  INFO  aplication.MyListener - The element -->By.id: photoswas found
19:46:51  INFO  aplication.MyListener - Start finding element by ------>By.xpath: //button[text()='Submit']
19:46:51  INFO  aplication.MyListener - The element -->By.xpath: //button[text()='Submit']was found
19:46:51  INFO  aplication.MyListener - Start finding element by ------>By.xpath: //button[text()='Submit']
19:46:51  INFO  aplication.MyListener - The element -->By.xpath: //button[text()='Submit']was found
19:46:52  INFO  aplication.MyListener - Start finding element by ------>By.xpath: //button[text()='Search cars']
19:46:53  INFO  aplication.MyListener - The element -->By.xpath: //button[text()='Search cars']was found
19:46:53  INFO  aplication.MyListener - Start finding element by ------>By.xpath: //button[text()='Search cars']
19:46:53  INFO  aplication.MyListener - The element -->By.xpath: //button[text()='Search cars']was found
19:46:53  INFO  aplication.MyListener - Start finding element by ------>By.xpath: //a[text()=' Logout ']
19:46:53  INFO  aplication.MyListener - The element -->By.xpath: //a[text()=' Logout ']was found
19:46:53  INFO  aplication.MyListener - Start finding element by ------>By.xpath: //a[text()=' Logout ']
19:46:53  INFO  aplication.MyListener - The element -->By.xpath: //a[text()=' Logout ']was found
19:46:53  INFO  aplication.MyListener - Start finding element by ------>By.id: city
19:46:53  INFO  aplication.MyListener - The element -->By.id: citywas found
19:46:53  INFO  aplication.MyListener - Start finding element by ------>By.xpath: //div[@class='pac-container pac-logo']//div[1]
19:46:54  INFO  aplication.MyListener - The element -->By.xpath: //div[@class='pac-container pac-logo']//div[1]was found
19:46:54  INFO  aplication.MyListener - Start finding element by ------>By.id: dates
19:46:54  INFO  aplication.MyListener - The element -->By.id: dateswas found
19:46:54  INFO  aplication.MyListener - Start finding element by ------>By.cssSelector: button[aria-label='Choose month and year']
19:46:54  INFO  aplication.MyListener - The element -->By.cssSelector: button[aria-label='Choose month and year']was found
19:46:54  INFO  aplication.MyListener - Start finding element by ------>By.xpath: //div[text()=' 2021 ']
19:46:54  INFO  aplication.MyListener - The element -->By.xpath: //div[text()=' 2021 ']was found
19:46:54  INFO  aplication.MyListener - Start finding element by ------>By.xpath: //div[text()=' DEC ']
19:46:54  INFO  aplication.MyListener - The element -->By.xpath: //div[text()=' DEC ']was found
19:46:54  INFO  aplication.MyListener - Start finding element by ------>By.xpath: //div[text()=' 12 ']
19:46:54  INFO  aplication.MyListener - The element -->By.xpath: //div[text()=' 12 ']was found
19:46:54  INFO  aplication.MyListener - Start finding element by ------>By.xpath: //div[text()=' 15 ']
19:46:54  INFO  aplication.MyListener - The element -->By.xpath: //div[text()=' 15 ']was found
19:46:54  INFO  aplication.MyListener - Start finding element by ------>By.cssSelector: button[type='submit']
19:46:54  INFO  aplication.MyListener - The element -->By.cssSelector: button[type='submit']was found
19:46:55  INFO  aplication.MyListener - Start finding element by ------>By.cssSelector: button[type='submit']
19:46:55  INFO  aplication.MyListener - The element -->By.cssSelector: button[type='submit']was found
19:46:55  INFO  aplication.MyListener - Start finding element by ------>By.xpath: //div[@class='header']//a[@class='logo']
19:46:55  INFO  aplication.MyListener - The element -->By.xpath: //div[@class='header']//a[@class='logo']was found
