19:24:39  INFO  aplication.MyListener - Start finding element by ------>By.xpath: //a[text()=' Log in ']
19:24:39  INFO  aplication.MyListener - The element -->By.xpath: //a[text()=' Log in ']was found
19:24:40  INFO  aplication.MyListener - Start finding element by ------>By.id: email
19:24:40  INFO  aplication.MyListener - The element -->By.id: emailwas found
19:24:40  INFO  aplication.MyListener - Start finding element by ------>By.id: password
19:24:40  INFO  aplication.MyListener - The element -->By.id: passwordwas found
19:24:40  INFO  aplication.MyListener - Start finding element by ------>By.xpath: //button[@type='submit']
19:24:40  INFO  aplication.MyListener - The element -->By.xpath: //button[@type='submit']was found
19:24:40  INFO  aplication.MyListener - Start finding element by ------>By.xpath: //a[@href='/let-car-work']
19:24:40  INFO  aplication.MyListener - The element -->By.xpath: //a[@href='/let-car-work']was found
19:24:40  INFO  aplication.MyListener - Start finding element by ------>By.id: pickUpPlace
19:24:40  INFO  aplication.MyListener - The element -->By.id: pickUpPlacewas found
19:24:41  INFO  aplication.MyListener - Start finding element by ------>By.cssSelector: div.pac-item
19:24:41  INFO  aplication.MyListener - The element -->By.cssSelector: div.pac-itemwas found
19:24:42  INFO  aplication.MyListener - Start finding element by ------>By.id: make
19:24:42  INFO  aplication.MyListener - The element -->By.id: makewas found
19:24:42  INFO  aplication.MyListener - Start finding element by ------>By.id: model
19:24:42  INFO  aplication.MyListener - The element -->By.id: modelwas found
19:24:42  INFO  aplication.MyListener - Start finding element by ------>By.id: year
19:24:42  INFO  aplication.MyListener - The element -->By.id: yearwas found
19:24:42  INFO  aplication.MyListener - Start finding element by ------>By.id: engine
19:24:42  INFO  aplication.MyListener - The element -->By.id: enginewas found
19:24:42  INFO  aplication.MyListener - Start finding element by ------>By.id: fuel
19:24:42  INFO  aplication.MyListener - The element -->By.id: fuelwas found
19:24:42  INFO  aplication.MyListener - Start finding element by ------>By.xpath: .//option[@value = "Petrol"]
19:24:42  INFO  aplication.MyListener - The element -->By.xpath: .//option[@value = "Petrol"]was found
19:24:43  INFO  aplication.MyListener - Start finding element by ------>By.id: gear
19:24:43  INFO  aplication.MyListener - The element -->By.id: gearwas found
19:24:43  INFO  aplication.MyListener - Start finding element by ------>By.xpath: .//option[@value = "MT"]
19:24:43  INFO  aplication.MyListener - The element -->By.xpath: .//option[@value = "MT"]was found
19:24:43  INFO  aplication.MyListener - Start finding element by ------>By.id: wheelsDrive
19:24:43  INFO  aplication.MyListener - The element -->By.id: wheelsDrivewas found
19:24:43  INFO  aplication.MyListener - Start finding element by ------>By.xpath: .//option[@value = "AWD"]
19:24:43  INFO  aplication.MyListener - The element -->By.xpath: .//option[@value = "AWD"]was found
19:24:43  INFO  aplication.MyListener - Start finding element by ------>By.id: doors
19:24:43  INFO  aplication.MyListener - The element -->By.id: doorswas found
19:24:43  INFO  aplication.MyListener - Start finding element by ------>By.id: seats
19:24:43  INFO  aplication.MyListener - The element -->By.id: seatswas found
19:24:43  INFO  aplication.MyListener - Start finding element by ------>By.id: class
19:24:43  INFO  aplication.MyListener - The element -->By.id: classwas found
19:24:43  INFO  aplication.MyListener - Start finding element by ------>By.id: fuelConsumption
19:24:43  INFO  aplication.MyListener - The element -->By.id: fuelConsumptionwas found
19:24:43  INFO  aplication.MyListener - Start finding element by ------>By.id: serialNumber
19:24:43  INFO  aplication.MyListener - The element -->By.id: serialNumberwas found
19:24:44  INFO  aplication.MyListener - Start finding element by ------>By.id: price
19:24:44  INFO  aplication.MyListener - The element -->By.id: pricewas found
19:24:44  INFO  aplication.MyListener - Start finding element by ------>By.id: distance
19:24:44  INFO  aplication.MyListener - The element -->By.id: distancewas found
19:24:44  INFO  aplication.MyListener - Start finding element by ------>By.cssSelector: .feature-input
19:24:44  INFO  aplication.MyListener - The element -->By.cssSelector: .feature-inputwas found
19:24:44  INFO  aplication.MyListener - Start finding element by ------>By.id: about
19:24:44  INFO  aplication.MyListener - The element -->By.id: aboutwas found
19:24:44  INFO  aplication.MyListener - Start finding element by ------>By.id: photos
19:24:44  INFO  aplication.MyListener - The element -->By.id: photoswas found
19:24:49  INFO  aplication.MyListener - Start finding element by ------>By.xpath: //button[text()='Submit']
19:24:49  INFO  aplication.MyListener - The element -->By.xpath: //button[text()='Submit']was found
19:24:49  INFO  aplication.MyListener - Start finding element by ------>By.xpath: //button[text()='Submit']
19:24:49  INFO  aplication.MyListener - The element -->By.xpath: //button[text()='Submit']was found
19:24:50  INFO  aplication.MyListener - Start finding element by ------>By.xpath: //button[text()='Search cars']
19:25:00  INFO  aplication.MyListener - We heave throwable -->no such element: Unable to locate element: {"method":"xpath","selector":"//button[text()='Search cars']"}
  (Session info: chrome=94.0.4606.81)
For documentation on this error, please visit: https://www.seleniumhq.org/exceptions/no_such_element.html
Build info: version: '3.141.59', revision: 'e82be7d358', time: '2018-11-14T08:17:03'
System info: host: 'DESKTOP-3UOK3PE', ip: '10.109.96.41', os.name: 'Windows 10', os.arch: 'amd64', os.version: '10.0', java.version: '1.8.0_301'
Driver info: org.openqa.selenium.chrome.ChromeDriver
Capabilities {acceptInsecureCerts: false, browserName: chrome, browserVersion: 94.0.4606.81, chrome: {chromedriverVersion: 94.0.4606.41 (333e85df3c9b6..., userDataDir: C:\Users\Owner\AppData\Loca...}, goog:chromeOptions: {debuggerAddress: localhost:57190}, javascriptEnabled: true, networkConnectionEnabled: false, pageLoadStrategy: normal, platform: WINDOWS, platformName: WINDOWS, proxy: Proxy(), setWindowRect: true, strictFileInteractability: false, timeouts: {implicit: 0, pageLoad: 300000, script: 30000}, unhandledPromptBehavior: dismiss and notify, webauthn:extension:credBlob: true, webauthn:extension:largeBlob: true, webauthn:virtualAuthenticators: true}
Session ID: 89d475c425f030ef060d4131abce0abc
*** Element info: {Using=xpath, value=//button[text()='Search cars']}
