17:53:07  INFO  aplication.MyListener - Start finding element by ------>By.xpath: //a[text()=' Logout ']
17:53:17  INFO  aplication.MyListener - The element -->By.xpath: //a[text()=' Logout ']was found
17:53:17  INFO  aplication.MyListener - Start finding element by ------>By.xpath: //*[@href='/registration?url=%2Fsearch']
17:53:18  INFO  aplication.MyListener - The element -->By.xpath: //*[@href='/registration?url=%2Fsearch']was found
17:53:18  INFO  aplication.MyListener - Start finding element by ------>By.id: name
17:53:18  INFO  aplication.MyListener - The element -->By.id: namewas found
17:53:18  INFO  aplication.MyListener - Start finding element by ------>By.id: lastName
17:53:18  INFO  aplication.MyListener - The element -->By.id: lastNamewas found
17:53:18  INFO  aplication.MyListener - Start finding element by ------>By.id: email
17:53:18  INFO  aplication.MyListener - The element -->By.id: emailwas found
17:53:18  INFO  aplication.MyListener - Start finding element by ------>By.id: password
17:53:18  INFO  aplication.MyListener - The element -->By.id: passwordwas found
17:53:19  INFO  aplication.MyListener - Start finding element by ------>By.xpath: //label[@for = 'terms-of-use']
17:53:19  INFO  aplication.MyListener - The element -->By.xpath: //label[@for = 'terms-of-use']was found
17:53:19  INFO  aplication.MyListener - Start finding element by ------>By.xpath: //button[@type='submit']
17:53:19  INFO  aplication.MyListener - The element -->By.xpath: //button[@type='submit']was found
17:53:19  INFO  aplication.MyListener - Start finding element by ------>By.xpath: //a[text()=' Log in ']
17:53:19  INFO  aplication.MyListener - The element -->By.xpath: //a[text()=' Log in ']was found
17:53:19  INFO  aplication.MyListener - Start finding element by ------>By.id: email
17:53:19  INFO  aplication.MyListener - The element -->By.id: emailwas found
17:53:19  INFO  aplication.MyListener - Start finding element by ------>By.id: password
17:53:19  INFO  aplication.MyListener - The element -->By.id: passwordwas found
17:53:19  INFO  aplication.MyListener - Start finding element by ------>By.xpath: //button[@type='submit']
17:53:19  INFO  aplication.MyListener - The element -->By.xpath: //button[@type='submit']was found
17:53:19  INFO  aplication.MyListener - Start finding element by ------>By.cssSelector: .dialog-container h2
17:53:20  INFO  aplication.MyListener - The element -->By.cssSelector: .dialog-container h2was found
17:53:20  INFO  aplication.MyListener - Start finding element by ------>By.xpath: //button[text()='Ok']
17:53:20  INFO  aplication.MyListener - The element -->By.xpath: //button[text()='Ok']was found
17:53:20  INFO  aplication.MyListener - Start finding element by ------>By.xpath: //button[.='Ok']
17:53:20  INFO  aplication.MyListener - The element -->By.xpath: //button[.='Ok']was found
17:53:20  INFO  aplication.MyListener - Start finding element by ------>By.xpath: //button[text()='Ok']
17:53:20  INFO  aplication.MyListener - The element -->By.xpath: //button[text()='Ok']was found
17:53:23  INFO  aplication.MyListener - Start finding element by ------>By.xpath: //a[text()=' Logout ']
17:53:23  INFO  aplication.MyListener - The element -->By.xpath: //a[text()=' Logout ']was found
17:53:23  INFO  aplication.MyListener - Start finding element by ------>By.xpath: //a[text()=' Logout ']
17:53:23  INFO  aplication.MyListener - The element -->By.xpath: //a[text()=' Logout ']was found
17:53:23  INFO  aplication.MyListener - Start finding element by ------>By.xpath: //a[text()=' Log in ']
17:53:23  INFO  aplication.MyListener - The element -->By.xpath: //a[text()=' Log in ']was found
17:53:23  INFO  aplication.MyListener - Start finding element by ------>By.id: email
17:53:23  INFO  aplication.MyListener - The element -->By.id: emailwas found
17:53:24  INFO  aplication.MyListener - Start finding element by ------>By.id: password
17:53:24  INFO  aplication.MyListener - The element -->By.id: passwordwas found
17:53:24  INFO  aplication.MyListener - Start finding element by ------>By.xpath: //button[@type='submit']
17:53:24  INFO  aplication.MyListener - The element -->By.xpath: //button[@type='submit']was found
17:53:24  INFO  aplication.MyListener - Start finding element by ------>By.xpath: //a[@href='/let-car-work']
17:53:24  INFO  aplication.MyListener - The element -->By.xpath: //a[@href='/let-car-work']was found
17:53:24  INFO  aplication.MyListener - Start finding element by ------>By.id: pickUpPlace
17:53:24  INFO  aplication.MyListener - The element -->By.id: pickUpPlacewas found
17:53:25  INFO  aplication.MyListener - Start finding element by ------>By.cssSelector: div.pac-item
17:53:25  INFO  aplication.MyListener - The element -->By.cssSelector: div.pac-itemwas found
17:53:25  INFO  aplication.MyListener - Start finding element by ------>By.id: make
17:53:25  INFO  aplication.MyListener - The element -->By.id: makewas found
17:53:26  INFO  aplication.MyListener - Start finding element by ------>By.id: model
17:53:26  INFO  aplication.MyListener - The element -->By.id: modelwas found
17:53:26  INFO  aplication.MyListener - Start finding element by ------>By.id: year
17:53:26  INFO  aplication.MyListener - The element -->By.id: yearwas found
17:53:26  INFO  aplication.MyListener - Start finding element by ------>By.id: engine
17:53:26  INFO  aplication.MyListener - The element -->By.id: enginewas found
17:53:26  INFO  aplication.MyListener - Start finding element by ------>By.id: fuel
17:53:26  INFO  aplication.MyListener - The element -->By.id: fuelwas found
17:53:26  INFO  aplication.MyListener - Start finding element by ------>By.xpath: .//option[@value = "Petrol"]
17:53:26  INFO  aplication.MyListener - The element -->By.xpath: .//option[@value = "Petrol"]was found
17:53:26  INFO  aplication.MyListener - Start finding element by ------>By.id: gear
17:53:26  INFO  aplication.MyListener - The element -->By.id: gearwas found
17:53:26  INFO  aplication.MyListener - Start finding element by ------>By.xpath: .//option[@value = "MT"]
17:53:26  INFO  aplication.MyListener - The element -->By.xpath: .//option[@value = "MT"]was found
17:53:26  INFO  aplication.MyListener - Start finding element by ------>By.id: wheelsDrive
17:53:27  INFO  aplication.MyListener - The element -->By.id: wheelsDrivewas found
17:53:27  INFO  aplication.MyListener - Start finding element by ------>By.xpath: .//option[@value = "AWD"]
17:53:27  INFO  aplication.MyListener - The element -->By.xpath: .//option[@value = "AWD"]was found
17:53:27  INFO  aplication.MyListener - Start finding element by ------>By.id: doors
17:53:27  INFO  aplication.MyListener - The element -->By.id: doorswas found
17:53:27  INFO  aplication.MyListener - Start finding element by ------>By.id: seats
17:53:27  INFO  aplication.MyListener - The element -->By.id: seatswas found
17:53:27  INFO  aplication.MyListener - Start finding element by ------>By.id: class
17:53:27  INFO  aplication.MyListener - The element -->By.id: classwas found
17:53:27  INFO  aplication.MyListener - Start finding element by ------>By.id: fuelConsumption
17:53:27  INFO  aplication.MyListener - The element -->By.id: fuelConsumptionwas found
17:53:27  INFO  aplication.MyListener - Start finding element by ------>By.id: serialNumber
17:53:27  INFO  aplication.MyListener - The element -->By.id: serialNumberwas found
17:53:28  INFO  aplication.MyListener - Start finding element by ------>By.id: price
17:53:28  INFO  aplication.MyListener - The element -->By.id: pricewas found
17:53:28  INFO  aplication.MyListener - Start finding element by ------>By.id: distance
17:53:28  INFO  aplication.MyListener - The element -->By.id: distancewas found
17:53:28  INFO  aplication.MyListener - Start finding element by ------>By.cssSelector: .feature-input
17:53:28  INFO  aplication.MyListener - The element -->By.cssSelector: .feature-inputwas found
17:53:28  INFO  aplication.MyListener - Start finding element by ------>By.id: about
17:53:28  INFO  aplication.MyListener - The element -->By.id: aboutwas found
17:53:28  INFO  aplication.MyListener - Start finding element by ------>By.id: photos
17:53:28  INFO  aplication.MyListener - The element -->By.id: photoswas found
17:53:33  INFO  aplication.MyListener - Start finding element by ------>By.xpath: //button[text()='Submit']
17:53:33  INFO  aplication.MyListener - The element -->By.xpath: //button[text()='Submit']was found
17:53:34  INFO  aplication.MyListener - Start finding element by ------>By.xpath: //button[text()='Submit']
17:53:34  INFO  aplication.MyListener - The element -->By.xpath: //button[text()='Submit']was found
17:53:34  INFO  aplication.MyListener - Start finding element by ------>By.xpath: //button[text()='Search cars']
17:53:35  INFO  aplication.MyListener - The element -->By.xpath: //button[text()='Search cars']was found
17:53:35  INFO  aplication.MyListener - Start finding element by ------>By.xpath: //button[text()='Search cars']
17:53:35  INFO  aplication.MyListener - The element -->By.xpath: //button[text()='Search cars']was found
17:53:38  INFO  aplication.MyListener - Start finding element by ------>By.xpath: //a[text()=' Logout ']
17:53:38  INFO  aplication.MyListener - The element -->By.xpath: //a[text()=' Logout ']was found
17:53:38  INFO  aplication.MyListener - Start finding element by ------>By.xpath: //a[text()=' Logout ']
17:53:38  INFO  aplication.MyListener - The element -->By.xpath: //a[text()=' Logout ']was found
17:53:38  INFO  aplication.MyListener - Start finding element by ------>By.id: city
17:53:38  INFO  aplication.MyListener - The element -->By.id: citywas found
17:53:38  INFO  aplication.MyListener - Start finding element by ------>By.xpath: //div[@class='pac-container pac-logo']//div[1]
17:53:39  INFO  aplication.MyListener - The element -->By.xpath: //div[@class='pac-container pac-logo']//div[1]was found
17:53:39  INFO  aplication.MyListener - Start finding element by ------>By.id: dates
17:53:39  INFO  aplication.MyListener - The element -->By.id: dateswas found
17:53:39  INFO  aplication.MyListener - Start finding element by ------>By.cssSelector: button[aria-label='Choose month and year']
17:53:39  INFO  aplication.MyListener - The element -->By.cssSelector: button[aria-label='Choose month and year']was found
17:53:39  INFO  aplication.MyListener - Start finding element by ------>By.xpath: //div[text()=' 2021 ']
17:53:39  INFO  aplication.MyListener - The element -->By.xpath: //div[text()=' 2021 ']was found
17:53:39  INFO  aplication.MyListener - Start finding element by ------>By.xpath: //div[text()=' DEC ']
17:53:39  INFO  aplication.MyListener - The element -->By.xpath: //div[text()=' DEC ']was found
17:53:39  INFO  aplication.MyListener - Start finding element by ------>By.xpath: //div[text()=' 12 ']
17:53:39  INFO  aplication.MyListener - The element -->By.xpath: //div[text()=' 12 ']was found
17:53:39  INFO  aplication.MyListener - Start finding element by ------>By.xpath: //div[text()=' 15 ']
17:53:39  INFO  aplication.MyListener - The element -->By.xpath: //div[text()=' 15 ']was found
17:53:40  INFO  aplication.MyListener - Start finding element by ------>By.cssSelector: button[type='submit']
17:53:40  INFO  aplication.MyListener - The element -->By.cssSelector: button[type='submit']was found
17:53:40  INFO  aplication.MyListener - Start finding element by ------>By.cssSelector: button[type='submit']
17:53:40  INFO  aplication.MyListener - The element -->By.cssSelector: button[type='submit']was found
17:53:40  INFO  aplication.MyListener - Start finding element by ------>By.xpath: //div[@class='header']//a[@class='logo']
17:53:40  INFO  aplication.MyListener - The element -->By.xpath: //div[@class='header']//a[@class='logo']was found
