15:02:42  INFO  aplication.MyListener - Start finding element by ------>By.xpath: //a[text()=' Log in ']
15:02:42  INFO  aplication.MyListener - The element -->By.xpath: //a[text()=' Log in ']was found
15:02:43  INFO  aplication.MyListener - Start finding element by ------>By.id: email
15:02:43  INFO  aplication.MyListener - The element -->By.id: emailwas found
15:02:43  INFO  aplication.MyListener - Start finding element by ------>By.id: password
15:02:43  INFO  aplication.MyListener - The element -->By.id: passwordwas found
15:02:43  INFO  aplication.MyListener - Start finding element by ------>By.xpath: //button[@type='submit']
15:02:43  INFO  aplication.MyListener - The element -->By.xpath: //button[@type='submit']was found
15:02:43  INFO  aplication.MyListener - Start finding element by ------>By.xpath: //a[@href='/let-car-work']
15:02:43  INFO  aplication.MyListener - The element -->By.xpath: //a[@href='/let-car-work']was found
15:02:43  INFO  aplication.MyListener - Start finding element by ------>By.id: pickUpPlace
15:02:44  INFO  aplication.MyListener - The element -->By.id: pickUpPlacewas found
15:02:44  INFO  aplication.MyListener - Start finding element by ------>By.cssSelector: div.pac-item
15:02:44  INFO  aplication.MyListener - The element -->By.cssSelector: div.pac-itemwas found
15:02:45  INFO  aplication.MyListener - Start finding element by ------>By.id: make
15:02:45  INFO  aplication.MyListener - The element -->By.id: makewas found
15:02:45  INFO  aplication.MyListener - Start finding element by ------>By.id: model
15:02:45  INFO  aplication.MyListener - The element -->By.id: modelwas found
15:02:45  INFO  aplication.MyListener - Start finding element by ------>By.id: year
15:02:45  INFO  aplication.MyListener - The element -->By.id: yearwas found
15:02:46  INFO  aplication.MyListener - Start finding element by ------>By.id: engine
15:02:46  INFO  aplication.MyListener - The element -->By.id: enginewas found
15:02:46  INFO  aplication.MyListener - Start finding element by ------>By.id: fuel
15:02:46  INFO  aplication.MyListener - The element -->By.id: fuelwas found
15:02:46  INFO  aplication.MyListener - Start finding element by ------>By.xpath: .//option[@value = "Petrol"]
15:02:46  INFO  aplication.MyListener - The element -->By.xpath: .//option[@value = "Petrol"]was found
15:02:46  INFO  aplication.MyListener - Start finding element by ------>By.id: gear
15:02:46  INFO  aplication.MyListener - The element -->By.id: gearwas found
15:02:46  INFO  aplication.MyListener - Start finding element by ------>By.xpath: .//option[@value = "MT"]
15:02:46  INFO  aplication.MyListener - The element -->By.xpath: .//option[@value = "MT"]was found
15:02:46  INFO  aplication.MyListener - Start finding element by ------>By.id: wheelsDrive
15:02:46  INFO  aplication.MyListener - The element -->By.id: wheelsDrivewas found
15:02:46  INFO  aplication.MyListener - Start finding element by ------>By.xpath: .//option[@value = "AWD"]
15:02:46  INFO  aplication.MyListener - The element -->By.xpath: .//option[@value = "AWD"]was found
15:02:46  INFO  aplication.MyListener - Start finding element by ------>By.id: doors
15:02:46  INFO  aplication.MyListener - The element -->By.id: doorswas found
15:02:46  INFO  aplication.MyListener - Start finding element by ------>By.id: seats
15:02:46  INFO  aplication.MyListener - The element -->By.id: seatswas found
15:02:47  INFO  aplication.MyListener - Start finding element by ------>By.id: class
15:02:47  INFO  aplication.MyListener - The element -->By.id: classwas found
15:02:47  INFO  aplication.MyListener - Start finding element by ------>By.id: fuelConsumption
15:02:47  INFO  aplication.MyListener - The element -->By.id: fuelConsumptionwas found
15:02:47  INFO  aplication.MyListener - Start finding element by ------>By.id: serialNumber
15:02:47  INFO  aplication.MyListener - The element -->By.id: serialNumberwas found
15:02:48  INFO  aplication.MyListener - Start finding element by ------>By.id: price
15:02:48  INFO  aplication.MyListener - The element -->By.id: pricewas found
15:02:48  INFO  aplication.MyListener - Start finding element by ------>By.id: distance
15:02:48  INFO  aplication.MyListener - The element -->By.id: distancewas found
15:02:50  INFO  aplication.MyListener - Start finding element by ------>By.cssSelector: .feature-input
15:02:51  INFO  aplication.MyListener - The element -->By.cssSelector: .feature-inputwas found
15:02:51  INFO  aplication.MyListener - Start finding element by ------>By.id: about
15:02:51  INFO  aplication.MyListener - The element -->By.id: aboutwas found
15:02:51  INFO  aplication.MyListener - Start finding element by ------>By.id: photos
15:02:51  INFO  aplication.MyListener - The element -->By.id: photoswas found
15:02:57  INFO  aplication.MyListener - Start finding element by ------>By.xpath: //button[text()='Submit']
15:02:57  INFO  aplication.MyListener - The element -->By.xpath: //button[text()='Submit']was found
15:02:57  INFO  aplication.MyListener - Start finding element by ------>By.xpath: //button[text()='Submit']
15:02:57  INFO  aplication.MyListener - The element -->By.xpath: //button[text()='Submit']was found
15:02:57  INFO  aplication.MyListener - Start finding element by ------>By.xpath: //button[text()='Search cars']
15:02:58  INFO  aplication.MyListener - The element -->By.xpath: //button[text()='Search cars']was found
15:02:58  INFO  aplication.MyListener - Start finding element by ------>By.xpath: //button[text()='Search cars']
15:02:58  INFO  aplication.MyListener - The element -->By.xpath: //button[text()='Search cars']was found
15:02:58  INFO  aplication.MyListener - Start finding element by ------>By.xpath: //a[text()=' Logout ']
15:02:58  INFO  aplication.MyListener - The element -->By.xpath: //a[text()=' Logout ']was found
15:02:58  INFO  aplication.MyListener - Start finding element by ------>By.xpath: //a[text()=' Logout ']
15:02:59  INFO  aplication.MyListener - The element -->By.xpath: //a[text()=' Logout ']was found
15:02:59  INFO  aplication.MyListener - Start finding element by ------>By.id: city
15:02:59  INFO  aplication.MyListener - The element -->By.id: citywas found
15:02:59  INFO  aplication.MyListener - Start finding element by ------>By.xpath: //div[@class='pac-container pac-logo']//div[1]
15:02:59  INFO  aplication.MyListener - The element -->By.xpath: //div[@class='pac-container pac-logo']//div[1]was found
15:02:59  INFO  aplication.MyListener - Start finding element by ------>By.id: dates
15:02:59  INFO  aplication.MyListener - The element -->By.id: dateswas found
15:02:59  INFO  aplication.MyListener - Start finding element by ------>By.cssSelector: button[aria-label='Choose month and year']
15:02:59  INFO  aplication.MyListener - The element -->By.cssSelector: button[aria-label='Choose month and year']was found
15:03:00  INFO  aplication.MyListener - Start finding element by ------>By.xpath: //div[text()=' 2021 ']
15:03:00  INFO  aplication.MyListener - The element -->By.xpath: //div[text()=' 2021 ']was found
15:03:00  INFO  aplication.MyListener - Start finding element by ------>By.xpath: //div[text()=' OCT ']
15:03:00  INFO  aplication.MyListener - The element -->By.xpath: //div[text()=' OCT ']was found
15:03:00  INFO  aplication.MyListener - Start finding element by ------>By.xpath: //div[text()=' 12 ']
15:03:00  INFO  aplication.MyListener - The element -->By.xpath: //div[text()=' 12 ']was found
15:03:00  INFO  aplication.MyListener - Start finding element by ------>By.xpath: //div[text()=' 15 ']
15:03:00  INFO  aplication.MyListener - The element -->By.xpath: //div[text()=' 15 ']was found
15:03:00  INFO  aplication.MyListener - Start finding element by ------>By.cssSelector: .cdk-overlay-container
15:03:00  INFO  aplication.MyListener - The element -->By.cssSelector: .cdk-overlay-containerwas found
15:03:00  INFO  aplication.MyListener - Start finding element by ------>By.cssSelector: button[type='submit']
15:03:00  INFO  aplication.MyListener - The element -->By.cssSelector: button[type='submit']was found
15:03:00  INFO  aplication.MyListener - Start finding element by ------>By.id: city
15:03:00  INFO  aplication.MyListener - The element -->By.id: citywas found
15:03:00  INFO  aplication.MyListener - Start finding element by ------>By.xpath: //div[@class='pac-container pac-logo']//div[1]
15:03:01  INFO  aplication.MyListener - The element -->By.xpath: //div[@class='pac-container pac-logo']//div[1]was found
15:03:01  INFO  aplication.MyListener - Start finding element by ------>By.id: dates
15:03:01  INFO  aplication.MyListener - The element -->By.id: dateswas found
15:03:01  INFO  aplication.MyListener - Start finding element by ------>By.cssSelector: button[aria-label='Next month']
15:03:01  INFO  aplication.MyListener - The element -->By.cssSelector: button[aria-label='Next month']was found
15:03:01  INFO  aplication.MyListener - Start finding element by ------>By.xpath: //div[text()=' 2 ']
15:03:01  INFO  aplication.MyListener - The element -->By.xpath: //div[text()=' 2 ']was found
15:03:01  INFO  aplication.MyListener - Start finding element by ------>By.cssSelector: button[aria-label='Next month']
15:03:01  INFO  aplication.MyListener - The element -->By.cssSelector: button[aria-label='Next month']was found
15:03:01  INFO  aplication.MyListener - Start finding element by ------>By.xpath: //div[text()=' 3 ']
15:03:01  INFO  aplication.MyListener - The element -->By.xpath: //div[text()=' 3 ']was found
15:03:01  INFO  aplication.MyListener - Start finding element by ------>By.cssSelector: button[type='submit']
15:03:01  INFO  aplication.MyListener - The element -->By.cssSelector: button[type='submit']was found
15:03:01  INFO  aplication.MyListener - Start finding element by ------>By.xpath: //div[@class='header']//a[@class='logo']
15:03:01  INFO  aplication.MyListener - The element -->By.xpath: //div[@class='header']//a[@class='logo']was found
15:03:02  INFO  aplication.MyListener - Start finding element by ------>By.id: city
15:03:02  INFO  aplication.MyListener - The element -->By.id: citywas found
15:03:03  INFO  aplication.MyListener - Start finding element by ------>By.xpath: //div[@class='pac-container pac-logo']//div[1]
15:03:03  INFO  aplication.MyListener - The element -->By.xpath: //div[@class='pac-container pac-logo']//div[1]was found
15:03:06  INFO  aplication.MyListener - Start finding element by ------>By.id: dates
15:03:06  INFO  aplication.MyListener - The element -->By.id: dateswas found
15:03:06  INFO  aplication.MyListener - Start finding element by ------>By.cssSelector: .cdk-overlay-container
15:03:06  INFO  aplication.MyListener - The element -->By.cssSelector: .cdk-overlay-containerwas found
15:03:06  INFO  aplication.MyListener - Start finding element by ------>By.xpath: //div[@class='ng-star-inserted']
15:03:06  INFO  aplication.MyListener - The element -->By.xpath: //div[@class='ng-star-inserted']was found
15:03:06  INFO  aplication.MyListener - Start finding element by ------>By.xpath: //a[text()=' Logout ']
15:03:16  INFO  aplication.MyListener - The element -->By.xpath: //a[text()=' Logout ']was found
15:03:16  INFO  aplication.MyListener - Start finding element by ------>By.xpath: //a[text()=' Log in ']
15:03:17  INFO  aplication.MyListener - The element -->By.xpath: //a[text()=' Log in ']was found
15:03:17  INFO  aplication.MyListener - Start finding element by ------>By.id: email
15:03:17  INFO  aplication.MyListener - The element -->By.id: emailwas found
15:03:17  INFO  aplication.MyListener - Start finding element by ------>By.id: password
15:03:17  INFO  aplication.MyListener - The element -->By.id: passwordwas found
15:03:17  INFO  aplication.MyListener - Start finding element by ------>By.xpath: //button[@type='submit']
15:03:17  INFO  aplication.MyListener - The element -->By.xpath: //button[@type='submit']was found
15:03:17  INFO  aplication.MyListener - Start finding element by ------>By.xpath: //button[.='Ok']
15:03:18  INFO  aplication.MyListener - The element -->By.xpath: //button[.='Ok']was found
15:03:18  INFO  aplication.MyListener - Start finding element by ------>By.xpath: //button[text()='Ok']
15:03:18  INFO  aplication.MyListener - The element -->By.xpath: //button[text()='Ok']was found
15:03:18  INFO  aplication.MyListener - Start finding element by ------>By.xpath: //a[text()=' Logout ']
15:03:18  INFO  aplication.MyListener - The element -->By.xpath: //a[text()=' Logout ']was found
15:03:18  INFO  aplication.MyListener - Start finding element by ------>By.xpath: //a[text()=' Logout ']
15:03:18  INFO  aplication.MyListener - The element -->By.xpath: //a[text()=' Logout ']was found
15:03:18  INFO  aplication.MyListener - Start finding element by ------>By.xpath: //a[text()=' Log in ']
15:03:18  INFO  aplication.MyListener - The element -->By.xpath: //a[text()=' Log in ']was found
15:03:18  INFO  aplication.MyListener - Start finding element by ------>By.id: email
15:03:18  INFO  aplication.MyListener - The element -->By.id: emailwas found
15:03:18  INFO  aplication.MyListener - Start finding element by ------>By.id: password
15:03:18  INFO  aplication.MyListener - The element -->By.id: passwordwas found
15:03:18  INFO  aplication.MyListener - Start finding element by ------>By.xpath: //button[@type='submit']
15:03:18  INFO  aplication.MyListener - The element -->By.xpath: //button[@type='submit']was found
15:03:18  INFO  aplication.MyListener - Start finding element by ------>By.cssSelector: .dialog-container h2
15:03:19  INFO  aplication.MyListener - The element -->By.cssSelector: .dialog-container h2was found
15:03:19  INFO  aplication.MyListener - Start finding element by ------>By.xpath: //button[text()='Ok']
15:03:19  INFO  aplication.MyListener - The element -->By.xpath: //button[text()='Ok']was found
15:03:19  INFO  aplication.MyListener - Start finding element by ------>By.xpath: //button[.='Ok']
15:03:19  INFO  aplication.MyListener - The element -->By.xpath: //button[.='Ok']was found
15:03:19  INFO  aplication.MyListener - Start finding element by ------>By.xpath: //button[text()='Ok']
15:03:19  INFO  aplication.MyListener - The element -->By.xpath: //button[text()='Ok']was found
15:03:19  INFO  aplication.MyListener - Start finding element by ------>By.xpath: //a[text()=' Logout ']
15:03:29  INFO  aplication.MyListener - The element -->By.xpath: //a[text()=' Logout ']was found
15:03:29  INFO  aplication.MyListener - Start finding element by ------>By.xpath: //*[@href='/registration?url=%2Fsearch']
15:03:29  INFO  aplication.MyListener - The element -->By.xpath: //*[@href='/registration?url=%2Fsearch']was found
15:03:29  INFO  aplication.MyListener - Start finding element by ------>By.id: name
15:03:29  INFO  aplication.MyListener - The element -->By.id: namewas found
15:03:29  INFO  aplication.MyListener - Start finding element by ------>By.id: lastName
15:03:29  INFO  aplication.MyListener - The element -->By.id: lastNamewas found
15:03:29  INFO  aplication.MyListener - Start finding element by ------>By.id: email
15:03:29  INFO  aplication.MyListener - The element -->By.id: emailwas found
15:03:29  INFO  aplication.MyListener - Start finding element by ------>By.id: password
15:03:29  INFO  aplication.MyListener - The element -->By.id: passwordwas found
15:03:30  INFO  aplication.MyListener - Start finding element by ------>By.xpath: //label[@for='terms-of-use']
15:03:30  INFO  aplication.MyListener - The element -->By.xpath: //label[@for='terms-of-use']was found
15:03:30  INFO  aplication.MyListener - Start finding element by ------>By.xpath: //button[@type='submit']
15:03:30  INFO  aplication.MyListener - The element -->By.xpath: //button[@type='submit']was found
15:03:30  INFO  aplication.MyListener - Start finding element by ------>By.xpath: //button[text()='Ok']
15:03:30  INFO  aplication.MyListener - The element -->By.xpath: //button[text()='Ok']was found
15:03:30  INFO  aplication.MyListener - Start finding element by ------>By.xpath: //button[text()='Ok']
15:03:30  INFO  aplication.MyListener - The element -->By.xpath: //button[text()='Ok']was found
15:03:30  INFO  aplication.MyListener - Start finding element by ------>By.xpath: //a[text()=' Logout ']
15:03:30  INFO  aplication.MyListener - The element -->By.xpath: //a[text()=' Logout ']was found
15:03:30  INFO  aplication.MyListener - Start finding element by ------>By.xpath: //a[text()=' Logout ']
15:03:30  INFO  aplication.MyListener - The element -->By.xpath: //a[text()=' Logout ']was found
15:03:30  INFO  aplication.MyListener - Start finding element by ------>By.xpath: //*[@href='/registration?url=%2Fsearch']
15:03:31  INFO  aplication.MyListener - The element -->By.xpath: //*[@href='/registration?url=%2Fsearch']was found
15:03:31  INFO  aplication.MyListener - Start finding element by ------>By.id: name
15:03:31  INFO  aplication.MyListener - The element -->By.id: namewas found
15:03:31  INFO  aplication.MyListener - Start finding element by ------>By.id: lastName
15:03:31  INFO  aplication.MyListener - The element -->By.id: lastNamewas found
15:03:31  INFO  aplication.MyListener - Start finding element by ------>By.id: email
15:03:31  INFO  aplication.MyListener - The element -->By.id: emailwas found
15:03:31  INFO  aplication.MyListener - Start finding element by ------>By.id: password
15:03:31  INFO  aplication.MyListener - The element -->By.id: passwordwas found
15:03:31  INFO  aplication.MyListener - Start finding element by ------>By.xpath: //label[@for = 'terms-of-use']
15:03:31  INFO  aplication.MyListener - The element -->By.xpath: //label[@for = 'terms-of-use']was found
15:03:31  INFO  aplication.MyListener - Start finding element by ------>By.xpath: //button[@type='submit']
15:03:31  INFO  aplication.MyListener - The element -->By.xpath: //button[@type='submit']was found
15:03:31  INFO  aplication.MyListener - Start finding element by ------>By.xpath: //button[text()='Ok']
15:03:32  INFO  aplication.MyListener - The element -->By.xpath: //button[text()='Ok']was found
15:03:32  INFO  aplication.MyListener - Start finding element by ------>By.xpath: //button[text()='Ok']
15:03:32  INFO  aplication.MyListener - The element -->By.xpath: //button[text()='Ok']was found
15:03:32  INFO  aplication.MyListener - Start finding element by ------>By.xpath: //a[text()=' Logout ']
15:03:32  INFO  aplication.MyListener - The element -->By.xpath: //a[text()=' Logout ']was found
15:03:32  INFO  aplication.MyListener - Start finding element by ------>By.xpath: //a[text()=' Logout ']
15:03:32  INFO  aplication.MyListener - The element -->By.xpath: //a[text()=' Logout ']was found
15:03:32  INFO  aplication.MyListener - Start finding element by ------>By.xpath: //*[@href='/registration?url=%2Fsearch']
15:03:32  INFO  aplication.MyListener - The element -->By.xpath: //*[@href='/registration?url=%2Fsearch']was found
15:03:32  INFO  aplication.MyListener - Start finding element by ------>By.id: name
15:03:32  INFO  aplication.MyListener - The element -->By.id: namewas found
15:03:32  INFO  aplication.MyListener - Start finding element by ------>By.id: lastName
15:03:32  INFO  aplication.MyListener - The element -->By.id: lastNamewas found
15:03:32  INFO  aplication.MyListener - Start finding element by ------>By.id: email
15:03:32  INFO  aplication.MyListener - The element -->By.id: emailwas found
15:03:33  INFO  aplication.MyListener - Start finding element by ------>By.id: password
15:03:33  INFO  aplication.MyListener - The element -->By.id: passwordwas found
15:03:33  INFO  aplication.MyListener - Start finding element by ------>By.xpath: //label[@for = 'terms-of-use']
15:03:33  INFO  aplication.MyListener - The element -->By.xpath: //label[@for = 'terms-of-use']was found
15:03:33  INFO  aplication.MyListener - Start finding element by ------>By.xpath: //button[@type='submit']
15:03:33  INFO  aplication.MyListener - The element -->By.xpath: //button[@type='submit']was found
15:03:33  INFO  aplication.MyListener - Start finding element by ------>By.xpath: //button[text()='Ok']
15:03:33  INFO  aplication.MyListener - The element -->By.xpath: //button[text()='Ok']was found
15:03:33  INFO  aplication.MyListener - Start finding element by ------>By.xpath: //button[text()='Ok']
15:03:33  INFO  aplication.MyListener - The element -->By.xpath: //button[text()='Ok']was found
15:03:33  INFO  aplication.MyListener - Start finding element by ------>By.xpath: //a[text()=' Logout ']
15:03:33  INFO  aplication.MyListener - The element -->By.xpath: //a[text()=' Logout ']was found
15:03:33  INFO  aplication.MyListener - Start finding element by ------>By.xpath: //a[text()=' Logout ']
15:03:33  INFO  aplication.MyListener - The element -->By.xpath: //a[text()=' Logout ']was found
15:03:33  INFO  aplication.MyListener - Start finding element by ------>By.xpath: //*[@href='/registration?url=%2Fsearch']
15:03:33  INFO  aplication.MyListener - The element -->By.xpath: //*[@href='/registration?url=%2Fsearch']was found
15:03:34  INFO  aplication.MyListener - Start finding element by ------>By.id: name
15:03:34  INFO  aplication.MyListener - The element -->By.id: namewas found
15:03:34  INFO  aplication.MyListener - Start finding element by ------>By.id: lastName
15:03:34  INFO  aplication.MyListener - The element -->By.id: lastNamewas found
15:03:34  INFO  aplication.MyListener - Start finding element by ------>By.id: email
15:03:34  INFO  aplication.MyListener - The element -->By.id: emailwas found
15:03:34  INFO  aplication.MyListener - Start finding element by ------>By.id: password
15:03:34  INFO  aplication.MyListener - The element -->By.id: passwordwas found
15:03:34  INFO  aplication.MyListener - Start finding element by ------>By.xpath: //label[@for = 'terms-of-use']
15:03:34  INFO  aplication.MyListener - The element -->By.xpath: //label[@for = 'terms-of-use']was found
15:03:34  INFO  aplication.MyListener - Start finding element by ------>By.xpath: //button[@type='submit']
15:03:34  INFO  aplication.MyListener - The element -->By.xpath: //button[@type='submit']was found
15:03:34  INFO  aplication.MyListener - Start finding element by ------>By.xpath: //button[text()='Ok']
15:03:35  INFO  aplication.MyListener - The element -->By.xpath: //button[text()='Ok']was found
15:03:35  INFO  aplication.MyListener - Start finding element by ------>By.xpath: //button[text()='Ok']
15:03:35  INFO  aplication.MyListener - The element -->By.xpath: //button[text()='Ok']was found
