19:28:46  INFO  aplication.MyListener - Start finding element by ------>By.xpath: //a[text()=' Logout ']
19:28:56  INFO  aplication.MyListener - The element -->By.xpath: //a[text()=' Logout ']was found
19:28:56  INFO  aplication.MyListener - Start finding element by ------>By.xpath: //*[@href='/registration?url=%2Fsearch']
19:28:56  INFO  aplication.MyListener - The element -->By.xpath: //*[@href='/registration?url=%2Fsearch']was found
19:28:57  INFO  aplication.MyListener - Start finding element by ------>By.id: name
19:28:57  INFO  aplication.MyListener - The element -->By.id: namewas found
19:28:57  INFO  aplication.MyListener - Start finding element by ------>By.id: lastName
19:28:57  INFO  aplication.MyListener - The element -->By.id: lastNamewas found
19:28:57  INFO  aplication.MyListener - Start finding element by ------>By.id: email
19:28:57  INFO  aplication.MyListener - The element -->By.id: emailwas found
19:28:57  INFO  aplication.MyListener - Start finding element by ------>By.id: password
19:28:57  INFO  aplication.MyListener - The element -->By.id: passwordwas found
19:28:57  INFO  aplication.MyListener - Start finding element by ------>By.xpath: //label[@for = 'terms-of-use']
19:28:57  INFO  aplication.MyListener - The element -->By.xpath: //label[@for = 'terms-of-use']was found
19:28:57  INFO  aplication.MyListener - Start finding element by ------>By.xpath: //button[@type='submit']
19:28:57  INFO  aplication.MyListener - The element -->By.xpath: //button[@type='submit']was found
19:28:57  INFO  aplication.MyListener - Start finding element by ------>By.xpath: //button[text()='Ok']
19:28:58  INFO  aplication.MyListener - The element -->By.xpath: //button[text()='Ok']was found
19:28:58  INFO  aplication.MyListener - Start finding element by ------>By.xpath: //button[text()='Ok']
19:28:58  INFO  aplication.MyListener - The element -->By.xpath: //button[text()='Ok']was found
19:28:58  INFO  aplication.MyListener - Start finding element by ------>By.xpath: //a[text()=' Logout ']
19:28:58  INFO  aplication.MyListener - The element -->By.xpath: //a[text()=' Logout ']was found
19:28:58  INFO  aplication.MyListener - Start finding element by ------>By.xpath: //a[text()=' Logout ']
19:28:58  INFO  aplication.MyListener - The element -->By.xpath: //a[text()=' Logout ']was found
19:28:58  INFO  aplication.MyListener - Start finding element by ------>By.xpath: //a[text()=' Logout ']
19:29:08  INFO  aplication.MyListener - The element -->By.xpath: //a[text()=' Logout ']was found
19:29:08  INFO  aplication.MyListener - Start finding element by ------>By.xpath: //*[@href='/registration?url=%2Fsearch']
19:29:08  INFO  aplication.MyListener - The element -->By.xpath: //*[@href='/registration?url=%2Fsearch']was found
19:29:08  INFO  aplication.MyListener - Start finding element by ------>By.id: name
19:29:08  INFO  aplication.MyListener - The element -->By.id: namewas found
19:29:08  INFO  aplication.MyListener - Start finding element by ------>By.id: lastName
19:29:08  INFO  aplication.MyListener - The element -->By.id: lastNamewas found
19:29:09  INFO  aplication.MyListener - Start finding element by ------>By.id: email
19:29:09  INFO  aplication.MyListener - The element -->By.id: emailwas found
19:29:09  INFO  aplication.MyListener - Start finding element by ------>By.id: password
19:29:09  INFO  aplication.MyListener - The element -->By.id: passwordwas found
19:29:09  INFO  aplication.MyListener - Start finding element by ------>By.xpath: //label[@for = 'terms-of-use']
19:29:09  INFO  aplication.MyListener - The element -->By.xpath: //label[@for = 'terms-of-use']was found
19:29:09  INFO  aplication.MyListener - Start finding element by ------>By.xpath: //button[@type='submit']
19:29:09  INFO  aplication.MyListener - The element -->By.xpath: //button[@type='submit']was found
19:29:09  INFO  aplication.MyListener - Start finding element by ------>By.xpath: //button[text()='Ok']
19:29:09  INFO  aplication.MyListener - The element -->By.xpath: //button[text()='Ok']was found
19:29:09  INFO  aplication.MyListener - Start finding element by ------>By.xpath: //button[text()='Ok']
19:29:09  INFO  aplication.MyListener - The element -->By.xpath: //button[text()='Ok']was found
19:29:09  INFO  aplication.MyListener - Start finding element by ------>By.xpath: //a[text()=' Logout ']
19:29:09  INFO  aplication.MyListener - The element -->By.xpath: //a[text()=' Logout ']was found
19:29:09  INFO  aplication.MyListener - Start finding element by ------>By.xpath: //a[text()=' Logout ']
19:29:09  INFO  aplication.MyListener - The element -->By.xpath: //a[text()=' Logout ']was found
19:29:10  INFO  aplication.MyListener - Start finding element by ------>By.xpath: //a[text()=' Logout ']
19:29:20  INFO  aplication.MyListener - The element -->By.xpath: //a[text()=' Logout ']was found
19:29:20  INFO  aplication.MyListener - Start finding element by ------>By.xpath: //*[@href='/registration?url=%2Fsearch']
19:29:20  INFO  aplication.MyListener - The element -->By.xpath: //*[@href='/registration?url=%2Fsearch']was found
19:29:20  INFO  aplication.MyListener - Start finding element by ------>By.id: name
19:29:20  INFO  aplication.MyListener - The element -->By.id: namewas found
19:29:20  INFO  aplication.MyListener - Start finding element by ------>By.id: lastName
19:29:20  INFO  aplication.MyListener - The element -->By.id: lastNamewas found
19:29:20  INFO  aplication.MyListener - Start finding element by ------>By.id: email
19:29:20  INFO  aplication.MyListener - The element -->By.id: emailwas found
19:29:20  INFO  aplication.MyListener - Start finding element by ------>By.id: password
19:29:20  INFO  aplication.MyListener - The element -->By.id: passwordwas found
19:29:20  INFO  aplication.MyListener - Start finding element by ------>By.xpath: //label[@for = 'terms-of-use']
19:29:20  INFO  aplication.MyListener - The element -->By.xpath: //label[@for = 'terms-of-use']was found
19:29:20  INFO  aplication.MyListener - Start finding element by ------>By.xpath: //button[@type='submit']
19:29:20  INFO  aplication.MyListener - The element -->By.xpath: //button[@type='submit']was found
19:29:21  INFO  aplication.MyListener - Start finding element by ------>By.xpath: //button[text()='Ok']
19:29:21  INFO  aplication.MyListener - The element -->By.xpath: //button[text()='Ok']was found
19:29:21  INFO  aplication.MyListener - Start finding element by ------>By.xpath: //button[text()='Ok']
19:29:21  INFO  aplication.MyListener - The element -->By.xpath: //button[text()='Ok']was found
19:29:21  INFO  aplication.MyListener - Start finding element by ------>By.xpath: //a[text()=' Logout ']
19:29:21  INFO  aplication.MyListener - The element -->By.xpath: //a[text()=' Logout ']was found
19:29:21  INFO  aplication.MyListener - Start finding element by ------>By.xpath: //a[text()=' Logout ']
19:29:21  INFO  aplication.MyListener - The element -->By.xpath: //a[text()=' Logout ']was found
19:29:21  INFO  aplication.MyListener - Start finding element by ------>By.xpath: //a[text()=' Logout ']
19:29:31  INFO  aplication.MyListener - The element -->By.xpath: //a[text()=' Logout ']was found
19:29:31  INFO  aplication.MyListener - Start finding element by ------>By.xpath: //a[text()=' Log in ']
19:29:31  INFO  aplication.MyListener - The element -->By.xpath: //a[text()=' Log in ']was found
19:29:31  INFO  aplication.MyListener - Start finding element by ------>By.id: email
19:29:31  INFO  aplication.MyListener - The element -->By.id: emailwas found
19:29:31  INFO  aplication.MyListener - Start finding element by ------>By.id: password
19:29:31  INFO  aplication.MyListener - The element -->By.id: passwordwas found
19:29:32  INFO  aplication.MyListener - Start finding element by ------>By.xpath: //button[@type='submit']
19:29:32  INFO  aplication.MyListener - The element -->By.xpath: //button[@type='submit']was found
19:29:32  INFO  aplication.MyListener - Start finding element by ------>By.xpath: //button[.='Ok']
19:29:32  INFO  aplication.MyListener - The element -->By.xpath: //button[.='Ok']was found
19:29:32  INFO  aplication.MyListener - Start finding element by ------>By.xpath: //button[text()='Ok']
19:29:32  INFO  aplication.MyListener - The element -->By.xpath: //button[text()='Ok']was found
19:29:32  INFO  aplication.MyListener - Start finding element by ------>By.xpath: //button[text()='Ok']
19:29:32  INFO  aplication.MyListener - The element -->By.xpath: //button[text()='Ok']was found
19:29:33  INFO  aplication.MyListener - Start finding element by ------>By.xpath: //a[text()=' Logout ']
19:29:33  INFO  aplication.MyListener - The element -->By.xpath: //a[text()=' Logout ']was found
19:29:33  INFO  aplication.MyListener - Start finding element by ------>By.xpath: //a[text()=' Logout ']
19:29:33  INFO  aplication.MyListener - The element -->By.xpath: //a[text()=' Logout ']was found
19:29:33  INFO  aplication.MyListener - Start finding element by ------>By.xpath: //a[text()=' Logout ']
19:29:43  INFO  aplication.MyListener - The element -->By.xpath: //a[text()=' Logout ']was found
19:29:43  INFO  aplication.MyListener - Start finding element by ------>By.xpath: //a[text()=' Log in ']
19:29:43  INFO  aplication.MyListener - The element -->By.xpath: //a[text()=' Log in ']was found
19:29:43  INFO  aplication.MyListener - Start finding element by ------>By.id: email
19:29:43  INFO  aplication.MyListener - The element -->By.id: emailwas found
19:29:43  INFO  aplication.MyListener - Start finding element by ------>By.id: password
19:29:43  INFO  aplication.MyListener - The element -->By.id: passwordwas found
19:29:43  INFO  aplication.MyListener - Start finding element by ------>By.xpath: //button[@type='submit']
19:29:43  INFO  aplication.MyListener - The element -->By.xpath: //button[@type='submit']was found
19:29:43  INFO  aplication.MyListener - Start finding element by ------>By.cssSelector: .dialog-container h2
19:29:44  INFO  aplication.MyListener - The element -->By.cssSelector: .dialog-container h2was found
19:29:44  INFO  aplication.MyListener - Start finding element by ------>By.xpath: //button[.='Ok']
19:29:44  INFO  aplication.MyListener - The element -->By.xpath: //button[.='Ok']was found
19:29:44  INFO  aplication.MyListener - Start finding element by ------>By.xpath: //button[text()='Ok']
19:29:44  INFO  aplication.MyListener - The element -->By.xpath: //button[text()='Ok']was found
19:29:44  INFO  aplication.MyListener - Start finding element by ------>By.xpath: //button[text()='Ok']
19:29:44  INFO  aplication.MyListener - The element -->By.xpath: //button[text()='Ok']was found
19:29:44  INFO  aplication.MyListener - Start finding element by ------>By.xpath: //a[text()=' Logout ']
19:29:54  INFO  aplication.MyListener - The element -->By.xpath: //a[text()=' Logout ']was found
