19:41:25  INFO  aplication.MyListener - Start finding element by ------>By.xpath: //a[text()=' Log in ']
19:41:25  INFO  aplication.MyListener - The element -->By.xpath: //a[text()=' Log in ']was found
19:41:25  INFO  aplication.MyListener - Start finding element by ------>By.id: email
19:41:25  INFO  aplication.MyListener - The element -->By.id: emailwas found
19:41:25  INFO  aplication.MyListener - Start finding element by ------>By.id: password
19:41:25  INFO  aplication.MyListener - The element -->By.id: passwordwas found
19:41:25  INFO  aplication.MyListener - Start finding element by ------>By.xpath: //button[@type='submit']
19:41:25  INFO  aplication.MyListener - The element -->By.xpath: //button[@type='submit']was found
19:41:26  INFO  aplication.MyListener - Start finding element by ------>By.xpath: //a[@href='/let-car-work']
19:41:26  INFO  aplication.MyListener - The element -->By.xpath: //a[@href='/let-car-work']was found
19:41:26  INFO  aplication.MyListener - Start finding element by ------>By.id: pickUpPlace
19:41:26  INFO  aplication.MyListener - The element -->By.id: pickUpPlacewas found
19:41:26  INFO  aplication.MyListener - Start finding element by ------>By.cssSelector: div.pac-item
19:41:26  INFO  aplication.MyListener - The element -->By.cssSelector: div.pac-itemwas found
19:41:27  INFO  aplication.MyListener - Start finding element by ------>By.id: make
19:41:27  INFO  aplication.MyListener - The element -->By.id: makewas found
19:41:27  INFO  aplication.MyListener - Start finding element by ------>By.id: model
19:41:27  INFO  aplication.MyListener - The element -->By.id: modelwas found
19:41:27  INFO  aplication.MyListener - Start finding element by ------>By.id: year
19:41:27  INFO  aplication.MyListener - The element -->By.id: yearwas found
19:41:28  INFO  aplication.MyListener - Start finding element by ------>By.id: engine
19:41:28  INFO  aplication.MyListener - The element -->By.id: enginewas found
19:41:28  INFO  aplication.MyListener - Start finding element by ------>By.id: fuel
19:41:28  INFO  aplication.MyListener - The element -->By.id: fuelwas found
19:41:28  INFO  aplication.MyListener - Start finding element by ------>By.xpath: .//option[@value = "Petrol"]
19:41:28  INFO  aplication.MyListener - The element -->By.xpath: .//option[@value = "Petrol"]was found
19:41:28  INFO  aplication.MyListener - Start finding element by ------>By.id: gear
19:41:28  INFO  aplication.MyListener - The element -->By.id: gearwas found
19:41:28  INFO  aplication.MyListener - Start finding element by ------>By.xpath: .//option[@value = "MT"]
19:41:28  INFO  aplication.MyListener - The element -->By.xpath: .//option[@value = "MT"]was found
19:41:28  INFO  aplication.MyListener - Start finding element by ------>By.id: wheelsDrive
19:41:28  INFO  aplication.MyListener - The element -->By.id: wheelsDrivewas found
19:41:28  INFO  aplication.MyListener - Start finding element by ------>By.xpath: .//option[@value = "AWD"]
19:41:28  INFO  aplication.MyListener - The element -->By.xpath: .//option[@value = "AWD"]was found
19:41:28  INFO  aplication.MyListener - Start finding element by ------>By.id: doors
19:41:28  INFO  aplication.MyListener - The element -->By.id: doorswas found
19:41:28  INFO  aplication.MyListener - Start finding element by ------>By.id: seats
19:41:28  INFO  aplication.MyListener - The element -->By.id: seatswas found
19:41:28  INFO  aplication.MyListener - Start finding element by ------>By.id: class
19:41:28  INFO  aplication.MyListener - The element -->By.id: classwas found
19:41:29  INFO  aplication.MyListener - Start finding element by ------>By.id: fuelConsumption
19:41:29  INFO  aplication.MyListener - The element -->By.id: fuelConsumptionwas found
19:41:29  INFO  aplication.MyListener - Start finding element by ------>By.id: serialNumber
19:41:29  INFO  aplication.MyListener - The element -->By.id: serialNumberwas found
19:41:29  INFO  aplication.MyListener - Start finding element by ------>By.id: price
19:41:29  INFO  aplication.MyListener - The element -->By.id: pricewas found
19:41:29  INFO  aplication.MyListener - Start finding element by ------>By.id: distance
19:41:29  INFO  aplication.MyListener - The element -->By.id: distancewas found
19:41:29  INFO  aplication.MyListener - Start finding element by ------>By.cssSelector: .feature-input
19:41:29  INFO  aplication.MyListener - The element -->By.cssSelector: .feature-inputwas found
19:41:29  INFO  aplication.MyListener - Start finding element by ------>By.id: about
19:41:29  INFO  aplication.MyListener - The element -->By.id: aboutwas found
19:41:30  INFO  aplication.MyListener - Start finding element by ------>By.id: photos
19:41:30  INFO  aplication.MyListener - The element -->By.id: photoswas found
19:41:35  INFO  aplication.MyListener - Start finding element by ------>By.xpath: //button[text()='Submit']
19:41:35  INFO  aplication.MyListener - The element -->By.xpath: //button[text()='Submit']was found
19:41:35  INFO  aplication.MyListener - Start finding element by ------>By.xpath: //button[text()='Submit']
19:41:35  INFO  aplication.MyListener - The element -->By.xpath: //button[text()='Submit']was found
19:41:35  INFO  aplication.MyListener - Start finding element by ------>By.xpath: //button[text()='Search cars']
19:41:36  INFO  aplication.MyListener - The element -->By.xpath: //button[text()='Search cars']was found
19:41:36  INFO  aplication.MyListener - Start finding element by ------>By.xpath: //button[text()='Search cars']
19:41:36  INFO  aplication.MyListener - The element -->By.xpath: //button[text()='Search cars']was found
19:41:36  INFO  aplication.MyListener - Start finding element by ------>By.xpath: //a[text()=' Logout ']
19:41:36  INFO  aplication.MyListener - The element -->By.xpath: //a[text()=' Logout ']was found
19:41:36  INFO  aplication.MyListener - Start finding element by ------>By.xpath: //a[text()=' Logout ']
19:41:36  INFO  aplication.MyListener - The element -->By.xpath: //a[text()=' Logout ']was found
19:41:37  INFO  aplication.MyListener - Start finding element by ------>By.id: city
19:41:37  INFO  aplication.MyListener - The element -->By.id: citywas found
19:41:37  INFO  aplication.MyListener - Start finding element by ------>By.xpath: //div[@class='pac-container pac-logo']//div[1]
19:41:37  INFO  aplication.MyListener - The element -->By.xpath: //div[@class='pac-container pac-logo']//div[1]was found
19:41:37  INFO  aplication.MyListener - Start finding element by ------>By.id: dates
19:41:37  INFO  aplication.MyListener - The element -->By.id: dateswas found
19:41:37  INFO  aplication.MyListener - Start finding element by ------>By.cssSelector: button[aria-label='Choose month and year']
19:41:37  INFO  aplication.MyListener - The element -->By.cssSelector: button[aria-label='Choose month and year']was found
19:41:38  INFO  aplication.MyListener - Start finding element by ------>By.xpath: //div[text()=' 2021 ']
19:41:38  INFO  aplication.MyListener - The element -->By.xpath: //div[text()=' 2021 ']was found
19:41:38  INFO  aplication.MyListener - Start finding element by ------>By.xpath: //div[text()=' DEC ']
19:41:38  INFO  aplication.MyListener - The element -->By.xpath: //div[text()=' DEC ']was found
19:41:38  INFO  aplication.MyListener - Start finding element by ------>By.xpath: //div[text()=' 12 ']
19:41:38  INFO  aplication.MyListener - The element -->By.xpath: //div[text()=' 12 ']was found
19:41:38  INFO  aplication.MyListener - Start finding element by ------>By.xpath: //div[text()=' 15 ']
19:41:38  INFO  aplication.MyListener - The element -->By.xpath: //div[text()=' 15 ']was found
19:41:38  INFO  aplication.MyListener - Start finding element by ------>By.cssSelector: button[type='submit']
19:41:38  INFO  aplication.MyListener - The element -->By.cssSelector: button[type='submit']was found
19:41:38  INFO  aplication.MyListener - Start finding element by ------>By.cssSelector: button[type='submit']
19:41:38  INFO  aplication.MyListener - The element -->By.cssSelector: button[type='submit']was found
19:41:38  INFO  aplication.MyListener - Start finding element by ------>By.xpath: //div[@class='header']//a[@class='logo']
19:41:38  INFO  aplication.MyListener - The element -->By.xpath: //div[@class='header']//a[@class='logo']was found
19:41:39  INFO  aplication.MyListener - Start finding element by ------>By.id: city
19:41:39  INFO  aplication.MyListener - The element -->By.id: citywas found
19:41:39  INFO  aplication.MyListener - Start finding element by ------>By.xpath: //div[@class='pac-container pac-logo']//div[1]
19:41:39  INFO  aplication.MyListener - The element -->By.xpath: //div[@class='pac-container pac-logo']//div[1]was found
19:41:39  INFO  aplication.MyListener - Start finding element by ------>By.id: dates
19:41:39  INFO  aplication.MyListener - The element -->By.id: dateswas found
19:41:40  INFO  aplication.MyListener - Start finding element by ------>By.cssSelector: button[aria-label='Next month']
19:41:40  INFO  aplication.MyListener - The element -->By.cssSelector: button[aria-label='Next month']was found
19:41:40  INFO  aplication.MyListener - Start finding element by ------>By.xpath: //div[text()=' 2 ']
19:41:40  INFO  aplication.MyListener - The element -->By.xpath: //div[text()=' 2 ']was found
19:41:40  INFO  aplication.MyListener - Start finding element by ------>By.cssSelector: button[aria-label='Next month']
19:41:40  INFO  aplication.MyListener - The element -->By.cssSelector: button[aria-label='Next month']was found
19:41:40  INFO  aplication.MyListener - Start finding element by ------>By.xpath: //div[text()=' 3 ']
19:41:40  INFO  aplication.MyListener - The element -->By.xpath: //div[text()=' 3 ']was found
19:41:40  INFO  aplication.MyListener - Start finding element by ------>By.cssSelector: button[type='submit']
19:41:40  INFO  aplication.MyListener - The element -->By.cssSelector: button[type='submit']was found
19:41:40  INFO  aplication.MyListener - Start finding element by ------>By.cssSelector: button[type='submit']
19:41:40  INFO  aplication.MyListener - The element -->By.cssSelector: button[type='submit']was found
19:41:40  INFO  aplication.MyListener - Start finding element by ------>By.xpath: //div[@class='header']//a[@class='logo']
19:41:40  INFO  aplication.MyListener - The element -->By.xpath: //div[@class='header']//a[@class='logo']was found
19:41:40  INFO  aplication.MyListener - Start finding element by ------>By.xpath: //div[@class='header']//a[@class='logo']
19:41:40  INFO  aplication.MyListener - The element -->By.xpath: //div[@class='header']//a[@class='logo']was found
19:41:41  INFO  aplication.MyListener - Start finding element by ------>By.id: city
19:41:41  INFO  aplication.MyListener - The element -->By.id: citywas found
19:41:41  INFO  aplication.MyListener - Start finding element by ------>By.xpath: //div[@class='pac-container pac-logo']//div[1]
19:41:41  INFO  aplication.MyListener - The element -->By.xpath: //div[@class='pac-container pac-logo']//div[1]was found
19:41:44  INFO  aplication.MyListener - Start finding element by ------>By.id: dates
19:41:44  INFO  aplication.MyListener - The element -->By.id: dateswas found
19:41:45  INFO  aplication.MyListener - Start finding element by ------>By.cssSelector: .cdk-overlay-container
19:41:45  INFO  aplication.MyListener - The element -->By.cssSelector: .cdk-overlay-containerwas found
19:41:45  INFO  aplication.MyListener - Start finding element by ------>By.xpath: //div[@class='ng-star-inserted']
19:41:45  INFO  aplication.MyListener - The element -->By.xpath: //div[@class='ng-star-inserted']was found
19:41:45  INFO  aplication.MyListener - Start finding element by ------>By.xpath: //div[@class='header']//a[@class='logo']
19:41:45  INFO  aplication.MyListener - The element -->By.xpath: //div[@class='header']//a[@class='logo']was found
19:41:45  INFO  aplication.MyListener - Start finding element by ------>By.xpath: //a[text()=' Logout ']
19:41:55  INFO  aplication.MyListener - The element -->By.xpath: //a[text()=' Logout ']was found
19:41:55  INFO  aplication.MyListener - Start finding element by ------>By.xpath: //a[text()=' Log in ']
19:41:55  INFO  aplication.MyListener - The element -->By.xpath: //a[text()=' Log in ']was found
19:41:55  INFO  aplication.MyListener - Start finding element by ------>By.id: email
19:41:55  INFO  aplication.MyListener - The element -->By.id: emailwas found
19:41:55  INFO  aplication.MyListener - Start finding element by ------>By.id: password
19:41:55  INFO  aplication.MyListener - The element -->By.id: passwordwas found
19:41:55  INFO  aplication.MyListener - Start finding element by ------>By.xpath: //button[@type='submit']
19:41:55  INFO  aplication.MyListener - The element -->By.xpath: //button[@type='submit']was found
19:41:55  INFO  aplication.MyListener - Start finding element by ------>By.xpath: //button[.='Ok']
19:41:56  INFO  aplication.MyListener - The element -->By.xpath: //button[.='Ok']was found
19:41:56  INFO  aplication.MyListener - Start finding element by ------>By.xpath: //button[text()='Ok']
19:41:56  INFO  aplication.MyListener - The element -->By.xpath: //button[text()='Ok']was found
19:41:56  INFO  aplication.MyListener - Start finding element by ------>By.xpath: //button[text()='Ok']
19:41:56  INFO  aplication.MyListener - The element -->By.xpath: //button[text()='Ok']was found
19:41:56  INFO  aplication.MyListener - Start finding element by ------>By.xpath: //a[text()=' Logout ']
19:41:56  INFO  aplication.MyListener - The element -->By.xpath: //a[text()=' Logout ']was found
19:41:56  INFO  aplication.MyListener - Start finding element by ------>By.xpath: //a[text()=' Logout ']
19:41:56  INFO  aplication.MyListener - The element -->By.xpath: //a[text()=' Logout ']was found
19:41:56  INFO  aplication.MyListener - Start finding element by ------>By.xpath: //a[text()=' Logout ']
19:42:06  INFO  aplication.MyListener - The element -->By.xpath: //a[text()=' Logout ']was found
19:42:06  INFO  aplication.MyListener - Start finding element by ------>By.xpath: //a[text()=' Log in ']
19:42:06  INFO  aplication.MyListener - The element -->By.xpath: //a[text()=' Log in ']was found
19:42:07  INFO  aplication.MyListener - Start finding element by ------>By.id: email
19:42:07  INFO  aplication.MyListener - The element -->By.id: emailwas found
19:42:07  INFO  aplication.MyListener - Start finding element by ------>By.id: password
19:42:07  INFO  aplication.MyListener - The element -->By.id: passwordwas found
19:42:07  INFO  aplication.MyListener - Start finding element by ------>By.xpath: //button[@type='submit']
19:42:07  INFO  aplication.MyListener - The element -->By.xpath: //button[@type='submit']was found
19:42:07  INFO  aplication.MyListener - Start finding element by ------>By.cssSelector: .dialog-container h2
19:42:07  INFO  aplication.MyListener - The element -->By.cssSelector: .dialog-container h2was found
19:42:07  INFO  aplication.MyListener - Start finding element by ------>By.xpath: //button[.='Ok']
19:42:07  INFO  aplication.MyListener - The element -->By.xpath: //button[.='Ok']was found
19:42:07  INFO  aplication.MyListener - Start finding element by ------>By.xpath: //button[text()='Ok']
19:42:07  INFO  aplication.MyListener - The element -->By.xpath: //button[text()='Ok']was found
19:42:07  INFO  aplication.MyListener - Start finding element by ------>By.xpath: //button[text()='Ok']
19:42:08  INFO  aplication.MyListener - The element -->By.xpath: //button[text()='Ok']was found
19:42:08  INFO  aplication.MyListener - Start finding element by ------>By.xpath: //a[text()=' Logout ']
19:42:18  INFO  aplication.MyListener - The element -->By.xpath: //a[text()=' Logout ']was found
19:42:18  INFO  aplication.MyListener - Start finding element by ------>By.xpath: //a[text()=' Logout ']
19:42:28  INFO  aplication.MyListener - The element -->By.xpath: //a[text()=' Logout ']was found
19:42:28  INFO  aplication.MyListener - Start finding element by ------>By.xpath: //*[@href='/registration?url=%2Fsearch']
19:42:28  INFO  aplication.MyListener - The element -->By.xpath: //*[@href='/registration?url=%2Fsearch']was found
19:42:28  INFO  aplication.MyListener - Start finding element by ------>By.id: name
19:42:28  INFO  aplication.MyListener - The element -->By.id: namewas found
19:42:28  INFO  aplication.MyListener - Start finding element by ------>By.id: lastName
19:42:28  INFO  aplication.MyListener - The element -->By.id: lastNamewas found
19:42:28  INFO  aplication.MyListener - Start finding element by ------>By.id: email
19:42:28  INFO  aplication.MyListener - The element -->By.id: emailwas found
19:42:28  INFO  aplication.MyListener - Start finding element by ------>By.id: password
19:42:28  INFO  aplication.MyListener - The element -->By.id: passwordwas found
19:42:28  INFO  aplication.MyListener - Start finding element by ------>By.xpath: //label[@for='terms-of-use']
19:42:28  INFO  aplication.MyListener - The element -->By.xpath: //label[@for='terms-of-use']was found
19:42:28  INFO  aplication.MyListener - Start finding element by ------>By.xpath: //button[@type='submit']
19:42:28  INFO  aplication.MyListener - The element -->By.xpath: //button[@type='submit']was found
19:42:28  INFO  aplication.MyListener - Start finding element by ------>By.xpath: //button[text()='Ok']
19:42:29  INFO  aplication.MyListener - The element -->By.xpath: //button[text()='Ok']was found
19:42:29  INFO  aplication.MyListener - Start finding element by ------>By.xpath: //button[text()='Ok']
19:42:29  INFO  aplication.MyListener - The element -->By.xpath: //button[text()='Ok']was found
19:42:29  INFO  aplication.MyListener - Start finding element by ------>By.xpath: //a[text()=' Logout ']
19:42:39  INFO  aplication.MyListener - The element -->By.xpath: //a[text()=' Logout ']was found
19:42:39  INFO  aplication.MyListener - Start finding element by ------>By.xpath: //*[@href='/registration?url=%2Fsearch']
19:42:39  INFO  aplication.MyListener - The element -->By.xpath: //*[@href='/registration?url=%2Fsearch']was found
19:42:39  INFO  aplication.MyListener - Start finding element by ------>By.id: name
19:42:39  INFO  aplication.MyListener - The element -->By.id: namewas found
19:42:39  INFO  aplication.MyListener - Start finding element by ------>By.id: lastName
19:42:39  INFO  aplication.MyListener - The element -->By.id: lastNamewas found
19:42:39  INFO  aplication.MyListener - Start finding element by ------>By.id: email
19:42:39  INFO  aplication.MyListener - The element -->By.id: emailwas found
19:42:39  INFO  aplication.MyListener - Start finding element by ------>By.id: password
19:42:39  INFO  aplication.MyListener - The element -->By.id: passwordwas found
19:42:40  INFO  aplication.MyListener - Start finding element by ------>By.xpath: //label[@for = 'terms-of-use']
19:42:40  INFO  aplication.MyListener - The element -->By.xpath: //label[@for = 'terms-of-use']was found
19:42:40  INFO  aplication.MyListener - Start finding element by ------>By.xpath: //button[@type='submit']
19:42:40  INFO  aplication.MyListener - The element -->By.xpath: //button[@type='submit']was found
19:42:40  INFO  aplication.MyListener - Start finding element by ------>By.xpath: //button[text()='Ok']
19:42:50  INFO  aplication.MyListener - The element -->By.xpath: //button[text()='Ok']was found
19:42:50  INFO  aplication.MyListener - Start finding element by ------>By.xpath: //a[text()=' Logout ']
19:43:00  INFO  aplication.MyListener - The element -->By.xpath: //a[text()=' Logout ']was found
19:43:00  INFO  aplication.MyListener - Start finding element by ------>By.xpath: //a[text()=' Logout ']
19:43:10  INFO  aplication.MyListener - The element -->By.xpath: //a[text()=' Logout ']was found
19:43:10  INFO  aplication.MyListener - Start finding element by ------>By.xpath: //*[@href='/registration?url=%2Fsearch']
19:43:10  INFO  aplication.MyListener - The element -->By.xpath: //*[@href='/registration?url=%2Fsearch']was found
19:43:10  INFO  aplication.MyListener - Start finding element by ------>By.id: name
19:43:10  INFO  aplication.MyListener - The element -->By.id: namewas found
19:43:10  INFO  aplication.MyListener - Start finding element by ------>By.id: lastName
19:43:10  INFO  aplication.MyListener - The element -->By.id: lastNamewas found
19:43:10  INFO  aplication.MyListener - Start finding element by ------>By.id: email
19:43:10  INFO  aplication.MyListener - The element -->By.id: emailwas found
19:43:10  INFO  aplication.MyListener - Start finding element by ------>By.id: password
19:43:10  INFO  aplication.MyListener - The element -->By.id: passwordwas found
19:43:10  INFO  aplication.MyListener - Start finding element by ------>By.xpath: //label[@for = 'terms-of-use']
19:43:10  INFO  aplication.MyListener - The element -->By.xpath: //label[@for = 'terms-of-use']was found
19:43:11  INFO  aplication.MyListener - Start finding element by ------>By.xpath: //button[@type='submit']
19:43:11  INFO  aplication.MyListener - The element -->By.xpath: //button[@type='submit']was found
19:43:11  INFO  aplication.MyListener - Start finding element by ------>By.xpath: //button[text()='Ok']
19:43:11  INFO  aplication.MyListener - The element -->By.xpath: //button[text()='Ok']was found
19:43:11  INFO  aplication.MyListener - Start finding element by ------>By.xpath: //button[text()='Ok']
19:43:11  INFO  aplication.MyListener - The element -->By.xpath: //button[text()='Ok']was found
19:43:11  INFO  aplication.MyListener - Start finding element by ------>By.xpath: //a[text()=' Logout ']
19:43:11  INFO  aplication.MyListener - The element -->By.xpath: //a[text()=' Logout ']was found
19:43:11  INFO  aplication.MyListener - Start finding element by ------>By.xpath: //a[text()=' Logout ']
19:43:11  INFO  aplication.MyListener - The element -->By.xpath: //a[text()=' Logout ']was found
19:43:11  INFO  aplication.MyListener - Start finding element by ------>By.xpath: //a[text()=' Logout ']
19:43:21  INFO  aplication.MyListener - The element -->By.xpath: //a[text()=' Logout ']was found
19:43:21  INFO  aplication.MyListener - Start finding element by ------>By.xpath: //*[@href='/registration?url=%2Fsearch']
19:43:21  INFO  aplication.MyListener - The element -->By.xpath: //*[@href='/registration?url=%2Fsearch']was found
19:43:21  INFO  aplication.MyListener - Start finding element by ------>By.id: name
19:43:21  INFO  aplication.MyListener - The element -->By.id: namewas found
19:43:22  INFO  aplication.MyListener - Start finding element by ------>By.id: lastName
19:43:22  INFO  aplication.MyListener - The element -->By.id: lastNamewas found
19:43:22  INFO  aplication.MyListener - Start finding element by ------>By.id: email
19:43:22  INFO  aplication.MyListener - The element -->By.id: emailwas found
19:43:22  INFO  aplication.MyListener - Start finding element by ------>By.id: password
19:43:22  INFO  aplication.MyListener - The element -->By.id: passwordwas found
19:43:22  INFO  aplication.MyListener - Start finding element by ------>By.xpath: //label[@for = 'terms-of-use']
19:43:22  INFO  aplication.MyListener - The element -->By.xpath: //label[@for = 'terms-of-use']was found
19:43:22  INFO  aplication.MyListener - Start finding element by ------>By.xpath: //button[@type='submit']
19:43:22  INFO  aplication.MyListener - The element -->By.xpath: //button[@type='submit']was found
19:43:22  INFO  aplication.MyListener - Start finding element by ------>By.xpath: //button[text()='Ok']
19:43:23  INFO  aplication.MyListener - The element -->By.xpath: //button[text()='Ok']was found
19:43:23  INFO  aplication.MyListener - Start finding element by ------>By.xpath: //button[text()='Ok']
19:43:23  INFO  aplication.MyListener - The element -->By.xpath: //button[text()='Ok']was found
19:43:23  INFO  aplication.MyListener - Start finding element by ------>By.xpath: //a[text()=' Logout ']
19:43:23  INFO  aplication.MyListener - The element -->By.xpath: //a[text()=' Logout ']was found
19:43:23  INFO  aplication.MyListener - Start finding element by ------>By.xpath: //a[text()=' Logout ']
19:43:23  INFO  aplication.MyListener - The element -->By.xpath: //a[text()=' Logout ']was found
