15:47:12  INFO  aplication.MyListener - Start finding element by ------>By.id: city
15:47:12  INFO  aplication.MyListener - The element -->By.id: citywas found
15:47:13  INFO  aplication.MyListener - Start finding element by ------>By.xpath: //div[@class='pac-container pac-logo']//div[1]
15:47:13  INFO  aplication.MyListener - The element -->By.xpath: //div[@class='pac-container pac-logo']//div[1]was found
15:47:13  INFO  aplication.MyListener - Start finding element by ------>By.id: dates
15:47:13  INFO  aplication.MyListener - The element -->By.id: dateswas found
15:47:13  INFO  aplication.MyListener - Start finding element by ------>By.cssSelector: button[aria-label='Choose month and year']
15:47:13  INFO  aplication.MyListener - The element -->By.cssSelector: button[aria-label='Choose month and year']was found
15:47:13  INFO  aplication.MyListener - Start finding element by ------>By.xpath: //div[text()=' 2021 ']
15:47:14  INFO  aplication.MyListener - The element -->By.xpath: //div[text()=' 2021 ']was found
15:47:14  INFO  aplication.MyListener - Start finding element by ------>By.xpath: //div[text()=' OCT ']
15:47:14  INFO  aplication.MyListener - The element -->By.xpath: //div[text()=' OCT ']was found
15:47:14  INFO  aplication.MyListener - Start finding element by ------>By.xpath: //div[text()=' 12 ']
15:47:14  INFO  aplication.MyListener - The element -->By.xpath: //div[text()=' 12 ']was found
15:47:14  INFO  aplication.MyListener - Start finding element by ------>By.xpath: //div[text()=' 15 ']
15:47:14  INFO  aplication.MyListener - The element -->By.xpath: //div[text()=' 15 ']was found
15:47:14  INFO  aplication.MyListener - Start finding element by ------>By.cssSelector: .cdk-overlay-container
15:47:14  INFO  aplication.MyListener - The element -->By.cssSelector: .cdk-overlay-containerwas found
15:47:14  INFO  aplication.MyListener - Start finding element by ------>By.cssSelector: button[type='submit']
15:47:14  INFO  aplication.MyListener - The element -->By.cssSelector: button[type='submit']was found
