21:02:40  INFO  aplication.MyListener - Start finding element by ------>By.xpath: //a[text()=' Log in ']
21:02:40  INFO  aplication.MyListener - The element -->By.xpath: //a[text()=' Log in ']was found
21:02:40  INFO  aplication.MyListener - Start finding element by ------>By.xpath: //a[text()=' Log in ']
21:02:40  INFO  aplication.MyListener - The element -->By.xpath: //a[text()=' Log in ']was found
21:02:40  INFO  aplication.MyListener - Start finding element by ------>By.id: email
21:02:40  INFO  aplication.MyListener - The element -->By.id: emailwas found
21:02:40  INFO  aplication.MyListener - Start finding element by ------>By.id: password
21:02:40  INFO  aplication.MyListener - The element -->By.id: passwordwas found
21:02:40  INFO  aplication.MyListener - Start finding element by ------>By.xpath: //button[@type='submit']
21:02:40  INFO  aplication.MyListener - The element -->By.xpath: //button[@type='submit']was found
21:02:40  INFO  aplication.MyListener - Start finding element by ------>By.xpath: //button[text()='Ok']
21:02:41  INFO  aplication.MyListener - The element -->By.xpath: //button[text()='Ok']was found
21:02:41  INFO  aplication.MyListener - Start finding element by ------>By.id: city
21:02:42  INFO  aplication.MyListener - The element -->By.id: citywas found
21:02:42  INFO  aplication.MyListener - Start finding element by ------>By.xpath: //div[@class='pac-container pac-logo']//div[1]
21:02:42  INFO  aplication.MyListener - The element -->By.xpath: //div[@class='pac-container pac-logo']//div[1]was found
21:02:42  INFO  aplication.MyListener - Start finding element by ------>By.id: dates
21:02:42  INFO  aplication.MyListener - The element -->By.id: dateswas found
21:02:42  INFO  aplication.MyListener - Start finding element by ------>By.cssSelector: button[aria-label='Choose month and year']
21:02:42  INFO  aplication.MyListener - The element -->By.cssSelector: button[aria-label='Choose month and year']was found
21:02:43  INFO  aplication.MyListener - Start finding element by ------>By.xpath: //div[text()=' 2021 ']
21:02:43  INFO  aplication.MyListener - The element -->By.xpath: //div[text()=' 2021 ']was found
21:02:43  INFO  aplication.MyListener - Start finding element by ------>By.xpath: //div[text()=' DEC ']
21:02:43  INFO  aplication.MyListener - The element -->By.xpath: //div[text()=' DEC ']was found
21:02:43  INFO  aplication.MyListener - Start finding element by ------>By.xpath: //div[text()=' 11 ']
21:02:43  INFO  aplication.MyListener - The element -->By.xpath: //div[text()=' 11 ']was found
21:02:43  INFO  aplication.MyListener - Start finding element by ------>By.xpath: //div[text()=' 14 ']
21:02:43  INFO  aplication.MyListener - The element -->By.xpath: //div[text()=' 14 ']was found
21:02:43  INFO  aplication.MyListener - Start finding element by ------>By.cssSelector: button[type='submit']
21:02:43  INFO  aplication.MyListener - The element -->By.cssSelector: button[type='submit']was found
21:02:43  INFO  aplication.MyListener - Start finding element by ------>By.cssSelector: button[type='submit']
21:02:43  INFO  aplication.MyListener - The element -->By.cssSelector: button[type='submit']was found
21:02:43  INFO  aplication.MyListener - Start finding element by ------>By.xpath: //div[@class='search-results-card']//a[1]
21:02:44  INFO  aplication.MyListener - The element -->By.xpath: //div[@class='search-results-card']//a[1]was found
21:02:46  INFO  aplication.MyListener - Start finding element by ------>By.xpath: //button[text()='Rent now!! ']
21:02:46  INFO  aplication.MyListener - The element -->By.xpath: //button[text()='Rent now!! ']was found
21:02:46  INFO  aplication.MyListener - Start finding element by ------>By.xpath: //button[text()='Rent now!! ']
21:02:46  INFO  aplication.MyListener - The element -->By.xpath: //button[text()='Rent now!! ']was found
21:02:46  INFO  aplication.MyListener - Start finding element by ------>By.id: firstName
21:02:46  INFO  aplication.MyListener - The element -->By.id: firstNamewas found
21:02:47  INFO  aplication.MyListener - Start finding element by ------>By.id: secondName
21:02:47  INFO  aplication.MyListener - The element -->By.id: secondNamewas found
21:02:47  INFO  aplication.MyListener - Start finding element by ------>By.id: email
21:02:47  INFO  aplication.MyListener - The element -->By.id: emailwas found
21:02:47  INFO  aplication.MyListener - Start finding element by ------>By.id: phone
21:02:47  INFO  aplication.MyListener - The element -->By.id: phonewas found
21:02:47  INFO  aplication.MyListener - Start finding element by ------>By.xpath: //button[text()='Reserve']
21:02:47  INFO  aplication.MyListener - The element -->By.xpath: //button[text()='Reserve']was found
21:02:47  INFO  aplication.MyListener - Start finding element by ------>By.xpath: //h1[text()='Order success']
21:02:48  INFO  aplication.MyListener - The element -->By.xpath: //h1[text()='Order success']was found
21:02:48  INFO  aplication.MyListener - Start finding element by ------>By.xpath: //button[normalize-space()='Close']
21:02:48  INFO  aplication.MyListener - The element -->By.xpath: //button[normalize-space()='Close']was found
21:02:48  INFO  aplication.MyListener - We heave throwable -->stale element reference: element is not attached to the page document
  (Session info: chrome=95.0.4638.54)
For documentation on this error, please visit: https://www.seleniumhq.org/exceptions/stale_element_reference.html
Build info: version: '3.141.59', revision: 'e82be7d358', time: '2018-11-14T08:17:03'
System info: host: 'DESKTOP-3UOK3PE', ip: '10.100.102.16', os.name: 'Windows 10', os.arch: 'amd64', os.version: '10.0', java.version: '1.8.0_301'
Driver info: org.openqa.selenium.chrome.ChromeDriver
Capabilities {acceptInsecureCerts: false, browserName: chrome, browserVersion: 95.0.4638.54, chrome: {chromedriverVersion: 94.0.4606.41 (333e85df3c9b6..., userDataDir: C:\Users\Owner\AppData\Loca...}, goog:chromeOptions: {debuggerAddress: localhost:53823}, javascriptEnabled: true, networkConnectionEnabled: false, pageLoadStrategy: normal, platform: WINDOWS, platformName: WINDOWS, proxy: Proxy(), setWindowRect: true, strictFileInteractability: false, timeouts: {implicit: 0, pageLoad: 300000, script: 30000}, unhandledPromptBehavior: dismiss and notify, webauthn:extension:credBlob: true, webauthn:extension:largeBlob: true, webauthn:virtualAuthenticators: true}
Session ID: cfd322caec98e88a08aded28a3155dc6
