21:01:38  INFO  aplication.MyListener - Start finding element by ------>By.xpath: //a[text()=' Log in ']
21:01:38  INFO  aplication.MyListener - The element -->By.xpath: //a[text()=' Log in ']was found
21:01:38  INFO  aplication.MyListener - Start finding element by ------>By.xpath: //a[text()=' Log in ']
21:01:38  INFO  aplication.MyListener - The element -->By.xpath: //a[text()=' Log in ']was found
21:01:38  INFO  aplication.MyListener - Start finding element by ------>By.id: email
21:01:38  INFO  aplication.MyListener - The element -->By.id: emailwas found
21:01:38  INFO  aplication.MyListener - Start finding element by ------>By.id: password
21:01:38  INFO  aplication.MyListener - The element -->By.id: passwordwas found
21:01:39  INFO  aplication.MyListener - Start finding element by ------>By.xpath: //button[@type='submit']
21:01:39  INFO  aplication.MyListener - The element -->By.xpath: //button[@type='submit']was found
21:01:39  INFO  aplication.MyListener - Start finding element by ------>By.xpath: //button[text()='Ok']
21:01:40  INFO  aplication.MyListener - The element -->By.xpath: //button[text()='Ok']was found
21:01:40  INFO  aplication.MyListener - Start finding element by ------>By.id: city
21:01:40  INFO  aplication.MyListener - The element -->By.id: citywas found
21:01:40  INFO  aplication.MyListener - Start finding element by ------>By.xpath: //div[@class='pac-container pac-logo']//div[1]
21:01:40  INFO  aplication.MyListener - The element -->By.xpath: //div[@class='pac-container pac-logo']//div[1]was found
21:01:40  INFO  aplication.MyListener - Start finding element by ------>By.id: dates
21:01:40  INFO  aplication.MyListener - The element -->By.id: dateswas found
21:01:41  INFO  aplication.MyListener - Start finding element by ------>By.cssSelector: button[aria-label='Choose month and year']
21:01:41  INFO  aplication.MyListener - The element -->By.cssSelector: button[aria-label='Choose month and year']was found
21:01:41  INFO  aplication.MyListener - Start finding element by ------>By.xpath: //div[text()=' 2021 ']
21:01:41  INFO  aplication.MyListener - The element -->By.xpath: //div[text()=' 2021 ']was found
21:01:41  INFO  aplication.MyListener - Start finding element by ------>By.xpath: //div[text()=' DEC ']
21:01:41  INFO  aplication.MyListener - The element -->By.xpath: //div[text()=' DEC ']was found
21:01:41  INFO  aplication.MyListener - Start finding element by ------>By.xpath: //div[text()=' 2 ']
21:01:41  INFO  aplication.MyListener - The element -->By.xpath: //div[text()=' 2 ']was found
21:01:41  INFO  aplication.MyListener - Start finding element by ------>By.xpath: //div[text()=' 6 ']
21:01:41  INFO  aplication.MyListener - The element -->By.xpath: //div[text()=' 6 ']was found
21:01:41  INFO  aplication.MyListener - Start finding element by ------>By.cssSelector: button[type='submit']
21:01:41  INFO  aplication.MyListener - The element -->By.cssSelector: button[type='submit']was found
21:01:41  INFO  aplication.MyListener - Start finding element by ------>By.cssSelector: button[type='submit']
21:01:41  INFO  aplication.MyListener - The element -->By.cssSelector: button[type='submit']was found
21:01:41  INFO  aplication.MyListener - Start finding element by ------>By.xpath: //div[@class='search-results-card']//a[1]
21:01:43  INFO  aplication.MyListener - The element -->By.xpath: //div[@class='search-results-card']//a[1]was found
21:01:46  INFO  aplication.MyListener - Start finding element by ------>By.xpath: //button[text()='Rent now!! ']
21:01:46  INFO  aplication.MyListener - The element -->By.xpath: //button[text()='Rent now!! ']was found
21:01:47  INFO  aplication.MyListener - Start finding element by ------>By.xpath: //button[text()='Rent now!! ']
21:01:47  INFO  aplication.MyListener - The element -->By.xpath: //button[text()='Rent now!! ']was found
21:01:47  INFO  aplication.MyListener - Start finding element by ------>By.xpath: //button[text()='Rent now!! ']
21:01:47  INFO  aplication.MyListener - The element -->By.xpath: //button[text()='Rent now!! ']was found
21:01:48  INFO  aplication.MyListener - Start finding element by ------>By.xpath: //button[text()='Rent now!! ']
21:01:48  INFO  aplication.MyListener - The element -->By.xpath: //button[text()='Rent now!! ']was found
21:01:49  INFO  aplication.MyListener - Start finding element by ------>By.xpath: //button[text()='Rent now!! ']
21:01:49  INFO  aplication.MyListener - The element -->By.xpath: //button[text()='Rent now!! ']was found
21:01:49  INFO  aplication.MyListener - Start finding element by ------>By.xpath: //button[text()='Rent now!! ']
21:01:49  INFO  aplication.MyListener - The element -->By.xpath: //button[text()='Rent now!! ']was found
21:01:50  INFO  aplication.MyListener - Start finding element by ------>By.xpath: //button[text()='Rent now!! ']
21:01:50  INFO  aplication.MyListener - The element -->By.xpath: //button[text()='Rent now!! ']was found
21:01:50  INFO  aplication.MyListener - Start finding element by ------>By.xpath: //button[text()='Rent now!! ']
21:01:50  INFO  aplication.MyListener - The element -->By.xpath: //button[text()='Rent now!! ']was found
21:01:51  INFO  aplication.MyListener - Start finding element by ------>By.xpath: //button[text()='Rent now!! ']
21:01:51  INFO  aplication.MyListener - The element -->By.xpath: //button[text()='Rent now!! ']was found
21:01:52  INFO  aplication.MyListener - Start finding element by ------>By.xpath: //button[text()='Rent now!! ']
21:01:52  INFO  aplication.MyListener - The element -->By.xpath: //button[text()='Rent now!! ']was found
21:01:52  INFO  aplication.MyListener - Start finding element by ------>By.xpath: //button[text()='Rent now!! ']
21:01:52  INFO  aplication.MyListener - The element -->By.xpath: //button[text()='Rent now!! ']was found
21:01:53  INFO  aplication.MyListener - Start finding element by ------>By.xpath: //button[text()='Rent now!! ']
21:01:53  INFO  aplication.MyListener - The element -->By.xpath: //button[text()='Rent now!! ']was found
21:01:53  INFO  aplication.MyListener - Start finding element by ------>By.xpath: //button[text()='Rent now!! ']
21:01:53  INFO  aplication.MyListener - The element -->By.xpath: //button[text()='Rent now!! ']was found
21:01:54  INFO  aplication.MyListener - Start finding element by ------>By.xpath: //button[text()='Rent now!! ']
21:01:54  INFO  aplication.MyListener - The element -->By.xpath: //button[text()='Rent now!! ']was found
21:01:54  INFO  aplication.MyListener - Start finding element by ------>By.xpath: //button[text()='Rent now!! ']
21:01:54  INFO  aplication.MyListener - The element -->By.xpath: //button[text()='Rent now!! ']was found
21:01:55  INFO  aplication.MyListener - Start finding element by ------>By.xpath: //button[text()='Rent now!! ']
21:01:55  INFO  aplication.MyListener - The element -->By.xpath: //button[text()='Rent now!! ']was found
21:01:55  INFO  aplication.MyListener - Start finding element by ------>By.xpath: //button[text()='Rent now!! ']
21:01:55  INFO  aplication.MyListener - The element -->By.xpath: //button[text()='Rent now!! ']was found
21:01:56  INFO  aplication.MyListener - Start finding element by ------>By.xpath: //button[text()='Rent now!! ']
21:01:56  INFO  aplication.MyListener - The element -->By.xpath: //button[text()='Rent now!! ']was found
21:01:57  INFO  aplication.MyListener - Start finding element by ------>By.xpath: //button[text()='Rent now!! ']
21:01:57  INFO  aplication.MyListener - The element -->By.xpath: //button[text()='Rent now!! ']was found
