19:24:08  INFO  aplication.MyListener - Start finding element by ------>By.xpath: //a[text()=' Log in ']
19:24:08  INFO  aplication.MyListener - The element -->By.xpath: //a[text()=' Log in ']was found
19:24:09  INFO  aplication.MyListener - Start finding element by ------>By.id: email
19:24:09  INFO  aplication.MyListener - The element -->By.id: emailwas found
19:24:09  INFO  aplication.MyListener - Start finding element by ------>By.id: password
19:24:09  INFO  aplication.MyListener - The element -->By.id: passwordwas found
19:24:10  INFO  aplication.MyListener - Start finding element by ------>By.xpath: //button[@type='submit']
19:24:10  INFO  aplication.MyListener - The element -->By.xpath: //button[@type='submit']was found
19:24:10  INFO  aplication.MyListener - Start finding element by ------>By.xpath: //a[@href='/let-car-work']
19:24:10  INFO  aplication.MyListener - The element -->By.xpath: //a[@href='/let-car-work']was found
19:24:10  INFO  aplication.MyListener - Start finding element by ------>By.id: pickUpPlace
19:24:10  INFO  aplication.MyListener - The element -->By.id: pickUpPlacewas found
19:24:11  INFO  aplication.MyListener - Start finding element by ------>By.cssSelector: div.pac-item
19:24:11  INFO  aplication.MyListener - The element -->By.cssSelector: div.pac-itemwas found
19:24:11  INFO  aplication.MyListener - Start finding element by ------>By.id: make
19:24:11  INFO  aplication.MyListener - The element -->By.id: makewas found
19:24:11  INFO  aplication.MyListener - Start finding element by ------>By.id: model
19:24:11  INFO  aplication.MyListener - The element -->By.id: modelwas found
19:24:12  INFO  aplication.MyListener - Start finding element by ------>By.id: year
19:24:12  INFO  aplication.MyListener - The element -->By.id: yearwas found
19:24:12  INFO  aplication.MyListener - Start finding element by ------>By.id: engine
19:24:12  INFO  aplication.MyListener - The element -->By.id: enginewas found
19:24:12  INFO  aplication.MyListener - Start finding element by ------>By.id: fuel
19:24:12  INFO  aplication.MyListener - The element -->By.id: fuelwas found
19:24:12  INFO  aplication.MyListener - Start finding element by ------>By.xpath: .//option[@value = "Petrol"]
19:24:12  INFO  aplication.MyListener - The element -->By.xpath: .//option[@value = "Petrol"]was found
19:24:12  INFO  aplication.MyListener - Start finding element by ------>By.id: gear
19:24:12  INFO  aplication.MyListener - The element -->By.id: gearwas found
19:24:12  INFO  aplication.MyListener - Start finding element by ------>By.xpath: .//option[@value = "MT"]
19:24:12  INFO  aplication.MyListener - The element -->By.xpath: .//option[@value = "MT"]was found
19:24:12  INFO  aplication.MyListener - Start finding element by ------>By.id: wheelsDrive
19:24:12  INFO  aplication.MyListener - The element -->By.id: wheelsDrivewas found
19:24:12  INFO  aplication.MyListener - Start finding element by ------>By.xpath: .//option[@value = "AWD"]
19:24:12  INFO  aplication.MyListener - The element -->By.xpath: .//option[@value = "AWD"]was found
19:24:12  INFO  aplication.MyListener - Start finding element by ------>By.id: doors
19:24:12  INFO  aplication.MyListener - The element -->By.id: doorswas found
19:24:12  INFO  aplication.MyListener - Start finding element by ------>By.id: seats
19:24:12  INFO  aplication.MyListener - The element -->By.id: seatswas found
19:24:13  INFO  aplication.MyListener - Start finding element by ------>By.id: class
19:24:13  INFO  aplication.MyListener - The element -->By.id: classwas found
19:24:13  INFO  aplication.MyListener - Start finding element by ------>By.id: fuelConsumption
19:24:13  INFO  aplication.MyListener - The element -->By.id: fuelConsumptionwas found
19:24:13  INFO  aplication.MyListener - Start finding element by ------>By.id: serialNumber
19:24:13  INFO  aplication.MyListener - The element -->By.id: serialNumberwas found
19:24:13  INFO  aplication.MyListener - Start finding element by ------>By.id: price
19:24:13  INFO  aplication.MyListener - The element -->By.id: pricewas found
19:24:13  INFO  aplication.MyListener - Start finding element by ------>By.id: distance
19:24:13  INFO  aplication.MyListener - The element -->By.id: distancewas found
19:24:13  INFO  aplication.MyListener - Start finding element by ------>By.cssSelector: .feature-input
19:24:13  INFO  aplication.MyListener - The element -->By.cssSelector: .feature-inputwas found
19:24:14  INFO  aplication.MyListener - Start finding element by ------>By.id: about
19:24:14  INFO  aplication.MyListener - The element -->By.id: aboutwas found
19:24:14  INFO  aplication.MyListener - Start finding element by ------>By.id: photos
19:24:14  INFO  aplication.MyListener - The element -->By.id: photoswas found
19:24:19  INFO  aplication.MyListener - Start finding element by ------>By.xpath: //button[text()='Submit']
19:24:19  INFO  aplication.MyListener - The element -->By.xpath: //button[text()='Submit']was found
19:24:19  INFO  aplication.MyListener - Start finding element by ------>By.xpath: //button[text()='Submit']
19:24:19  INFO  aplication.MyListener - The element -->By.xpath: //button[text()='Submit']was found
19:24:19  INFO  aplication.MyListener - Start finding element by ------>By.xpath: //button[text()='Search cars']
19:24:20  INFO  aplication.MyListener - The element -->By.xpath: //button[text()='Search cars']was found
19:24:20  INFO  aplication.MyListener - Start finding element by ------>By.xpath: //button[text()='Search cars']
19:24:20  INFO  aplication.MyListener - The element -->By.xpath: //button[text()='Search cars']was found
19:24:20  INFO  aplication.MyListener - Start finding element by ------>By.xpath: //a[text()=' Logout ']
19:24:20  INFO  aplication.MyListener - The element -->By.xpath: //a[text()=' Logout ']was found
19:24:20  INFO  aplication.MyListener - Start finding element by ------>By.xpath: //a[text()=' Logout ']
19:24:20  INFO  aplication.MyListener - The element -->By.xpath: //a[text()=' Logout ']was found
19:24:21  INFO  aplication.MyListener - Start finding element by ------>By.id: city
19:24:21  INFO  aplication.MyListener - The element -->By.id: citywas found
19:24:21  INFO  aplication.MyListener - Start finding element by ------>By.xpath: //div[@class='pac-container pac-logo']//div[1]
19:24:21  INFO  aplication.MyListener - The element -->By.xpath: //div[@class='pac-container pac-logo']//div[1]was found
19:24:21  INFO  aplication.MyListener - Start finding element by ------>By.id: dates
19:24:21  INFO  aplication.MyListener - The element -->By.id: dateswas found
19:24:21  INFO  aplication.MyListener - Start finding element by ------>By.cssSelector: button[aria-label='Choose month and year']
19:24:21  INFO  aplication.MyListener - The element -->By.cssSelector: button[aria-label='Choose month and year']was found
19:24:21  INFO  aplication.MyListener - Start finding element by ------>By.xpath: //div[text()=' 2021 ']
19:24:22  INFO  aplication.MyListener - The element -->By.xpath: //div[text()=' 2021 ']was found
19:24:22  INFO  aplication.MyListener - Start finding element by ------>By.xpath: //div[text()=' DEC ']
19:24:22  INFO  aplication.MyListener - The element -->By.xpath: //div[text()=' DEC ']was found
19:24:22  INFO  aplication.MyListener - Start finding element by ------>By.xpath: //div[text()=' 12 ']
19:24:22  INFO  aplication.MyListener - The element -->By.xpath: //div[text()=' 12 ']was found
19:24:22  INFO  aplication.MyListener - Start finding element by ------>By.xpath: //div[text()=' 15 ']
19:24:22  INFO  aplication.MyListener - The element -->By.xpath: //div[text()=' 15 ']was found
19:24:22  INFO  aplication.MyListener - Start finding element by ------>By.cssSelector: button[type='submit']
19:24:22  INFO  aplication.MyListener - The element -->By.cssSelector: button[type='submit']was found
19:24:22  INFO  aplication.MyListener - Start finding element by ------>By.cssSelector: button[type='submit']
19:24:22  INFO  aplication.MyListener - The element -->By.cssSelector: button[type='submit']was found
19:24:22  INFO  aplication.MyListener - Start finding element by ------>By.xpath: //div[@class='header']//a[@class='logo']
19:24:22  INFO  aplication.MyListener - The element -->By.xpath: //div[@class='header']//a[@class='logo']was found
19:24:23  INFO  aplication.MyListener - Start finding element by ------>By.id: city
19:24:23  INFO  aplication.MyListener - The element -->By.id: citywas found
19:24:23  INFO  aplication.MyListener - Start finding element by ------>By.xpath: //div[@class='pac-container pac-logo']//div[1]
19:24:23  INFO  aplication.MyListener - The element -->By.xpath: //div[@class='pac-container pac-logo']//div[1]was found
19:24:23  INFO  aplication.MyListener - Start finding element by ------>By.id: dates
19:24:23  INFO  aplication.MyListener - The element -->By.id: dateswas found
19:24:24  INFO  aplication.MyListener - Start finding element by ------>By.cssSelector: button[aria-label='Next month']
19:24:24  INFO  aplication.MyListener - The element -->By.cssSelector: button[aria-label='Next month']was found
19:24:24  INFO  aplication.MyListener - Start finding element by ------>By.xpath: //div[text()=' 2 ']
19:24:24  INFO  aplication.MyListener - The element -->By.xpath: //div[text()=' 2 ']was found
19:24:24  INFO  aplication.MyListener - Start finding element by ------>By.cssSelector: button[aria-label='Next month']
19:24:24  INFO  aplication.MyListener - The element -->By.cssSelector: button[aria-label='Next month']was found
19:24:24  INFO  aplication.MyListener - Start finding element by ------>By.xpath: //div[text()=' 3 ']
19:24:24  INFO  aplication.MyListener - The element -->By.xpath: //div[text()=' 3 ']was found
19:24:24  INFO  aplication.MyListener - Start finding element by ------>By.cssSelector: button[type='submit']
19:24:24  INFO  aplication.MyListener - The element -->By.cssSelector: button[type='submit']was found
19:24:24  INFO  aplication.MyListener - Start finding element by ------>By.cssSelector: button[type='submit']
19:24:24  INFO  aplication.MyListener - The element -->By.cssSelector: button[type='submit']was found
19:24:24  INFO  aplication.MyListener - Start finding element by ------>By.xpath: //div[@class='header']//a[@class='logo']
19:24:24  INFO  aplication.MyListener - The element -->By.xpath: //div[@class='header']//a[@class='logo']was found
19:24:24  INFO  aplication.MyListener - Start finding element by ------>By.xpath: //div[@class='header']//a[@class='logo']
19:24:24  INFO  aplication.MyListener - The element -->By.xpath: //div[@class='header']//a[@class='logo']was found
19:24:25  INFO  aplication.MyListener - Start finding element by ------>By.id: city
19:24:25  INFO  aplication.MyListener - The element -->By.id: citywas found
19:24:25  INFO  aplication.MyListener - Start finding element by ------>By.xpath: //div[@class='pac-container pac-logo']//div[1]
19:24:25  INFO  aplication.MyListener - The element -->By.xpath: //div[@class='pac-container pac-logo']//div[1]was found
19:24:28  INFO  aplication.MyListener - Start finding element by ------>By.id: dates
19:24:28  INFO  aplication.MyListener - The element -->By.id: dateswas found
19:24:29  INFO  aplication.MyListener - Start finding element by ------>By.cssSelector: .cdk-overlay-container
19:24:29  INFO  aplication.MyListener - The element -->By.cssSelector: .cdk-overlay-containerwas found
19:24:29  INFO  aplication.MyListener - Start finding element by ------>By.xpath: //div[@class='ng-star-inserted']
19:24:29  INFO  aplication.MyListener - The element -->By.xpath: //div[@class='ng-star-inserted']was found
19:24:29  INFO  aplication.MyListener - Start finding element by ------>By.xpath: //div[@class='header']//a[@class='logo']
19:24:29  INFO  aplication.MyListener - The element -->By.xpath: //div[@class='header']//a[@class='logo']was found
19:24:29  INFO  aplication.MyListener - Start finding element by ------>By.xpath: //a[text()=' Logout ']
19:24:39  INFO  aplication.MyListener - The element -->By.xpath: //a[text()=' Logout ']was found
19:24:39  INFO  aplication.MyListener - Start finding element by ------>By.xpath: //a[text()=' Log in ']
19:24:39  INFO  aplication.MyListener - The element -->By.xpath: //a[text()=' Log in ']was found
19:24:39  INFO  aplication.MyListener - Start finding element by ------>By.id: email
19:24:39  INFO  aplication.MyListener - The element -->By.id: emailwas found
19:24:39  INFO  aplication.MyListener - Start finding element by ------>By.id: password
19:24:39  INFO  aplication.MyListener - The element -->By.id: passwordwas found
19:24:39  INFO  aplication.MyListener - Start finding element by ------>By.xpath: //button[@type='submit']
19:24:39  INFO  aplication.MyListener - The element -->By.xpath: //button[@type='submit']was found
19:24:39  INFO  aplication.MyListener - Start finding element by ------>By.xpath: //button[.='Ok']
19:24:40  INFO  aplication.MyListener - The element -->By.xpath: //button[.='Ok']was found
19:24:40  INFO  aplication.MyListener - Start finding element by ------>By.xpath: //button[text()='Ok']
19:24:40  INFO  aplication.MyListener - The element -->By.xpath: //button[text()='Ok']was found
19:24:40  INFO  aplication.MyListener - Start finding element by ------>By.xpath: //button[text()='Ok']
19:24:40  INFO  aplication.MyListener - The element -->By.xpath: //button[text()='Ok']was found
19:24:40  INFO  aplication.MyListener - Start finding element by ------>By.xpath: //a[text()=' Logout ']
19:24:40  INFO  aplication.MyListener - The element -->By.xpath: //a[text()=' Logout ']was found
19:24:40  INFO  aplication.MyListener - Start finding element by ------>By.xpath: //a[text()=' Logout ']
19:24:40  INFO  aplication.MyListener - The element -->By.xpath: //a[text()=' Logout ']was found
19:24:40  INFO  aplication.MyListener - Start finding element by ------>By.xpath: //a[text()=' Logout ']
19:24:50  INFO  aplication.MyListener - The element -->By.xpath: //a[text()=' Logout ']was found
19:24:50  INFO  aplication.MyListener - Start finding element by ------>By.xpath: //a[text()=' Log in ']
19:24:50  INFO  aplication.MyListener - The element -->By.xpath: //a[text()=' Log in ']was found
19:24:50  INFO  aplication.MyListener - Start finding element by ------>By.id: email
19:24:50  INFO  aplication.MyListener - The element -->By.id: emailwas found
19:24:51  INFO  aplication.MyListener - Start finding element by ------>By.id: password
19:24:51  INFO  aplication.MyListener - The element -->By.id: passwordwas found
19:24:51  INFO  aplication.MyListener - Start finding element by ------>By.xpath: //button[@type='submit']
19:24:51  INFO  aplication.MyListener - The element -->By.xpath: //button[@type='submit']was found
19:24:51  INFO  aplication.MyListener - Start finding element by ------>By.cssSelector: .dialog-container h2
19:24:51  INFO  aplication.MyListener - The element -->By.cssSelector: .dialog-container h2was found
19:24:51  INFO  aplication.MyListener - Start finding element by ------>By.xpath: //button[.='Ok']
19:24:51  INFO  aplication.MyListener - The element -->By.xpath: //button[.='Ok']was found
19:24:51  INFO  aplication.MyListener - Start finding element by ------>By.xpath: //button[text()='Ok']
19:24:51  INFO  aplication.MyListener - The element -->By.xpath: //button[text()='Ok']was found
19:24:51  INFO  aplication.MyListener - Start finding element by ------>By.xpath: //button[text()='Ok']
19:24:51  INFO  aplication.MyListener - The element -->By.xpath: //button[text()='Ok']was found
19:24:51  INFO  aplication.MyListener - Start finding element by ------>By.xpath: //a[text()=' Logout ']
19:25:01  INFO  aplication.MyListener - The element -->By.xpath: //a[text()=' Logout ']was found
19:25:01  INFO  aplication.MyListener - Start finding element by ------>By.xpath: //a[text()=' Logout ']
19:25:11  INFO  aplication.MyListener - The element -->By.xpath: //a[text()=' Logout ']was found
19:25:11  INFO  aplication.MyListener - Start finding element by ------>By.xpath: //*[@href='/registration?url=%2Fsearch']
19:25:11  INFO  aplication.MyListener - The element -->By.xpath: //*[@href='/registration?url=%2Fsearch']was found
19:25:12  INFO  aplication.MyListener - Start finding element by ------>By.id: name
19:25:12  INFO  aplication.MyListener - The element -->By.id: namewas found
19:25:12  INFO  aplication.MyListener - Start finding element by ------>By.id: lastName
19:25:12  INFO  aplication.MyListener - The element -->By.id: lastNamewas found
19:25:12  INFO  aplication.MyListener - Start finding element by ------>By.id: email
19:25:12  INFO  aplication.MyListener - The element -->By.id: emailwas found
19:25:12  INFO  aplication.MyListener - Start finding element by ------>By.id: password
19:25:12  INFO  aplication.MyListener - The element -->By.id: passwordwas found
19:25:12  INFO  aplication.MyListener - Start finding element by ------>By.xpath: //label[@for='terms-of-use']
19:25:12  INFO  aplication.MyListener - The element -->By.xpath: //label[@for='terms-of-use']was found
19:25:12  INFO  aplication.MyListener - Start finding element by ------>By.xpath: //button[@type='submit']
19:25:12  INFO  aplication.MyListener - The element -->By.xpath: //button[@type='submit']was found
19:25:12  INFO  aplication.MyListener - Start finding element by ------>By.xpath: //button[text()='Ok']
19:25:13  INFO  aplication.MyListener - The element -->By.xpath: //button[text()='Ok']was found
19:25:13  INFO  aplication.MyListener - Start finding element by ------>By.xpath: //button[text()='Ok']
19:25:13  INFO  aplication.MyListener - The element -->By.xpath: //button[text()='Ok']was found
19:25:13  INFO  aplication.MyListener - Start finding element by ------>By.xpath: //a[text()=' Logout ']
19:25:23  INFO  aplication.MyListener - The element -->By.xpath: //a[text()=' Logout ']was found
19:25:23  INFO  aplication.MyListener - Start finding element by ------>By.xpath: //*[@href='/registration?url=%2Fsearch']
19:25:23  INFO  aplication.MyListener - The element -->By.xpath: //*[@href='/registration?url=%2Fsearch']was found
19:25:23  INFO  aplication.MyListener - Start finding element by ------>By.id: name
19:25:23  INFO  aplication.MyListener - The element -->By.id: namewas found
19:25:23  INFO  aplication.MyListener - Start finding element by ------>By.id: lastName
19:25:23  INFO  aplication.MyListener - The element -->By.id: lastNamewas found
19:25:23  INFO  aplication.MyListener - Start finding element by ------>By.id: email
19:25:23  INFO  aplication.MyListener - The element -->By.id: emailwas found
19:25:23  INFO  aplication.MyListener - Start finding element by ------>By.id: password
19:25:23  INFO  aplication.MyListener - The element -->By.id: passwordwas found
19:25:24  INFO  aplication.MyListener - Start finding element by ------>By.xpath: //label[@for = 'terms-of-use']
19:25:24  INFO  aplication.MyListener - The element -->By.xpath: //label[@for = 'terms-of-use']was found
19:25:24  INFO  aplication.MyListener - Start finding element by ------>By.xpath: //button[@type='submit']
19:25:24  INFO  aplication.MyListener - The element -->By.xpath: //button[@type='submit']was found
19:25:24  INFO  aplication.MyListener - Start finding element by ------>By.xpath: //button[text()='Ok']
19:25:34  INFO  aplication.MyListener - The element -->By.xpath: //button[text()='Ok']was found
19:25:34  INFO  aplication.MyListener - Start finding element by ------>By.xpath: //a[text()=' Logout ']
19:25:44  INFO  aplication.MyListener - The element -->By.xpath: //a[text()=' Logout ']was found
19:25:44  INFO  aplication.MyListener - Start finding element by ------>By.xpath: //a[text()=' Logout ']
19:25:54  INFO  aplication.MyListener - The element -->By.xpath: //a[text()=' Logout ']was found
19:25:54  INFO  aplication.MyListener - Start finding element by ------>By.xpath: //*[@href='/registration?url=%2Fsearch']
19:25:54  INFO  aplication.MyListener - The element -->By.xpath: //*[@href='/registration?url=%2Fsearch']was found
19:25:54  INFO  aplication.MyListener - Start finding element by ------>By.id: name
19:25:54  INFO  aplication.MyListener - The element -->By.id: namewas found
19:25:54  INFO  aplication.MyListener - Start finding element by ------>By.id: lastName
19:25:54  INFO  aplication.MyListener - The element -->By.id: lastNamewas found
19:25:54  INFO  aplication.MyListener - Start finding element by ------>By.id: email
19:25:54  INFO  aplication.MyListener - The element -->By.id: emailwas found
19:25:54  INFO  aplication.MyListener - Start finding element by ------>By.id: password
19:25:54  INFO  aplication.MyListener - The element -->By.id: passwordwas found
19:25:54  INFO  aplication.MyListener - Start finding element by ------>By.xpath: //label[@for = 'terms-of-use']
19:25:54  INFO  aplication.MyListener - The element -->By.xpath: //label[@for = 'terms-of-use']was found
19:25:55  INFO  aplication.MyListener - Start finding element by ------>By.xpath: //button[@type='submit']
19:25:55  INFO  aplication.MyListener - The element -->By.xpath: //button[@type='submit']was found
19:25:55  INFO  aplication.MyListener - Start finding element by ------>By.xpath: //button[text()='Ok']
19:25:55  INFO  aplication.MyListener - The element -->By.xpath: //button[text()='Ok']was found
19:25:55  INFO  aplication.MyListener - Start finding element by ------>By.xpath: //button[text()='Ok']
19:25:55  INFO  aplication.MyListener - The element -->By.xpath: //button[text()='Ok']was found
19:25:55  INFO  aplication.MyListener - Start finding element by ------>By.xpath: //a[text()=' Logout ']
19:25:55  INFO  aplication.MyListener - The element -->By.xpath: //a[text()=' Logout ']was found
19:25:55  INFO  aplication.MyListener - Start finding element by ------>By.xpath: //a[text()=' Logout ']
19:25:55  INFO  aplication.MyListener - The element -->By.xpath: //a[text()=' Logout ']was found
19:25:55  INFO  aplication.MyListener - Start finding element by ------>By.xpath: //a[text()=' Logout ']
19:26:05  INFO  aplication.MyListener - The element -->By.xpath: //a[text()=' Logout ']was found
19:26:05  INFO  aplication.MyListener - Start finding element by ------>By.xpath: //*[@href='/registration?url=%2Fsearch']
19:26:05  INFO  aplication.MyListener - The element -->By.xpath: //*[@href='/registration?url=%2Fsearch']was found
19:26:06  INFO  aplication.MyListener - Start finding element by ------>By.id: name
19:26:06  INFO  aplication.MyListener - The element -->By.id: namewas found
19:26:06  INFO  aplication.MyListener - Start finding element by ------>By.id: lastName
19:26:06  INFO  aplication.MyListener - The element -->By.id: lastNamewas found
19:26:06  INFO  aplication.MyListener - Start finding element by ------>By.id: email
19:26:06  INFO  aplication.MyListener - The element -->By.id: emailwas found
19:26:06  INFO  aplication.MyListener - Start finding element by ------>By.id: password
19:26:06  INFO  aplication.MyListener - The element -->By.id: passwordwas found
19:26:06  INFO  aplication.MyListener - Start finding element by ------>By.xpath: //label[@for = 'terms-of-use']
19:26:06  INFO  aplication.MyListener - The element -->By.xpath: //label[@for = 'terms-of-use']was found
19:26:06  INFO  aplication.MyListener - Start finding element by ------>By.xpath: //button[@type='submit']
19:26:06  INFO  aplication.MyListener - The element -->By.xpath: //button[@type='submit']was found
19:26:06  INFO  aplication.MyListener - Start finding element by ------>By.xpath: //button[text()='Ok']
19:26:07  INFO  aplication.MyListener - The element -->By.xpath: //button[text()='Ok']was found
19:26:07  INFO  aplication.MyListener - Start finding element by ------>By.xpath: //button[text()='Ok']
19:26:07  INFO  aplication.MyListener - The element -->By.xpath: //button[text()='Ok']was found
19:26:07  INFO  aplication.MyListener - Start finding element by ------>By.xpath: //a[text()=' Logout ']
19:26:07  INFO  aplication.MyListener - The element -->By.xpath: //a[text()=' Logout ']was found
19:26:07  INFO  aplication.MyListener - Start finding element by ------>By.xpath: //a[text()=' Logout ']
19:26:07  INFO  aplication.MyListener - The element -->By.xpath: //a[text()=' Logout ']was found
