21:30:38  INFO  aplication.MyListener - Start finding element by ------>By.id: city
21:30:38  INFO  aplication.MyListener - The element -->By.id: citywas found
21:30:38  INFO  aplication.MyListener - Start finding element by ------>By.xpath: //div[@class='pac-container pac-logo']//div[1]
21:30:38  INFO  aplication.MyListener - The element -->By.xpath: //div[@class='pac-container pac-logo']//div[1]was found
21:30:38  INFO  aplication.MyListener - Start finding element by ------>By.id: dates
21:30:38  INFO  aplication.MyListener - The element -->By.id: dateswas found
21:30:39  INFO  aplication.MyListener - Start finding element by ------>By.cssSelector: button[aria-label='Choose month and year']
21:30:39  INFO  aplication.MyListener - The element -->By.cssSelector: button[aria-label='Choose month and year']was found
21:30:39  INFO  aplication.MyListener - Start finding element by ------>By.xpath: //div[text()=' 2021 ']
21:30:39  INFO  aplication.MyListener - The element -->By.xpath: //div[text()=' 2021 ']was found
21:30:39  INFO  aplication.MyListener - Start finding element by ------>By.xpath: //div[text()=' NOV ']
21:30:39  INFO  aplication.MyListener - The element -->By.xpath: //div[text()=' NOV ']was found
21:30:39  INFO  aplication.MyListener - Start finding element by ------>By.xpath: //div[text()=' 27 ']
21:30:39  INFO  aplication.MyListener - The element -->By.xpath: //div[text()=' 27 ']was found
21:30:39  INFO  aplication.MyListener - Start finding element by ------>By.xpath: //div[text()=' 30 ']
21:30:39  INFO  aplication.MyListener - The element -->By.xpath: //div[text()=' 30 ']was found
21:30:39  INFO  aplication.MyListener - Start finding element by ------>By.cssSelector: button[type='submit']
21:30:39  INFO  aplication.MyListener - The element -->By.cssSelector: button[type='submit']was found
21:30:39  INFO  aplication.MyListener - Start finding element by ------>By.cssSelector: button[type='submit']
21:30:39  INFO  aplication.MyListener - The element -->By.cssSelector: button[type='submit']was found
21:30:40  INFO  aplication.MyListener - Start finding element by ------>By.xpath: //div[@class='search-results-card']//a[1]
21:30:41  INFO  aplication.MyListener - The element -->By.xpath: //div[@class='search-results-card']//a[1]was found
21:30:43  INFO  aplication.MyListener - Start finding element by ------>By.xpath: //button[text()='Rent now!! ']
21:30:43  INFO  aplication.MyListener - The element -->By.xpath: //button[text()='Rent now!! ']was found
21:30:43  INFO  aplication.MyListener - Start finding element by ------>By.xpath: //button[text()='Rent now!! ']
21:30:43  INFO  aplication.MyListener - The element -->By.xpath: //button[text()='Rent now!! ']was found
21:30:44  INFO  aplication.MyListener - Start finding element by ------>By.id: email
21:30:44  INFO  aplication.MyListener - The element -->By.id: emailwas found
21:30:44  INFO  aplication.MyListener - Start finding element by ------>By.id: password
21:30:44  INFO  aplication.MyListener - The element -->By.id: passwordwas found
21:30:44  INFO  aplication.MyListener - Start finding element by ------>By.cssSelector: button[type='submit']
21:30:44  INFO  aplication.MyListener - The element -->By.cssSelector: button[type='submit']was found
21:30:44  INFO  aplication.MyListener - Start finding element by ------>By.xpath: button[type='submit']
21:30:54  INFO  aplication.MyListener - We heave throwable -->no such element: Unable to locate element: {"method":"xpath","selector":"button[type='submit']"}
  (Session info: chrome=95.0.4638.54)
For documentation on this error, please visit: https://www.seleniumhq.org/exceptions/no_such_element.html
Build info: version: '3.141.59', revision: 'e82be7d358', time: '2018-11-14T08:17:03'
System info: host: 'DESKTOP-3UOK3PE', ip: '10.100.102.16', os.name: 'Windows 10', os.arch: 'amd64', os.version: '10.0', java.version: '1.8.0_301'
Driver info: org.openqa.selenium.chrome.ChromeDriver
Capabilities {acceptInsecureCerts: false, browserName: chrome, browserVersion: 95.0.4638.54, chrome: {chromedriverVersion: 94.0.4606.41 (333e85df3c9b6..., userDataDir: C:\Users\Owner\AppData\Loca...}, goog:chromeOptions: {debuggerAddress: localhost:65482}, javascriptEnabled: true, networkConnectionEnabled: false, pageLoadStrategy: normal, platform: WINDOWS, platformName: WINDOWS, proxy: Proxy(), setWindowRect: true, strictFileInteractability: false, timeouts: {implicit: 0, pageLoad: 300000, script: 30000}, unhandledPromptBehavior: dismiss and notify, webauthn:extension:credBlob: true, webauthn:extension:largeBlob: true, webauthn:virtualAuthenticators: true}
Session ID: d9aa353e1c95fa7f956eff399321982f
*** Element info: {Using=xpath, value=button[type='submit']}
