15:19:29  INFO  aplication.MyListener - Start finding element by ------>By.xpath: //a[text()=' Log in ']
15:19:29  INFO  aplication.MyListener - The element -->By.xpath: //a[text()=' Log in ']was found
15:19:29  INFO  aplication.MyListener - Start finding element by ------>By.id: email
15:19:29  INFO  aplication.MyListener - The element -->By.id: emailwas found
15:19:29  INFO  aplication.MyListener - Start finding element by ------>By.id: password
15:19:29  INFO  aplication.MyListener - The element -->By.id: passwordwas found
15:19:29  INFO  aplication.MyListener - Start finding element by ------>By.xpath: //button[@type='submit']
15:19:30  INFO  aplication.MyListener - The element -->By.xpath: //button[@type='submit']was found
15:19:30  INFO  aplication.MyListener - Start finding element by ------>By.xpath: //a[@href='/let-car-work']
15:19:30  INFO  aplication.MyListener - The element -->By.xpath: //a[@href='/let-car-work']was found
15:19:30  INFO  aplication.MyListener - Start finding element by ------>By.id: pickUpPlace
15:19:30  INFO  aplication.MyListener - The element -->By.id: pickUpPlacewas found
15:19:31  INFO  aplication.MyListener - Start finding element by ------>By.cssSelector: div.pac-item
15:19:31  INFO  aplication.MyListener - The element -->By.cssSelector: div.pac-itemwas found
15:19:31  INFO  aplication.MyListener - Start finding element by ------>By.id: make
15:19:31  INFO  aplication.MyListener - The element -->By.id: makewas found
15:19:31  INFO  aplication.MyListener - Start finding element by ------>By.id: model
15:19:32  INFO  aplication.MyListener - The element -->By.id: modelwas found
15:19:32  INFO  aplication.MyListener - Start finding element by ------>By.id: year
15:19:32  INFO  aplication.MyListener - The element -->By.id: yearwas found
15:19:32  INFO  aplication.MyListener - Start finding element by ------>By.id: engine
15:19:32  INFO  aplication.MyListener - The element -->By.id: enginewas found
15:19:32  INFO  aplication.MyListener - Start finding element by ------>By.id: fuel
15:19:32  INFO  aplication.MyListener - The element -->By.id: fuelwas found
15:19:32  INFO  aplication.MyListener - Start finding element by ------>By.xpath: .//option[@value = "Petrol"]
15:19:32  INFO  aplication.MyListener - The element -->By.xpath: .//option[@value = "Petrol"]was found
15:19:32  INFO  aplication.MyListener - Start finding element by ------>By.id: gear
15:19:32  INFO  aplication.MyListener - The element -->By.id: gearwas found
15:19:32  INFO  aplication.MyListener - Start finding element by ------>By.xpath: .//option[@value = "MT"]
15:19:32  INFO  aplication.MyListener - The element -->By.xpath: .//option[@value = "MT"]was found
15:19:32  INFO  aplication.MyListener - Start finding element by ------>By.id: wheelsDrive
15:19:32  INFO  aplication.MyListener - The element -->By.id: wheelsDrivewas found
15:19:32  INFO  aplication.MyListener - Start finding element by ------>By.xpath: .//option[@value = "AWD"]
15:19:32  INFO  aplication.MyListener - The element -->By.xpath: .//option[@value = "AWD"]was found
15:19:32  INFO  aplication.MyListener - Start finding element by ------>By.id: doors
15:19:32  INFO  aplication.MyListener - The element -->By.id: doorswas found
15:19:33  INFO  aplication.MyListener - Start finding element by ------>By.id: seats
15:19:33  INFO  aplication.MyListener - The element -->By.id: seatswas found
15:19:33  INFO  aplication.MyListener - Start finding element by ------>By.id: class
15:19:33  INFO  aplication.MyListener - The element -->By.id: classwas found
15:19:33  INFO  aplication.MyListener - Start finding element by ------>By.id: fuelConsumption
15:19:33  INFO  aplication.MyListener - The element -->By.id: fuelConsumptionwas found
15:19:33  INFO  aplication.MyListener - Start finding element by ------>By.id: serialNumber
15:19:33  INFO  aplication.MyListener - The element -->By.id: serialNumberwas found
15:19:33  INFO  aplication.MyListener - Start finding element by ------>By.id: price
15:19:33  INFO  aplication.MyListener - The element -->By.id: pricewas found
15:19:33  INFO  aplication.MyListener - Start finding element by ------>By.id: distance
15:19:33  INFO  aplication.MyListener - The element -->By.id: distancewas found
15:19:34  INFO  aplication.MyListener - Start finding element by ------>By.cssSelector: .feature-input
15:19:34  INFO  aplication.MyListener - The element -->By.cssSelector: .feature-inputwas found
15:19:34  INFO  aplication.MyListener - Start finding element by ------>By.id: about
15:19:34  INFO  aplication.MyListener - The element -->By.id: aboutwas found
15:19:34  INFO  aplication.MyListener - Start finding element by ------>By.id: photos
15:19:34  INFO  aplication.MyListener - The element -->By.id: photoswas found
15:19:39  INFO  aplication.MyListener - Start finding element by ------>By.xpath: //button[text()='Submit']
15:19:39  INFO  aplication.MyListener - The element -->By.xpath: //button[text()='Submit']was found
15:19:39  INFO  aplication.MyListener - Start finding element by ------>By.xpath: //button[text()='Submit']
15:19:39  INFO  aplication.MyListener - The element -->By.xpath: //button[text()='Submit']was found
15:19:39  INFO  aplication.MyListener - Start finding element by ------>By.xpath: //button[text()='Search cars']
15:19:41  INFO  aplication.MyListener - The element -->By.xpath: //button[text()='Search cars']was found
15:19:41  INFO  aplication.MyListener - Start finding element by ------>By.xpath: //button[text()='Search cars']
15:19:41  INFO  aplication.MyListener - The element -->By.xpath: //button[text()='Search cars']was found
15:19:41  INFO  aplication.MyListener - Start finding element by ------>By.xpath: //a[text()=' Logout ']
15:19:41  INFO  aplication.MyListener - The element -->By.xpath: //a[text()=' Logout ']was found
15:19:41  INFO  aplication.MyListener - Start finding element by ------>By.xpath: //a[text()=' Logout ']
15:19:41  INFO  aplication.MyListener - The element -->By.xpath: //a[text()=' Logout ']was found
