22:12:28  INFO  aplication.MyListener - Start finding element by ------>By.xpath: //a[text()=' Log in ']
22:12:28  INFO  aplication.MyListener - The element -->By.xpath: //a[text()=' Log in ']was found
22:12:28  INFO  aplication.MyListener - Start finding element by ------>By.id: email
22:12:28  INFO  aplication.MyListener - The element -->By.id: emailwas found
22:12:29  INFO  aplication.MyListener - Start finding element by ------>By.id: password
22:12:29  INFO  aplication.MyListener - The element -->By.id: passwordwas found
22:12:29  INFO  aplication.MyListener - Start finding element by ------>By.xpath: //button[@type='submit']
22:12:29  INFO  aplication.MyListener - The element -->By.xpath: //button[@type='submit']was found
22:12:29  INFO  aplication.MyListener - Start finding element by ------>By.xpath: //a[@href='/let-car-work']
22:12:29  INFO  aplication.MyListener - The element -->By.xpath: //a[@href='/let-car-work']was found
22:12:29  INFO  aplication.MyListener - Start finding element by ------>By.id: pickUpPlace
22:12:29  INFO  aplication.MyListener - The element -->By.id: pickUpPlacewas found
22:12:30  INFO  aplication.MyListener - Start finding element by ------>By.cssSelector: div.pac-item
22:12:30  INFO  aplication.MyListener - The element -->By.cssSelector: div.pac-itemwas found
22:12:30  INFO  aplication.MyListener - Start finding element by ------>By.id: make
22:12:30  INFO  aplication.MyListener - The element -->By.id: makewas found
22:12:31  INFO  aplication.MyListener - Start finding element by ------>By.id: model
22:12:31  INFO  aplication.MyListener - The element -->By.id: modelwas found
22:12:31  INFO  aplication.MyListener - Start finding element by ------>By.id: year
22:12:31  INFO  aplication.MyListener - The element -->By.id: yearwas found
22:12:31  INFO  aplication.MyListener - Start finding element by ------>By.id: engine
22:12:31  INFO  aplication.MyListener - The element -->By.id: enginewas found
22:12:31  INFO  aplication.MyListener - Start finding element by ------>By.id: fuel
22:12:31  INFO  aplication.MyListener - The element -->By.id: fuelwas found
22:12:31  INFO  aplication.MyListener - Start finding element by ------>By.xpath: .//option[@value = "Petrol"]
22:12:31  INFO  aplication.MyListener - The element -->By.xpath: .//option[@value = "Petrol"]was found
22:12:31  INFO  aplication.MyListener - Start finding element by ------>By.id: gear
22:12:31  INFO  aplication.MyListener - The element -->By.id: gearwas found
22:12:31  INFO  aplication.MyListener - Start finding element by ------>By.xpath: .//option[@value = "MT"]
22:12:31  INFO  aplication.MyListener - The element -->By.xpath: .//option[@value = "MT"]was found
22:12:31  INFO  aplication.MyListener - Start finding element by ------>By.id: wheelsDrive
22:12:31  INFO  aplication.MyListener - The element -->By.id: wheelsDrivewas found
22:12:31  INFO  aplication.MyListener - Start finding element by ------>By.xpath: .//option[@value = "AWD"]
22:12:31  INFO  aplication.MyListener - The element -->By.xpath: .//option[@value = "AWD"]was found
22:12:32  INFO  aplication.MyListener - Start finding element by ------>By.id: doors
22:12:32  INFO  aplication.MyListener - The element -->By.id: doorswas found
22:12:32  INFO  aplication.MyListener - Start finding element by ------>By.id: seats
22:12:32  INFO  aplication.MyListener - The element -->By.id: seatswas found
22:12:32  INFO  aplication.MyListener - Start finding element by ------>By.id: class
22:12:32  INFO  aplication.MyListener - The element -->By.id: classwas found
22:12:32  INFO  aplication.MyListener - Start finding element by ------>By.id: fuelConsumption
22:12:32  INFO  aplication.MyListener - The element -->By.id: fuelConsumptionwas found
22:12:32  INFO  aplication.MyListener - Start finding element by ------>By.id: serialNumber
22:12:32  INFO  aplication.MyListener - The element -->By.id: serialNumberwas found
22:12:32  INFO  aplication.MyListener - Start finding element by ------>By.id: price
22:12:32  INFO  aplication.MyListener - The element -->By.id: pricewas found
22:12:32  INFO  aplication.MyListener - Start finding element by ------>By.id: distance
22:12:33  INFO  aplication.MyListener - The element -->By.id: distancewas found
22:12:33  INFO  aplication.MyListener - Start finding element by ------>By.cssSelector: .feature-input
22:12:33  INFO  aplication.MyListener - The element -->By.cssSelector: .feature-inputwas found
22:12:33  INFO  aplication.MyListener - Start finding element by ------>By.id: about
22:12:33  INFO  aplication.MyListener - The element -->By.id: aboutwas found
22:12:33  INFO  aplication.MyListener - Start finding element by ------>By.id: photos
22:12:33  INFO  aplication.MyListener - The element -->By.id: photoswas found
22:12:38  INFO  aplication.MyListener - Start finding element by ------>By.xpath: //button[text()='Submit']
22:12:38  INFO  aplication.MyListener - The element -->By.xpath: //button[text()='Submit']was found
22:12:38  INFO  aplication.MyListener - Start finding element by ------>By.xpath: //button[text()='Submit']
22:12:38  INFO  aplication.MyListener - The element -->By.xpath: //button[text()='Submit']was found
22:12:38  INFO  aplication.MyListener - Start finding element by ------>By.xpath: //button[text()='Search cars']
22:12:48  INFO  aplication.MyListener - We heave throwable -->no such element: Unable to locate element: {"method":"xpath","selector":"//button[text()='Search cars']"}
  (Session info: chrome=94.0.4606.81)
For documentation on this error, please visit: https://www.seleniumhq.org/exceptions/no_such_element.html
Build info: version: '3.141.59', revision: 'e82be7d358', time: '2018-11-14T08:17:03'
System info: host: 'DESKTOP-3UOK3PE', ip: '10.100.102.16', os.name: 'Windows 10', os.arch: 'amd64', os.version: '10.0', java.version: '1.8.0_301'
Driver info: org.openqa.selenium.chrome.ChromeDriver
Capabilities {acceptInsecureCerts: false, browserName: chrome, browserVersion: 94.0.4606.81, chrome: {chromedriverVersion: 94.0.4606.41 (333e85df3c9b6..., userDataDir: C:\Users\Owner\AppData\Loca...}, goog:chromeOptions: {debuggerAddress: localhost:52599}, javascriptEnabled: true, networkConnectionEnabled: false, pageLoadStrategy: normal, platform: WINDOWS, platformName: WINDOWS, proxy: Proxy(), setWindowRect: true, strictFileInteractability: false, timeouts: {implicit: 0, pageLoad: 300000, script: 30000}, unhandledPromptBehavior: dismiss and notify, webauthn:extension:credBlob: true, webauthn:extension:largeBlob: true, webauthn:virtualAuthenticators: true}
Session ID: d7884bdc0e70c5afa3235ab6d3520d66
*** Element info: {Using=xpath, value=//button[text()='Search cars']}
22:12:48  INFO  aplication.MyListener - Start finding element by ------>By.id: city
22:12:59  INFO  aplication.MyListener - We heave throwable -->no such element: Unable to locate element: {"method":"css selector","selector":"#city"}
  (Session info: chrome=94.0.4606.81)
For documentation on this error, please visit: https://www.seleniumhq.org/exceptions/no_such_element.html
Build info: version: '3.141.59', revision: 'e82be7d358', time: '2018-11-14T08:17:03'
System info: host: 'DESKTOP-3UOK3PE', ip: '10.100.102.16', os.name: 'Windows 10', os.arch: 'amd64', os.version: '10.0', java.version: '1.8.0_301'
Driver info: org.openqa.selenium.chrome.ChromeDriver
Capabilities {acceptInsecureCerts: false, browserName: chrome, browserVersion: 94.0.4606.81, chrome: {chromedriverVersion: 94.0.4606.41 (333e85df3c9b6..., userDataDir: C:\Users\Owner\AppData\Loca...}, goog:chromeOptions: {debuggerAddress: localhost:52599}, javascriptEnabled: true, networkConnectionEnabled: false, pageLoadStrategy: normal, platform: WINDOWS, platformName: WINDOWS, proxy: Proxy(), setWindowRect: true, strictFileInteractability: false, timeouts: {implicit: 0, pageLoad: 300000, script: 30000}, unhandledPromptBehavior: dismiss and notify, webauthn:extension:credBlob: true, webauthn:extension:largeBlob: true, webauthn:virtualAuthenticators: true}
Session ID: d7884bdc0e70c5afa3235ab6d3520d66
*** Element info: {Using=id, value=city}
22:12:59  INFO  aplication.MyListener - Start finding element by ------>By.id: city
22:13:09  INFO  aplication.MyListener - We heave throwable -->no such element: Unable to locate element: {"method":"css selector","selector":"#city"}
  (Session info: chrome=94.0.4606.81)
For documentation on this error, please visit: https://www.seleniumhq.org/exceptions/no_such_element.html
Build info: version: '3.141.59', revision: 'e82be7d358', time: '2018-11-14T08:17:03'
System info: host: 'DESKTOP-3UOK3PE', ip: '10.100.102.16', os.name: 'Windows 10', os.arch: 'amd64', os.version: '10.0', java.version: '1.8.0_301'
Driver info: org.openqa.selenium.chrome.ChromeDriver
Capabilities {acceptInsecureCerts: false, browserName: chrome, browserVersion: 94.0.4606.81, chrome: {chromedriverVersion: 94.0.4606.41 (333e85df3c9b6..., userDataDir: C:\Users\Owner\AppData\Loca...}, goog:chromeOptions: {debuggerAddress: localhost:52599}, javascriptEnabled: true, networkConnectionEnabled: false, pageLoadStrategy: normal, platform: WINDOWS, platformName: WINDOWS, proxy: Proxy(), setWindowRect: true, strictFileInteractability: false, timeouts: {implicit: 0, pageLoad: 300000, script: 30000}, unhandledPromptBehavior: dismiss and notify, webauthn:extension:credBlob: true, webauthn:extension:largeBlob: true, webauthn:virtualAuthenticators: true}
Session ID: d7884bdc0e70c5afa3235ab6d3520d66
*** Element info: {Using=id, value=city}
22:13:09  INFO  aplication.MyListener - Start finding element by ------>By.xpath: //div[@class='header']//a[@class='logo']
22:13:09  INFO  aplication.MyListener - The element -->By.xpath: //div[@class='header']//a[@class='logo']was found
22:13:19  INFO  aplication.MyListener - We heave throwable -->element not interactable
  (Session info: chrome=94.0.4606.81)
Build info: version: '3.141.59', revision: 'e82be7d358', time: '2018-11-14T08:17:03'
System info: host: 'DESKTOP-3UOK3PE', ip: '10.100.102.16', os.name: 'Windows 10', os.arch: 'amd64', os.version: '10.0', java.version: '1.8.0_301'
Driver info: org.openqa.selenium.chrome.ChromeDriver
Capabilities {acceptInsecureCerts: false, browserName: chrome, browserVersion: 94.0.4606.81, chrome: {chromedriverVersion: 94.0.4606.41 (333e85df3c9b6..., userDataDir: C:\Users\Owner\AppData\Loca...}, goog:chromeOptions: {debuggerAddress: localhost:52599}, javascriptEnabled: true, networkConnectionEnabled: false, pageLoadStrategy: normal, platform: WINDOWS, platformName: WINDOWS, proxy: Proxy(), setWindowRect: true, strictFileInteractability: false, timeouts: {implicit: 0, pageLoad: 300000, script: 30000}, unhandledPromptBehavior: dismiss and notify, webauthn:extension:credBlob: true, webauthn:extension:largeBlob: true, webauthn:virtualAuthenticators: true}
Session ID: d7884bdc0e70c5afa3235ab6d3520d66
22:13:19  INFO  aplication.MyListener - Start finding element by ------>By.xpath: //a[text()=' Logout ']
22:13:19  INFO  aplication.MyListener - The element -->By.xpath: //a[text()=' Logout ']was found
22:13:19  INFO  aplication.MyListener - Start finding element by ------>By.xpath: //a[text()=' Logout ']
22:13:19  INFO  aplication.MyListener - The element -->By.xpath: //a[text()=' Logout ']was found
22:13:29  INFO  aplication.MyListener - We heave throwable -->element not interactable
  (Session info: chrome=94.0.4606.81)
Build info: version: '3.141.59', revision: 'e82be7d358', time: '2018-11-14T08:17:03'
System info: host: 'DESKTOP-3UOK3PE', ip: '10.100.102.16', os.name: 'Windows 10', os.arch: 'amd64', os.version: '10.0', java.version: '1.8.0_301'
Driver info: org.openqa.selenium.chrome.ChromeDriver
Capabilities {acceptInsecureCerts: false, browserName: chrome, browserVersion: 94.0.4606.81, chrome: {chromedriverVersion: 94.0.4606.41 (333e85df3c9b6..., userDataDir: C:\Users\Owner\AppData\Loca...}, goog:chromeOptions: {debuggerAddress: localhost:52599}, javascriptEnabled: true, networkConnectionEnabled: false, pageLoadStrategy: normal, platform: WINDOWS, platformName: WINDOWS, proxy: Proxy(), setWindowRect: true, strictFileInteractability: false, timeouts: {implicit: 0, pageLoad: 300000, script: 30000}, unhandledPromptBehavior: dismiss and notify, webauthn:extension:credBlob: true, webauthn:extension:largeBlob: true, webauthn:virtualAuthenticators: true}
Session ID: d7884bdc0e70c5afa3235ab6d3520d66
22:13:29  INFO  aplication.MyListener - Start finding element by ------>By.xpath: //button[.='Ok']
22:13:39  INFO  aplication.MyListener - The element -->By.xpath: //button[.='Ok']was found
22:13:39  INFO  aplication.MyListener - Start finding element by ------>By.xpath: //a[text()=' Logout ']
22:13:39  INFO  aplication.MyListener - The element -->By.xpath: //a[text()=' Logout ']was found
22:13:39  INFO  aplication.MyListener - Start finding element by ------>By.xpath: //a[text()=' Logout ']
22:13:39  INFO  aplication.MyListener - The element -->By.xpath: //a[text()=' Logout ']was found
22:13:49  INFO  aplication.MyListener - We heave throwable -->element not interactable
  (Session info: chrome=94.0.4606.81)
Build info: version: '3.141.59', revision: 'e82be7d358', time: '2018-11-14T08:17:03'
System info: host: 'DESKTOP-3UOK3PE', ip: '10.100.102.16', os.name: 'Windows 10', os.arch: 'amd64', os.version: '10.0', java.version: '1.8.0_301'
Driver info: org.openqa.selenium.chrome.ChromeDriver
Capabilities {acceptInsecureCerts: false, browserName: chrome, browserVersion: 94.0.4606.81, chrome: {chromedriverVersion: 94.0.4606.41 (333e85df3c9b6..., userDataDir: C:\Users\Owner\AppData\Loca...}, goog:chromeOptions: {debuggerAddress: localhost:52599}, javascriptEnabled: true, networkConnectionEnabled: false, pageLoadStrategy: normal, platform: WINDOWS, platformName: WINDOWS, proxy: Proxy(), setWindowRect: true, strictFileInteractability: false, timeouts: {implicit: 0, pageLoad: 300000, script: 30000}, unhandledPromptBehavior: dismiss and notify, webauthn:extension:credBlob: true, webauthn:extension:largeBlob: true, webauthn:virtualAuthenticators: true}
Session ID: d7884bdc0e70c5afa3235ab6d3520d66
22:13:49  INFO  aplication.MyListener - Start finding element by ------>By.xpath: //button[.='Ok']
22:13:59  INFO  aplication.MyListener - The element -->By.xpath: //button[.='Ok']was found
22:13:59  INFO  aplication.MyListener - Start finding element by ------>By.xpath: //a[text()=' Logout ']
22:13:59  INFO  aplication.MyListener - The element -->By.xpath: //a[text()=' Logout ']was found
22:13:59  INFO  aplication.MyListener - Start finding element by ------>By.xpath: //a[text()=' Logout ']
22:13:59  INFO  aplication.MyListener - The element -->By.xpath: //a[text()=' Logout ']was found
22:14:09  INFO  aplication.MyListener - We heave throwable -->element not interactable
  (Session info: chrome=94.0.4606.81)
Build info: version: '3.141.59', revision: 'e82be7d358', time: '2018-11-14T08:17:03'
System info: host: 'DESKTOP-3UOK3PE', ip: '10.100.102.16', os.name: 'Windows 10', os.arch: 'amd64', os.version: '10.0', java.version: '1.8.0_301'
Driver info: org.openqa.selenium.chrome.ChromeDriver
Capabilities {acceptInsecureCerts: false, browserName: chrome, browserVersion: 94.0.4606.81, chrome: {chromedriverVersion: 94.0.4606.41 (333e85df3c9b6..., userDataDir: C:\Users\Owner\AppData\Loca...}, goog:chromeOptions: {debuggerAddress: localhost:52599}, javascriptEnabled: true, networkConnectionEnabled: false, pageLoadStrategy: normal, platform: WINDOWS, platformName: WINDOWS, proxy: Proxy(), setWindowRect: true, strictFileInteractability: false, timeouts: {implicit: 0, pageLoad: 300000, script: 30000}, unhandledPromptBehavior: dismiss and notify, webauthn:extension:credBlob: true, webauthn:extension:largeBlob: true, webauthn:virtualAuthenticators: true}
Session ID: d7884bdc0e70c5afa3235ab6d3520d66
22:14:09  INFO  aplication.MyListener - Start finding element by ------>By.xpath: //a[text()=' Logout ']
22:14:09  INFO  aplication.MyListener - The element -->By.xpath: //a[text()=' Logout ']was found
22:14:09  INFO  aplication.MyListener - Start finding element by ------>By.xpath: //a[text()=' Logout ']
22:14:09  INFO  aplication.MyListener - The element -->By.xpath: //a[text()=' Logout ']was found
22:14:19  INFO  aplication.MyListener - We heave throwable -->element not interactable
  (Session info: chrome=94.0.4606.81)
Build info: version: '3.141.59', revision: 'e82be7d358', time: '2018-11-14T08:17:03'
System info: host: 'DESKTOP-3UOK3PE', ip: '10.100.102.16', os.name: 'Windows 10', os.arch: 'amd64', os.version: '10.0', java.version: '1.8.0_301'
Driver info: org.openqa.selenium.chrome.ChromeDriver
Capabilities {acceptInsecureCerts: false, browserName: chrome, browserVersion: 94.0.4606.81, chrome: {chromedriverVersion: 94.0.4606.41 (333e85df3c9b6..., userDataDir: C:\Users\Owner\AppData\Loca...}, goog:chromeOptions: {debuggerAddress: localhost:52599}, javascriptEnabled: true, networkConnectionEnabled: false, pageLoadStrategy: normal, platform: WINDOWS, platformName: WINDOWS, proxy: Proxy(), setWindowRect: true, strictFileInteractability: false, timeouts: {implicit: 0, pageLoad: 300000, script: 30000}, unhandledPromptBehavior: dismiss and notify, webauthn:extension:credBlob: true, webauthn:extension:largeBlob: true, webauthn:virtualAuthenticators: true}
Session ID: d7884bdc0e70c5afa3235ab6d3520d66
22:14:19  INFO  aplication.MyListener - Start finding element by ------>By.xpath: //a[text()=' Logout ']
22:14:19  INFO  aplication.MyListener - The element -->By.xpath: //a[text()=' Logout ']was found
22:14:19  INFO  aplication.MyListener - Start finding element by ------>By.xpath: //a[text()=' Logout ']
22:14:19  INFO  aplication.MyListener - The element -->By.xpath: //a[text()=' Logout ']was found
22:14:29  INFO  aplication.MyListener - We heave throwable -->element not interactable
  (Session info: chrome=94.0.4606.81)
Build info: version: '3.141.59', revision: 'e82be7d358', time: '2018-11-14T08:17:03'
System info: host: 'DESKTOP-3UOK3PE', ip: '10.100.102.16', os.name: 'Windows 10', os.arch: 'amd64', os.version: '10.0', java.version: '1.8.0_301'
Driver info: org.openqa.selenium.chrome.ChromeDriver
Capabilities {acceptInsecureCerts: false, browserName: chrome, browserVersion: 94.0.4606.81, chrome: {chromedriverVersion: 94.0.4606.41 (333e85df3c9b6..., userDataDir: C:\Users\Owner\AppData\Loca...}, goog:chromeOptions: {debuggerAddress: localhost:52599}, javascriptEnabled: true, networkConnectionEnabled: false, pageLoadStrategy: normal, platform: WINDOWS, platformName: WINDOWS, proxy: Proxy(), setWindowRect: true, strictFileInteractability: false, timeouts: {implicit: 0, pageLoad: 300000, script: 30000}, unhandledPromptBehavior: dismiss and notify, webauthn:extension:credBlob: true, webauthn:extension:largeBlob: true, webauthn:virtualAuthenticators: true}
Session ID: d7884bdc0e70c5afa3235ab6d3520d66
22:14:29  INFO  aplication.MyListener - Start finding element by ------>By.xpath: //a[text()=' Logout ']
22:14:30  INFO  aplication.MyListener - The element -->By.xpath: //a[text()=' Logout ']was found
22:14:30  INFO  aplication.MyListener - Start finding element by ------>By.xpath: //a[text()=' Logout ']
22:14:30  INFO  aplication.MyListener - The element -->By.xpath: //a[text()=' Logout ']was found
22:14:40  INFO  aplication.MyListener - We heave throwable -->element not interactable
  (Session info: chrome=94.0.4606.81)
Build info: version: '3.141.59', revision: 'e82be7d358', time: '2018-11-14T08:17:03'
System info: host: 'DESKTOP-3UOK3PE', ip: '10.100.102.16', os.name: 'Windows 10', os.arch: 'amd64', os.version: '10.0', java.version: '1.8.0_301'
Driver info: org.openqa.selenium.chrome.ChromeDriver
Capabilities {acceptInsecureCerts: false, browserName: chrome, browserVersion: 94.0.4606.81, chrome: {chromedriverVersion: 94.0.4606.41 (333e85df3c9b6..., userDataDir: C:\Users\Owner\AppData\Loca...}, goog:chromeOptions: {debuggerAddress: localhost:52599}, javascriptEnabled: true, networkConnectionEnabled: false, pageLoadStrategy: normal, platform: WINDOWS, platformName: WINDOWS, proxy: Proxy(), setWindowRect: true, strictFileInteractability: false, timeouts: {implicit: 0, pageLoad: 300000, script: 30000}, unhandledPromptBehavior: dismiss and notify, webauthn:extension:credBlob: true, webauthn:extension:largeBlob: true, webauthn:virtualAuthenticators: true}
Session ID: d7884bdc0e70c5afa3235ab6d3520d66
