18:22:19  INFO  aplication.MyListener - Start finding element by ------>By.xpath: //a[text()=' Log in ']
18:22:20  INFO  aplication.MyListener - The element -->By.xpath: //a[text()=' Log in ']was found
18:22:20  INFO  aplication.MyListener - Start finding element by ------>By.id: email
18:22:20  INFO  aplication.MyListener - The element -->By.id: emailwas found
18:22:21  INFO  aplication.MyListener - Start finding element by ------>By.id: password
18:22:21  INFO  aplication.MyListener - The element -->By.id: passwordwas found
18:22:21  INFO  aplication.MyListener - Start finding element by ------>By.xpath: //button[@type='submit']
18:22:21  INFO  aplication.MyListener - The element -->By.xpath: //button[@type='submit']was found
18:22:21  INFO  aplication.MyListener - Start finding element by ------>By.xpath: //a[@href='/let-car-work']
18:22:21  INFO  aplication.MyListener - The element -->By.xpath: //a[@href='/let-car-work']was found
18:22:21  INFO  aplication.MyListener - Start finding element by ------>By.id: pickUpPlace
18:22:21  INFO  aplication.MyListener - The element -->By.id: pickUpPlacewas found
18:22:22  INFO  aplication.MyListener - Start finding element by ------>By.cssSelector: div.pac-item
18:22:22  INFO  aplication.MyListener - The element -->By.cssSelector: div.pac-itemwas found
18:22:22  INFO  aplication.MyListener - Start finding element by ------>By.id: make
18:22:23  INFO  aplication.MyListener - The element -->By.id: makewas found
18:22:23  INFO  aplication.MyListener - Start finding element by ------>By.id: model
18:22:23  INFO  aplication.MyListener - The element -->By.id: modelwas found
18:22:23  INFO  aplication.MyListener - Start finding element by ------>By.id: year
18:22:23  INFO  aplication.MyListener - The element -->By.id: yearwas found
18:22:23  INFO  aplication.MyListener - Start finding element by ------>By.id: engine
18:22:23  INFO  aplication.MyListener - The element -->By.id: enginewas found
18:22:23  INFO  aplication.MyListener - Start finding element by ------>By.id: fuel
18:22:23  INFO  aplication.MyListener - The element -->By.id: fuelwas found
18:22:23  INFO  aplication.MyListener - Start finding element by ------>By.xpath: .//option[@value = "Petrol"]
18:22:23  INFO  aplication.MyListener - The element -->By.xpath: .//option[@value = "Petrol"]was found
18:22:23  INFO  aplication.MyListener - Start finding element by ------>By.id: gear
18:22:23  INFO  aplication.MyListener - The element -->By.id: gearwas found
18:22:23  INFO  aplication.MyListener - Start finding element by ------>By.xpath: .//option[@value = "MT"]
18:22:23  INFO  aplication.MyListener - The element -->By.xpath: .//option[@value = "MT"]was found
18:22:24  INFO  aplication.MyListener - Start finding element by ------>By.id: wheelsDrive
18:22:24  INFO  aplication.MyListener - The element -->By.id: wheelsDrivewas found
18:22:24  INFO  aplication.MyListener - Start finding element by ------>By.xpath: .//option[@value = "AWD"]
18:22:24  INFO  aplication.MyListener - The element -->By.xpath: .//option[@value = "AWD"]was found
18:22:24  INFO  aplication.MyListener - Start finding element by ------>By.id: doors
18:22:24  INFO  aplication.MyListener - The element -->By.id: doorswas found
18:22:24  INFO  aplication.MyListener - Start finding element by ------>By.id: seats
18:22:24  INFO  aplication.MyListener - The element -->By.id: seatswas found
18:22:24  INFO  aplication.MyListener - Start finding element by ------>By.id: class
18:22:24  INFO  aplication.MyListener - The element -->By.id: classwas found
18:22:24  INFO  aplication.MyListener - Start finding element by ------>By.id: fuelConsumption
18:22:24  INFO  aplication.MyListener - The element -->By.id: fuelConsumptionwas found
18:22:24  INFO  aplication.MyListener - Start finding element by ------>By.id: serialNumber
18:22:24  INFO  aplication.MyListener - The element -->By.id: serialNumberwas found
18:22:25  INFO  aplication.MyListener - Start finding element by ------>By.id: price
18:22:25  INFO  aplication.MyListener - The element -->By.id: pricewas found
18:22:25  INFO  aplication.MyListener - Start finding element by ------>By.id: distance
18:22:25  INFO  aplication.MyListener - The element -->By.id: distancewas found
18:22:25  INFO  aplication.MyListener - Start finding element by ------>By.cssSelector: .feature-input
18:22:25  INFO  aplication.MyListener - The element -->By.cssSelector: .feature-inputwas found
18:22:25  INFO  aplication.MyListener - Start finding element by ------>By.id: about
18:22:25  INFO  aplication.MyListener - The element -->By.id: aboutwas found
18:22:25  INFO  aplication.MyListener - Start finding element by ------>By.id: photos
18:22:25  INFO  aplication.MyListener - The element -->By.id: photoswas found
18:22:31  INFO  aplication.MyListener - Start finding element by ------>By.xpath: //button[text()='Submit']
18:22:31  INFO  aplication.MyListener - The element -->By.xpath: //button[text()='Submit']was found
18:22:31  INFO  aplication.MyListener - Start finding element by ------>By.xpath: //button[text()='Submit']
18:22:31  INFO  aplication.MyListener - The element -->By.xpath: //button[text()='Submit']was found
18:22:31  INFO  aplication.MyListener - Start finding element by ------>By.xpath: //button[text()='Search cars']
18:22:32  INFO  aplication.MyListener - The element -->By.xpath: //button[text()='Search cars']was found
18:22:32  INFO  aplication.MyListener - Start finding element by ------>By.xpath: //button[text()='Search cars']
18:22:32  INFO  aplication.MyListener - The element -->By.xpath: //button[text()='Search cars']was found
18:22:35  INFO  aplication.MyListener - Start finding element by ------>By.xpath: //a[text()=' Logout ']
18:22:35  INFO  aplication.MyListener - The element -->By.xpath: //a[text()=' Logout ']was found
18:22:35  INFO  aplication.MyListener - Start finding element by ------>By.xpath: //a[text()=' Logout ']
18:22:35  INFO  aplication.MyListener - The element -->By.xpath: //a[text()=' Logout ']was found
18:22:35  INFO  aplication.MyListener - Start finding element by ------>By.id: city
18:22:35  INFO  aplication.MyListener - The element -->By.id: citywas found
18:22:36  INFO  aplication.MyListener - Start finding element by ------>By.xpath: //div[@class='pac-container pac-logo']//div[1]
18:22:36  INFO  aplication.MyListener - The element -->By.xpath: //div[@class='pac-container pac-logo']//div[1]was found
18:22:36  INFO  aplication.MyListener - Start finding element by ------>By.id: dates
18:22:36  INFO  aplication.MyListener - The element -->By.id: dateswas found
18:22:36  INFO  aplication.MyListener - Start finding element by ------>By.cssSelector: button[aria-label='Choose month and year']
18:22:36  INFO  aplication.MyListener - The element -->By.cssSelector: button[aria-label='Choose month and year']was found
18:22:36  INFO  aplication.MyListener - Start finding element by ------>By.xpath: //div[text()=' 2021 ']
18:22:36  INFO  aplication.MyListener - The element -->By.xpath: //div[text()=' 2021 ']was found
18:22:37  INFO  aplication.MyListener - Start finding element by ------>By.xpath: //div[text()=' DEC ']
18:22:37  INFO  aplication.MyListener - The element -->By.xpath: //div[text()=' DEC ']was found
18:22:37  INFO  aplication.MyListener - Start finding element by ------>By.xpath: //div[text()=' 12 ']
18:22:37  INFO  aplication.MyListener - The element -->By.xpath: //div[text()=' 12 ']was found
18:22:37  INFO  aplication.MyListener - Start finding element by ------>By.xpath: //div[text()=' 15 ']
18:22:37  INFO  aplication.MyListener - The element -->By.xpath: //div[text()=' 15 ']was found
18:22:37  INFO  aplication.MyListener - Start finding element by ------>By.cssSelector: button[type='submit']
18:22:37  INFO  aplication.MyListener - The element -->By.cssSelector: button[type='submit']was found
18:22:37  INFO  aplication.MyListener - Start finding element by ------>By.cssSelector: button[type='submit']
18:22:37  INFO  aplication.MyListener - The element -->By.cssSelector: button[type='submit']was found
18:22:37  INFO  aplication.MyListener - Start finding element by ------>By.xpath: //div[@class='header']//a[@class='logo']
18:22:37  INFO  aplication.MyListener - The element -->By.xpath: //div[@class='header']//a[@class='logo']was found
18:22:38  INFO  aplication.MyListener - Start finding element by ------>By.id: city
18:22:38  INFO  aplication.MyListener - The element -->By.id: citywas found
18:22:38  INFO  aplication.MyListener - Start finding element by ------>By.xpath: //div[@class='pac-container pac-logo']//div[1]
18:22:39  INFO  aplication.MyListener - The element -->By.xpath: //div[@class='pac-container pac-logo']//div[1]was found
18:22:39  INFO  aplication.MyListener - Start finding element by ------>By.id: dates
18:22:39  INFO  aplication.MyListener - The element -->By.id: dateswas found
18:22:39  INFO  aplication.MyListener - Start finding element by ------>By.cssSelector: button[aria-label='Next month']
18:22:39  INFO  aplication.MyListener - The element -->By.cssSelector: button[aria-label='Next month']was found
18:22:39  INFO  aplication.MyListener - Start finding element by ------>By.xpath: //div[text()=' 2 ']
18:22:39  INFO  aplication.MyListener - The element -->By.xpath: //div[text()=' 2 ']was found
18:22:39  INFO  aplication.MyListener - Start finding element by ------>By.cssSelector: button[aria-label='Next month']
18:22:39  INFO  aplication.MyListener - The element -->By.cssSelector: button[aria-label='Next month']was found
18:22:39  INFO  aplication.MyListener - Start finding element by ------>By.xpath: //div[text()=' 3 ']
18:22:39  INFO  aplication.MyListener - The element -->By.xpath: //div[text()=' 3 ']was found
18:22:39  INFO  aplication.MyListener - Start finding element by ------>By.cssSelector: button[type='submit']
18:22:39  INFO  aplication.MyListener - The element -->By.cssSelector: button[type='submit']was found
18:22:39  INFO  aplication.MyListener - Start finding element by ------>By.cssSelector: button[type='submit']
18:22:39  INFO  aplication.MyListener - The element -->By.cssSelector: button[type='submit']was found
18:22:40  INFO  aplication.MyListener - Start finding element by ------>By.xpath: //div[@class='header']//a[@class='logo']
18:22:40  INFO  aplication.MyListener - The element -->By.xpath: //div[@class='header']//a[@class='logo']was found
18:22:40  INFO  aplication.MyListener - Start finding element by ------>By.xpath: //div[@class='header']//a[@class='logo']
18:22:40  INFO  aplication.MyListener - The element -->By.xpath: //div[@class='header']//a[@class='logo']was found
18:22:40  INFO  aplication.MyListener - Start finding element by ------>By.id: city
18:22:40  INFO  aplication.MyListener - The element -->By.id: citywas found
18:22:41  INFO  aplication.MyListener - Start finding element by ------>By.xpath: //div[@class='pac-container pac-logo']//div[1]
18:22:41  INFO  aplication.MyListener - The element -->By.xpath: //div[@class='pac-container pac-logo']//div[1]was found
18:22:44  INFO  aplication.MyListener - Start finding element by ------>By.id: dates
18:22:44  INFO  aplication.MyListener - The element -->By.id: dateswas found
18:22:44  INFO  aplication.MyListener - Start finding element by ------>By.cssSelector: .cdk-overlay-container
18:22:44  INFO  aplication.MyListener - The element -->By.cssSelector: .cdk-overlay-containerwas found
18:22:44  INFO  aplication.MyListener - Start finding element by ------>By.xpath: //div[@class='ng-star-inserted']
18:22:44  INFO  aplication.MyListener - The element -->By.xpath: //div[@class='ng-star-inserted']was found
18:22:44  INFO  aplication.MyListener - Start finding element by ------>By.xpath: //div[@class='header']//a[@class='logo']
18:22:44  INFO  aplication.MyListener - The element -->By.xpath: //div[@class='header']//a[@class='logo']was found
18:22:48  INFO  aplication.MyListener - Start finding element by ------>By.xpath: //a[text()=' Logout ']
18:22:58  INFO  aplication.MyListener - The element -->By.xpath: //a[text()=' Logout ']was found
18:22:58  INFO  aplication.MyListener - Start finding element by ------>By.xpath: //a[text()=' Log in ']
18:22:58  INFO  aplication.MyListener - The element -->By.xpath: //a[text()=' Log in ']was found
18:22:58  INFO  aplication.MyListener - Start finding element by ------>By.id: email
18:22:58  INFO  aplication.MyListener - The element -->By.id: emailwas found
18:22:58  INFO  aplication.MyListener - Start finding element by ------>By.id: password
18:22:58  INFO  aplication.MyListener - The element -->By.id: passwordwas found
18:22:58  INFO  aplication.MyListener - Start finding element by ------>By.xpath: //button[@type='submit']
18:22:58  INFO  aplication.MyListener - The element -->By.xpath: //button[@type='submit']was found
18:22:58  INFO  aplication.MyListener - Start finding element by ------>By.xpath: //button[.='Ok']
18:22:59  INFO  aplication.MyListener - The element -->By.xpath: //button[.='Ok']was found
18:22:59  INFO  aplication.MyListener - Start finding element by ------>By.xpath: //button[text()='Ok']
18:22:59  INFO  aplication.MyListener - The element -->By.xpath: //button[text()='Ok']was found
18:22:59  INFO  aplication.MyListener - Start finding element by ------>By.xpath: //button[text()='Ok']
18:22:59  INFO  aplication.MyListener - The element -->By.xpath: //button[text()='Ok']was found
18:23:02  INFO  aplication.MyListener - Start finding element by ------>By.xpath: //a[text()=' Logout ']
18:23:02  INFO  aplication.MyListener - The element -->By.xpath: //a[text()=' Logout ']was found
18:23:02  INFO  aplication.MyListener - Start finding element by ------>By.xpath: //a[text()=' Logout ']
18:23:02  INFO  aplication.MyListener - The element -->By.xpath: //a[text()=' Logout ']was found
18:23:05  INFO  aplication.MyListener - Start finding element by ------>By.xpath: //a[text()=' Logout ']
18:23:15  INFO  aplication.MyListener - The element -->By.xpath: //a[text()=' Logout ']was found
18:23:15  INFO  aplication.MyListener - Start finding element by ------>By.xpath: //a[text()=' Log in ']
18:23:15  INFO  aplication.MyListener - The element -->By.xpath: //a[text()=' Log in ']was found
18:23:15  INFO  aplication.MyListener - Start finding element by ------>By.id: email
18:23:15  INFO  aplication.MyListener - The element -->By.id: emailwas found
18:23:16  INFO  aplication.MyListener - Start finding element by ------>By.id: password
18:23:16  INFO  aplication.MyListener - The element -->By.id: passwordwas found
18:23:16  INFO  aplication.MyListener - Start finding element by ------>By.xpath: //button[@type='submit']
18:23:16  INFO  aplication.MyListener - The element -->By.xpath: //button[@type='submit']was found
18:23:16  INFO  aplication.MyListener - Start finding element by ------>By.cssSelector: .dialog-container h2
18:23:16  INFO  aplication.MyListener - The element -->By.cssSelector: .dialog-container h2was found
18:23:16  INFO  aplication.MyListener - Start finding element by ------>By.xpath: //button[text()='Ok']
18:23:16  INFO  aplication.MyListener - The element -->By.xpath: //button[text()='Ok']was found
18:23:16  INFO  aplication.MyListener - Start finding element by ------>By.xpath: //button[.='Ok']
18:23:16  INFO  aplication.MyListener - The element -->By.xpath: //button[.='Ok']was found
18:23:16  INFO  aplication.MyListener - Start finding element by ------>By.xpath: //button[text()='Ok']
18:23:16  INFO  aplication.MyListener - The element -->By.xpath: //button[text()='Ok']was found
18:23:16  INFO  aplication.MyListener - We heave throwable -->stale element reference: element is not attached to the page document
  (Session info: chrome=94.0.4606.81)
For documentation on this error, please visit: https://www.seleniumhq.org/exceptions/stale_element_reference.html
Build info: version: '3.141.59', revision: 'e82be7d358', time: '2018-11-14T08:17:03'
System info: host: 'DESKTOP-3UOK3PE', ip: '10.100.102.16', os.name: 'Windows 10', os.arch: 'amd64', os.version: '10.0', java.version: '1.8.0_301'
Driver info: org.openqa.selenium.chrome.ChromeDriver
Capabilities {acceptInsecureCerts: false, browserName: chrome, browserVersion: 94.0.4606.81, chrome: {chromedriverVersion: 94.0.4606.41 (333e85df3c9b6..., userDataDir: C:\Users\Owner\AppData\Loca...}, goog:chromeOptions: {debuggerAddress: localhost:63529}, javascriptEnabled: true, networkConnectionEnabled: false, pageLoadStrategy: normal, platform: WINDOWS, platformName: WINDOWS, proxy: Proxy(), setWindowRect: true, strictFileInteractability: false, timeouts: {implicit: 0, pageLoad: 300000, script: 30000}, unhandledPromptBehavior: dismiss and notify, webauthn:extension:credBlob: true, webauthn:extension:largeBlob: true, webauthn:virtualAuthenticators: true}
Session ID: cab721e8b2177b3b9768ee1ff77c1568
18:23:17  INFO  aplication.MyListener - Start finding element by ------>By.xpath: //button[text()='Ok']
18:23:27  INFO  aplication.MyListener - We heave throwable -->no such element: Unable to locate element: {"method":"xpath","selector":"//button[text()='Ok']"}
  (Session info: chrome=94.0.4606.81)
For documentation on this error, please visit: https://www.seleniumhq.org/exceptions/no_such_element.html
Build info: version: '3.141.59', revision: 'e82be7d358', time: '2018-11-14T08:17:03'
System info: host: 'DESKTOP-3UOK3PE', ip: '10.100.102.16', os.name: 'Windows 10', os.arch: 'amd64', os.version: '10.0', java.version: '1.8.0_301'
Driver info: org.openqa.selenium.chrome.ChromeDriver
Capabilities {acceptInsecureCerts: false, browserName: chrome, browserVersion: 94.0.4606.81, chrome: {chromedriverVersion: 94.0.4606.41 (333e85df3c9b6..., userDataDir: C:\Users\Owner\AppData\Loca...}, goog:chromeOptions: {debuggerAddress: localhost:63529}, javascriptEnabled: true, networkConnectionEnabled: false, pageLoadStrategy: normal, platform: WINDOWS, platformName: WINDOWS, proxy: Proxy(), setWindowRect: true, strictFileInteractability: false, timeouts: {implicit: 0, pageLoad: 300000, script: 30000}, unhandledPromptBehavior: dismiss and notify, webauthn:extension:credBlob: true, webauthn:extension:largeBlob: true, webauthn:virtualAuthenticators: true}
Session ID: cab721e8b2177b3b9768ee1ff77c1568
*** Element info: {Using=xpath, value=//button[text()='Ok']}
18:23:30  INFO  aplication.MyListener - Start finding element by ------>By.xpath: //a[text()=' Logout ']
18:23:40  INFO  aplication.MyListener - The element -->By.xpath: //a[text()=' Logout ']was found
18:23:40  INFO  aplication.MyListener - Start finding element by ------>By.xpath: //*[@href='/registration?url=%2Fsearch']
18:23:40  INFO  aplication.MyListener - The element -->By.xpath: //*[@href='/registration?url=%2Fsearch']was found
18:23:40  INFO  aplication.MyListener - Start finding element by ------>By.id: name
18:23:40  INFO  aplication.MyListener - The element -->By.id: namewas found
18:23:40  INFO  aplication.MyListener - Start finding element by ------>By.id: lastName
18:23:40  INFO  aplication.MyListener - The element -->By.id: lastNamewas found
18:23:40  INFO  aplication.MyListener - Start finding element by ------>By.id: email
18:23:40  INFO  aplication.MyListener - The element -->By.id: emailwas found
18:23:41  INFO  aplication.MyListener - Start finding element by ------>By.id: password
18:23:41  INFO  aplication.MyListener - The element -->By.id: passwordwas found
18:23:41  INFO  aplication.MyListener - Start finding element by ------>By.xpath: //label[@for='terms-of-use']
18:23:41  INFO  aplication.MyListener - The element -->By.xpath: //label[@for='terms-of-use']was found
18:23:41  INFO  aplication.MyListener - Start finding element by ------>By.xpath: //button[@type='submit']
18:23:41  INFO  aplication.MyListener - The element -->By.xpath: //button[@type='submit']was found
18:23:41  INFO  aplication.MyListener - Start finding element by ------>By.xpath: //button[text()='Ok']
18:23:41  INFO  aplication.MyListener - The element -->By.xpath: //button[text()='Ok']was found
18:23:41  INFO  aplication.MyListener - Start finding element by ------>By.xpath: //button[text()='Ok']
18:23:41  INFO  aplication.MyListener - The element -->By.xpath: //button[text()='Ok']was found
18:23:44  INFO  aplication.MyListener - Start finding element by ------>By.xpath: //a[text()=' Logout ']
18:23:54  INFO  aplication.MyListener - The element -->By.xpath: //a[text()=' Logout ']was found
18:23:54  INFO  aplication.MyListener - Start finding element by ------>By.xpath: //*[@href='/registration?url=%2Fsearch']
18:23:54  INFO  aplication.MyListener - The element -->By.xpath: //*[@href='/registration?url=%2Fsearch']was found
18:23:55  INFO  aplication.MyListener - Start finding element by ------>By.id: name
18:23:55  INFO  aplication.MyListener - The element -->By.id: namewas found
18:23:55  INFO  aplication.MyListener - Start finding element by ------>By.id: lastName
18:23:55  INFO  aplication.MyListener - The element -->By.id: lastNamewas found
18:23:55  INFO  aplication.MyListener - Start finding element by ------>By.id: email
18:23:55  INFO  aplication.MyListener - The element -->By.id: emailwas found
18:23:55  INFO  aplication.MyListener - Start finding element by ------>By.id: password
18:23:55  INFO  aplication.MyListener - The element -->By.id: passwordwas found
18:23:55  INFO  aplication.MyListener - Start finding element by ------>By.xpath: //label[@for = 'terms-of-use']
18:23:55  INFO  aplication.MyListener - The element -->By.xpath: //label[@for = 'terms-of-use']was found
18:23:55  INFO  aplication.MyListener - Start finding element by ------>By.xpath: //button[@type='submit']
18:23:55  INFO  aplication.MyListener - The element -->By.xpath: //button[@type='submit']was found
18:23:55  INFO  aplication.MyListener - Start finding element by ------>By.xpath: //button[text()='Ok']
18:24:05  INFO  aplication.MyListener - The element -->By.xpath: //button[text()='Ok']was found
18:24:08  INFO  aplication.MyListener - Start finding element by ------>By.xpath: //a[text()=' Logout ']
18:24:18  INFO  aplication.MyListener - The element -->By.xpath: //a[text()=' Logout ']was found
18:24:21  INFO  aplication.MyListener - Start finding element by ------>By.xpath: //a[text()=' Logout ']
18:24:31  INFO  aplication.MyListener - The element -->By.xpath: //a[text()=' Logout ']was found
18:24:31  INFO  aplication.MyListener - Start finding element by ------>By.xpath: //*[@href='/registration?url=%2Fsearch']
18:24:32  INFO  aplication.MyListener - The element -->By.xpath: //*[@href='/registration?url=%2Fsearch']was found
18:24:32  INFO  aplication.MyListener - Start finding element by ------>By.id: name
18:24:32  INFO  aplication.MyListener - The element -->By.id: namewas found
18:24:32  INFO  aplication.MyListener - Start finding element by ------>By.id: lastName
18:24:32  INFO  aplication.MyListener - The element -->By.id: lastNamewas found
18:24:32  INFO  aplication.MyListener - Start finding element by ------>By.id: email
18:24:32  INFO  aplication.MyListener - The element -->By.id: emailwas found
18:24:32  INFO  aplication.MyListener - Start finding element by ------>By.id: password
18:24:32  INFO  aplication.MyListener - The element -->By.id: passwordwas found
18:24:32  INFO  aplication.MyListener - Start finding element by ------>By.xpath: //label[@for = 'terms-of-use']
18:24:32  INFO  aplication.MyListener - The element -->By.xpath: //label[@for = 'terms-of-use']was found
18:24:32  INFO  aplication.MyListener - Start finding element by ------>By.xpath: //button[@type='submit']
18:24:32  INFO  aplication.MyListener - The element -->By.xpath: //button[@type='submit']was found
18:24:32  INFO  aplication.MyListener - Start finding element by ------>By.xpath: //button[text()='Ok']
18:24:33  INFO  aplication.MyListener - The element -->By.xpath: //button[text()='Ok']was found
18:24:33  INFO  aplication.MyListener - Start finding element by ------>By.xpath: //button[text()='Ok']
18:24:33  INFO  aplication.MyListener - The element -->By.xpath: //button[text()='Ok']was found
18:24:36  INFO  aplication.MyListener - Start finding element by ------>By.xpath: //a[text()=' Logout ']
18:24:36  INFO  aplication.MyListener - The element -->By.xpath: //a[text()=' Logout ']was found
18:24:36  INFO  aplication.MyListener - Start finding element by ------>By.xpath: //a[text()=' Logout ']
18:24:36  INFO  aplication.MyListener - The element -->By.xpath: //a[text()=' Logout ']was found
18:24:39  INFO  aplication.MyListener - Start finding element by ------>By.xpath: //a[text()=' Logout ']
18:24:49  INFO  aplication.MyListener - The element -->By.xpath: //a[text()=' Logout ']was found
18:24:49  INFO  aplication.MyListener - Start finding element by ------>By.xpath: //*[@href='/registration?url=%2Fsearch']
18:24:49  INFO  aplication.MyListener - The element -->By.xpath: //*[@href='/registration?url=%2Fsearch']was found
18:24:50  INFO  aplication.MyListener - Start finding element by ------>By.id: name
18:24:50  INFO  aplication.MyListener - The element -->By.id: namewas found
18:24:50  INFO  aplication.MyListener - Start finding element by ------>By.id: lastName
18:24:50  INFO  aplication.MyListener - The element -->By.id: lastNamewas found
18:24:51  INFO  aplication.MyListener - Start finding element by ------>By.id: email
18:24:51  INFO  aplication.MyListener - The element -->By.id: emailwas found
18:24:51  INFO  aplication.MyListener - Start finding element by ------>By.id: password
18:24:51  INFO  aplication.MyListener - The element -->By.id: passwordwas found
18:24:52  INFO  aplication.MyListener - Start finding element by ------>By.xpath: //label[@for = 'terms-of-use']
18:24:52  INFO  aplication.MyListener - The element -->By.xpath: //label[@for = 'terms-of-use']was found
18:24:52  INFO  aplication.MyListener - Start finding element by ------>By.xpath: //button[@type='submit']
18:24:52  INFO  aplication.MyListener - The element -->By.xpath: //button[@type='submit']was found
18:24:52  INFO  aplication.MyListener - Start finding element by ------>By.xpath: //button[text()='Ok']
18:24:52  INFO  aplication.MyListener - The element -->By.xpath: //button[text()='Ok']was found
18:24:52  INFO  aplication.MyListener - Start finding element by ------>By.xpath: //button[text()='Ok']
18:24:52  INFO  aplication.MyListener - The element -->By.xpath: //button[text()='Ok']was found
18:24:55  INFO  aplication.MyListener - Start finding element by ------>By.xpath: //a[text()=' Logout ']
18:24:55  INFO  aplication.MyListener - The element -->By.xpath: //a[text()=' Logout ']was found
18:24:55  INFO  aplication.MyListener - Start finding element by ------>By.xpath: //a[text()=' Logout ']
18:24:55  INFO  aplication.MyListener - The element -->By.xpath: //a[text()=' Logout ']was found
