18:12:01  INFO  aplication.MyListener - Start finding element by ------>By.xpath: //a[text()=' Log in ']
18:12:01  INFO  aplication.MyListener - The element -->By.xpath: //a[text()=' Log in ']was found
18:12:02  INFO  aplication.MyListener - Start finding element by ------>By.id: email
18:12:02  INFO  aplication.MyListener - The element -->By.id: emailwas found
18:12:02  INFO  aplication.MyListener - Start finding element by ------>By.id: password
18:12:02  INFO  aplication.MyListener - The element -->By.id: passwordwas found
18:12:02  INFO  aplication.MyListener - Start finding element by ------>By.xpath: //button[@type='submit']
18:12:02  INFO  aplication.MyListener - The element -->By.xpath: //button[@type='submit']was found
18:12:03  INFO  aplication.MyListener - Start finding element by ------>By.xpath: //a[@href='/let-car-work']
18:12:03  INFO  aplication.MyListener - The element -->By.xpath: //a[@href='/let-car-work']was found
18:12:03  INFO  aplication.MyListener - Start finding element by ------>By.id: pickUpPlace
18:12:03  INFO  aplication.MyListener - The element -->By.id: pickUpPlacewas found
18:12:04  INFO  aplication.MyListener - Start finding element by ------>By.cssSelector: div.pac-item
18:12:04  INFO  aplication.MyListener - The element -->By.cssSelector: div.pac-itemwas found
18:12:05  INFO  aplication.MyListener - Start finding element by ------>By.id: make
18:12:05  INFO  aplication.MyListener - The element -->By.id: makewas found
18:12:06  INFO  aplication.MyListener - Start finding element by ------>By.id: model
18:12:06  INFO  aplication.MyListener - The element -->By.id: modelwas found
18:12:06  INFO  aplication.MyListener - Start finding element by ------>By.id: year
18:12:06  INFO  aplication.MyListener - The element -->By.id: yearwas found
18:12:06  INFO  aplication.MyListener - Start finding element by ------>By.id: engine
18:12:06  INFO  aplication.MyListener - The element -->By.id: enginewas found
18:12:07  INFO  aplication.MyListener - Start finding element by ------>By.id: fuel
18:12:07  INFO  aplication.MyListener - The element -->By.id: fuelwas found
18:12:07  INFO  aplication.MyListener - Start finding element by ------>By.xpath: .//option[@value = "Petrol"]
18:12:07  INFO  aplication.MyListener - The element -->By.xpath: .//option[@value = "Petrol"]was found
18:12:07  INFO  aplication.MyListener - Start finding element by ------>By.id: gear
18:12:07  INFO  aplication.MyListener - The element -->By.id: gearwas found
18:12:07  INFO  aplication.MyListener - Start finding element by ------>By.xpath: .//option[@value = "MT"]
18:12:07  INFO  aplication.MyListener - The element -->By.xpath: .//option[@value = "MT"]was found
18:12:07  INFO  aplication.MyListener - Start finding element by ------>By.id: wheelsDrive
18:12:07  INFO  aplication.MyListener - The element -->By.id: wheelsDrivewas found
18:12:07  INFO  aplication.MyListener - Start finding element by ------>By.xpath: .//option[@value = "AWD"]
18:12:07  INFO  aplication.MyListener - The element -->By.xpath: .//option[@value = "AWD"]was found
18:12:07  INFO  aplication.MyListener - Start finding element by ------>By.id: doors
18:12:07  INFO  aplication.MyListener - The element -->By.id: doorswas found
18:12:08  INFO  aplication.MyListener - Start finding element by ------>By.id: seats
18:12:08  INFO  aplication.MyListener - The element -->By.id: seatswas found
18:12:08  INFO  aplication.MyListener - Start finding element by ------>By.id: class
18:12:08  INFO  aplication.MyListener - The element -->By.id: classwas found
18:12:08  INFO  aplication.MyListener - Start finding element by ------>By.id: fuelConsumption
18:12:08  INFO  aplication.MyListener - The element -->By.id: fuelConsumptionwas found
18:12:09  INFO  aplication.MyListener - Start finding element by ------>By.id: serialNumber
18:12:09  INFO  aplication.MyListener - The element -->By.id: serialNumberwas found
18:12:09  INFO  aplication.MyListener - Start finding element by ------>By.id: price
18:12:09  INFO  aplication.MyListener - The element -->By.id: pricewas found
18:12:09  INFO  aplication.MyListener - Start finding element by ------>By.id: distance
18:12:09  INFO  aplication.MyListener - The element -->By.id: distancewas found
18:12:10  INFO  aplication.MyListener - Start finding element by ------>By.cssSelector: .feature-input
18:12:10  INFO  aplication.MyListener - The element -->By.cssSelector: .feature-inputwas found
18:12:10  INFO  aplication.MyListener - Start finding element by ------>By.id: about
18:12:10  INFO  aplication.MyListener - The element -->By.id: aboutwas found
18:12:10  INFO  aplication.MyListener - Start finding element by ------>By.id: photos
18:12:10  INFO  aplication.MyListener - The element -->By.id: photoswas found
18:12:15  INFO  aplication.MyListener - Start finding element by ------>By.xpath: //button[text()='Submit']
18:12:15  INFO  aplication.MyListener - The element -->By.xpath: //button[text()='Submit']was found
18:12:15  INFO  aplication.MyListener - Start finding element by ------>By.xpath: //button[text()='Submit']
18:12:15  INFO  aplication.MyListener - The element -->By.xpath: //button[text()='Submit']was found
18:12:16  INFO  aplication.MyListener - Start finding element by ------>By.xpath: //button[text()='Search cars']
18:12:16  INFO  aplication.MyListener - The element -->By.xpath: //button[text()='Search cars']was found
18:12:17  INFO  aplication.MyListener - Start finding element by ------>By.xpath: //button[text()='Search cars']
18:12:17  INFO  aplication.MyListener - The element -->By.xpath: //button[text()='Search cars']was found
18:12:20  INFO  aplication.MyListener - Start finding element by ------>By.xpath: //a[text()=' Logout ']
18:12:20  INFO  aplication.MyListener - The element -->By.xpath: //a[text()=' Logout ']was found
18:12:20  INFO  aplication.MyListener - Start finding element by ------>By.xpath: //a[text()=' Logout ']
18:12:20  INFO  aplication.MyListener - The element -->By.xpath: //a[text()=' Logout ']was found
