16:30:18  INFO  aplication.MyListener - Start finding element by ------>By.id: city
16:30:18  INFO  aplication.MyListener - The element -->By.id: citywas found
16:30:19  INFO  aplication.MyListener - Start finding element by ------>By.xpath: //div[@class='pac-container pac-logo']//div[1]
16:30:19  INFO  aplication.MyListener - The element -->By.xpath: //div[@class='pac-container pac-logo']//div[1]was found
16:30:19  INFO  aplication.MyListener - Start finding element by ------>By.id: dates
16:30:19  INFO  aplication.MyListener - The element -->By.id: dateswas found
16:30:19  INFO  aplication.MyListener - Start finding element by ------>By.cssSelector: button[aria-label='Choose month and year']
16:30:19  INFO  aplication.MyListener - The element -->By.cssSelector: button[aria-label='Choose month and year']was found
16:30:20  INFO  aplication.MyListener - Start finding element by ------>By.xpath: //div[text()=' 2021 ']
16:30:20  INFO  aplication.MyListener - The element -->By.xpath: //div[text()=' 2021 ']was found
16:30:20  INFO  aplication.MyListener - Start finding element by ------>By.xpath: //div[text()=' OCT ']
16:30:20  INFO  aplication.MyListener - The element -->By.xpath: //div[text()=' OCT ']was found
16:30:20  INFO  aplication.MyListener - Start finding element by ------>By.xpath: //div[text()=' 12 ']
16:30:20  INFO  aplication.MyListener - The element -->By.xpath: //div[text()=' 12 ']was found
16:30:20  INFO  aplication.MyListener - Start finding element by ------>By.xpath: //div[text()=' 15 ']
16:30:20  INFO  aplication.MyListener - The element -->By.xpath: //div[text()=' 15 ']was found
16:30:20  INFO  aplication.MyListener - Start finding element by ------>By.cssSelector: .cdk-overlay-container
16:30:20  INFO  aplication.MyListener - The element -->By.cssSelector: .cdk-overlay-containerwas found
16:30:20  INFO  aplication.MyListener - Start finding element by ------>By.cssSelector: button[type='submit']
16:30:20  INFO  aplication.MyListener - The element -->By.cssSelector: button[type='submit']was found
16:30:20  INFO  aplication.MyListener - Start finding element by ------>By.id: city
16:30:20  INFO  aplication.MyListener - The element -->By.id: citywas found
16:30:20  INFO  aplication.MyListener - Start finding element by ------>By.xpath: //div[@class='pac-container pac-logo']//div[1]
16:30:21  INFO  aplication.MyListener - The element -->By.xpath: //div[@class='pac-container pac-logo']//div[1]was found
16:30:21  INFO  aplication.MyListener - Start finding element by ------>By.id: dates
16:30:21  INFO  aplication.MyListener - The element -->By.id: dateswas found
16:30:21  INFO  aplication.MyListener - Start finding element by ------>By.cssSelector: button[aria-label='Next month']
16:30:21  INFO  aplication.MyListener - The element -->By.cssSelector: button[aria-label='Next month']was found
16:30:21  INFO  aplication.MyListener - Start finding element by ------>By.xpath: //div[text()=' 2 ']
16:30:21  INFO  aplication.MyListener - The element -->By.xpath: //div[text()=' 2 ']was found
16:30:21  INFO  aplication.MyListener - Start finding element by ------>By.cssSelector: button[aria-label='Next month']
16:30:21  INFO  aplication.MyListener - The element -->By.cssSelector: button[aria-label='Next month']was found
16:30:21  INFO  aplication.MyListener - Start finding element by ------>By.xpath: //div[text()=' 3 ']
16:30:21  INFO  aplication.MyListener - The element -->By.xpath: //div[text()=' 3 ']was found
16:30:21  INFO  aplication.MyListener - Start finding element by ------>By.cssSelector: button[type='submit']
16:30:21  INFO  aplication.MyListener - The element -->By.cssSelector: button[type='submit']was found
16:30:21  INFO  aplication.MyListener - Start finding element by ------>By.xpath: //div[@class='header']//a[@class='logo']
16:30:21  INFO  aplication.MyListener - The element -->By.xpath: //div[@class='header']//a[@class='logo']was found
16:30:22  INFO  aplication.MyListener - Start finding element by ------>By.id: city
16:30:22  INFO  aplication.MyListener - The element -->By.id: citywas found
16:30:22  INFO  aplication.MyListener - Start finding element by ------>By.xpath: //div[@class='pac-container pac-logo']//div[1]
16:30:22  INFO  aplication.MyListener - The element -->By.xpath: //div[@class='pac-container pac-logo']//div[1]was found
16:30:22  INFO  aplication.MyListener - Start finding element by ------>By.id: dates
16:30:22  INFO  aplication.MyListener - The element -->By.id: dateswas found
16:30:23  INFO  aplication.MyListener - Start finding element by ------>By.cssSelector: .cdk-overlay-container
16:30:23  INFO  aplication.MyListener - The element -->By.cssSelector: .cdk-overlay-containerwas found
16:30:23  INFO  aplication.MyListener - Start finding element by ------>By.xpath: //div[@class='ng-star-inserted']
16:30:23  INFO  aplication.MyListener - The element -->By.xpath: //div[@class='ng-star-inserted']was found
