16:07:25  INFO  aplication.MyListener - Start finding element by ------>By.xpath: //a[text()=' Log in ']
16:07:25  INFO  aplication.MyListener - The element -->By.xpath: //a[text()=' Log in ']was found
16:07:25  INFO  aplication.MyListener - Start finding element by ------>By.id: email
16:07:25  INFO  aplication.MyListener - The element -->By.id: emailwas found
16:07:25  INFO  aplication.MyListener - Start finding element by ------>By.id: password
16:07:25  INFO  aplication.MyListener - The element -->By.id: passwordwas found
16:07:25  INFO  aplication.MyListener - Start finding element by ------>By.xpath: //button[@type='submit']
16:07:26  INFO  aplication.MyListener - The element -->By.xpath: //button[@type='submit']was found
16:07:26  INFO  aplication.MyListener - Start finding element by ------>By.xpath: //a[@href='/let-car-work']
16:07:26  INFO  aplication.MyListener - The element -->By.xpath: //a[@href='/let-car-work']was found
16:07:26  INFO  aplication.MyListener - Start finding element by ------>By.id: pickUpPlace
16:07:26  INFO  aplication.MyListener - The element -->By.id: pickUpPlacewas found
16:07:27  INFO  aplication.MyListener - Start finding element by ------>By.cssSelector: div.pac-item
16:07:37  INFO  aplication.MyListener - We heave throwable -->no such element: Unable to locate element: {"method":"css selector","selector":"div.pac-item"}
  (Session info: chrome=94.0.4606.81)
For documentation on this error, please visit: https://www.seleniumhq.org/exceptions/no_such_element.html
Build info: version: '3.141.59', revision: 'e82be7d358', time: '2018-11-14T08:17:03'
System info: host: 'DESKTOP-3UOK3PE', ip: '127.0.0.1', os.name: 'Windows 10', os.arch: 'amd64', os.version: '10.0', java.version: '1.8.0_301'
Driver info: org.openqa.selenium.chrome.ChromeDriver
Capabilities {acceptInsecureCerts: false, browserName: chrome, browserVersion: 94.0.4606.81, chrome: {chromedriverVersion: 94.0.4606.41 (333e85df3c9b6..., userDataDir: C:\Users\Owner\AppData\Loca...}, goog:chromeOptions: {debuggerAddress: localhost:63769}, javascriptEnabled: true, networkConnectionEnabled: false, pageLoadStrategy: normal, platform: WINDOWS, platformName: WINDOWS, proxy: Proxy(), setWindowRect: true, strictFileInteractability: false, timeouts: {implicit: 0, pageLoad: 300000, script: 30000}, unhandledPromptBehavior: dismiss and notify, webauthn:extension:credBlob: true, webauthn:extension:largeBlob: true, webauthn:virtualAuthenticators: true}
Session ID: 16aa5168c9b806a1acb9abf56ef49b3a
*** Element info: {Using=css selector, value=div.pac-item}
16:07:37  INFO  aplication.MyListener - Start finding element by ------>By.xpath: //a[text()=' Logout ']
16:07:47  INFO  aplication.MyListener - The element -->By.xpath: //a[text()=' Logout ']was found
16:07:47  INFO  aplication.MyListener - Start finding element by ------>By.id: city
16:07:57  INFO  aplication.MyListener - We heave throwable -->no such element: Unable to locate element: {"method":"css selector","selector":"#city"}
  (Session info: chrome=94.0.4606.81)
For documentation on this error, please visit: https://www.seleniumhq.org/exceptions/no_such_element.html
Build info: version: '3.141.59', revision: 'e82be7d358', time: '2018-11-14T08:17:03'
System info: host: 'DESKTOP-3UOK3PE', ip: '127.0.0.1', os.name: 'Windows 10', os.arch: 'amd64', os.version: '10.0', java.version: '1.8.0_301'
Driver info: org.openqa.selenium.chrome.ChromeDriver
Capabilities {acceptInsecureCerts: false, browserName: chrome, browserVersion: 94.0.4606.81, chrome: {chromedriverVersion: 94.0.4606.41 (333e85df3c9b6..., userDataDir: C:\Users\Owner\AppData\Loca...}, goog:chromeOptions: {debuggerAddress: localhost:63769}, javascriptEnabled: true, networkConnectionEnabled: false, pageLoadStrategy: normal, platform: WINDOWS, platformName: WINDOWS, proxy: Proxy(), setWindowRect: true, strictFileInteractability: false, timeouts: {implicit: 0, pageLoad: 300000, script: 30000}, unhandledPromptBehavior: dismiss and notify, webauthn:extension:credBlob: true, webauthn:extension:largeBlob: true, webauthn:virtualAuthenticators: true}
Session ID: 16aa5168c9b806a1acb9abf56ef49b3a
*** Element info: {Using=id, value=city}
16:07:57  INFO  aplication.MyListener - Start finding element by ------>By.id: city
16:08:07  INFO  aplication.MyListener - We heave throwable -->no such element: Unable to locate element: {"method":"css selector","selector":"#city"}
  (Session info: chrome=94.0.4606.81)
For documentation on this error, please visit: https://www.seleniumhq.org/exceptions/no_such_element.html
Build info: version: '3.141.59', revision: 'e82be7d358', time: '2018-11-14T08:17:03'
System info: host: 'DESKTOP-3UOK3PE', ip: '127.0.0.1', os.name: 'Windows 10', os.arch: 'amd64', os.version: '10.0', java.version: '1.8.0_301'
Driver info: org.openqa.selenium.chrome.ChromeDriver
Capabilities {acceptInsecureCerts: false, browserName: chrome, browserVersion: 94.0.4606.81, chrome: {chromedriverVersion: 94.0.4606.41 (333e85df3c9b6..., userDataDir: C:\Users\Owner\AppData\Loca...}, goog:chromeOptions: {debuggerAddress: localhost:63769}, javascriptEnabled: true, networkConnectionEnabled: false, pageLoadStrategy: normal, platform: WINDOWS, platformName: WINDOWS, proxy: Proxy(), setWindowRect: true, strictFileInteractability: false, timeouts: {implicit: 0, pageLoad: 300000, script: 30000}, unhandledPromptBehavior: dismiss and notify, webauthn:extension:credBlob: true, webauthn:extension:largeBlob: true, webauthn:virtualAuthenticators: true}
Session ID: 16aa5168c9b806a1acb9abf56ef49b3a
*** Element info: {Using=id, value=city}
16:08:07  INFO  aplication.MyListener - Start finding element by ------>By.id: city
