21:19:28  INFO  aplication.MyListener - Start finding element by ------>By.id: city
21:19:28  INFO  aplication.MyListener - The element -->By.id: citywas found
21:19:29  INFO  aplication.MyListener - Start finding element by ------>By.xpath: //div[@class='pac-container pac-logo']//div[1]
21:19:29  INFO  aplication.MyListener - The element -->By.xpath: //div[@class='pac-container pac-logo']//div[1]was found
21:19:29  INFO  aplication.MyListener - Start finding element by ------>By.id: dates
21:19:29  INFO  aplication.MyListener - The element -->By.id: dateswas found
21:19:29  INFO  aplication.MyListener - Start finding element by ------>By.cssSelector: button[aria-label='Choose month and year']
21:19:29  INFO  aplication.MyListener - The element -->By.cssSelector: button[aria-label='Choose month and year']was found
21:19:30  INFO  aplication.MyListener - Start finding element by ------>By.xpath: //div[text()=' 2021 ']
21:19:30  INFO  aplication.MyListener - The element -->By.xpath: //div[text()=' 2021 ']was found
21:19:30  INFO  aplication.MyListener - Start finding element by ------>By.xpath: //div[text()=' DEC ']
21:19:30  INFO  aplication.MyListener - The element -->By.xpath: //div[text()=' DEC ']was found
21:19:30  INFO  aplication.MyListener - Start finding element by ------>By.xpath: //div[text()=' 27 ']
21:19:30  INFO  aplication.MyListener - The element -->By.xpath: //div[text()=' 27 ']was found
21:19:30  INFO  aplication.MyListener - Start finding element by ------>By.xpath: //div[text()=' 31 ']
21:19:30  INFO  aplication.MyListener - The element -->By.xpath: //div[text()=' 31 ']was found
21:19:30  INFO  aplication.MyListener - Start finding element by ------>By.cssSelector: button[type='submit']
21:19:30  INFO  aplication.MyListener - The element -->By.cssSelector: button[type='submit']was found
21:19:30  INFO  aplication.MyListener - Start finding element by ------>By.cssSelector: button[type='submit']
21:19:30  INFO  aplication.MyListener - The element -->By.cssSelector: button[type='submit']was found
21:19:31  INFO  aplication.MyListener - Start finding element by ------>By.xpath: //div[@class='search-results-card']//a[1]
21:19:32  INFO  aplication.MyListener - The element -->By.xpath: //div[@class='search-results-card']//a[1]was found
21:19:33  INFO  aplication.MyListener - Start finding element by ------>By.xpath: //button[text()='Rent now!! ']
21:19:33  INFO  aplication.MyListener - The element -->By.xpath: //button[text()='Rent now!! ']was found
21:19:33  INFO  aplication.MyListener - Start finding element by ------>By.xpath: //button[text()='Rent now!! ']
21:19:33  INFO  aplication.MyListener - The element -->By.xpath: //button[text()='Rent now!! ']was found
21:19:34  INFO  aplication.MyListener - Start finding element by ------>By.xpath: //button[text()='Rent now!! ']
21:19:34  INFO  aplication.MyListener - The element -->By.xpath: //button[text()='Rent now!! ']was found
21:19:34  INFO  aplication.MyListener - Start finding element by ------>By.xpath: //button[text()='Rent now!! ']
21:19:34  INFO  aplication.MyListener - The element -->By.xpath: //button[text()='Rent now!! ']was found
21:19:35  INFO  aplication.MyListener - Start finding element by ------>By.xpath: //button[text()='Rent now!! ']
21:19:35  INFO  aplication.MyListener - The element -->By.xpath: //button[text()='Rent now!! ']was found
21:19:36  INFO  aplication.MyListener - Start finding element by ------>By.xpath: //button[text()='Rent now!! ']
21:19:36  INFO  aplication.MyListener - The element -->By.xpath: //button[text()='Rent now!! ']was found
21:19:36  INFO  aplication.MyListener - Start finding element by ------>By.xpath: //button[text()='Rent now!! ']
21:19:36  INFO  aplication.MyListener - The element -->By.xpath: //button[text()='Rent now!! ']was found
21:19:37  INFO  aplication.MyListener - Start finding element by ------>By.xpath: //button[text()='Rent now!! ']
21:19:37  INFO  aplication.MyListener - The element -->By.xpath: //button[text()='Rent now!! ']was found
21:19:37  INFO  aplication.MyListener - Start finding element by ------>By.xpath: //button[text()='Rent now!! ']
21:19:37  INFO  aplication.MyListener - The element -->By.xpath: //button[text()='Rent now!! ']was found
21:19:38  INFO  aplication.MyListener - Start finding element by ------>By.xpath: //button[text()='Rent now!! ']
21:19:38  INFO  aplication.MyListener - The element -->By.xpath: //button[text()='Rent now!! ']was found
21:19:38  INFO  aplication.MyListener - Start finding element by ------>By.xpath: //button[text()='Rent now!! ']
21:19:39  INFO  aplication.MyListener - The element -->By.xpath: //button[text()='Rent now!! ']was found
21:19:39  INFO  aplication.MyListener - Start finding element by ------>By.xpath: //button[text()='Rent now!! ']
21:19:39  INFO  aplication.MyListener - The element -->By.xpath: //button[text()='Rent now!! ']was found
21:19:40  INFO  aplication.MyListener - Start finding element by ------>By.xpath: //button[text()='Rent now!! ']
21:19:40  INFO  aplication.MyListener - The element -->By.xpath: //button[text()='Rent now!! ']was found
21:19:40  INFO  aplication.MyListener - Start finding element by ------>By.xpath: //button[text()='Rent now!! ']
21:19:40  INFO  aplication.MyListener - The element -->By.xpath: //button[text()='Rent now!! ']was found
21:19:41  INFO  aplication.MyListener - Start finding element by ------>By.xpath: //button[text()='Rent now!! ']
21:19:41  INFO  aplication.MyListener - The element -->By.xpath: //button[text()='Rent now!! ']was found
21:19:41  INFO  aplication.MyListener - Start finding element by ------>By.xpath: //button[text()='Rent now!! ']
21:19:41  INFO  aplication.MyListener - The element -->By.xpath: //button[text()='Rent now!! ']was found
21:19:42  INFO  aplication.MyListener - Start finding element by ------>By.xpath: //button[text()='Rent now!! ']
21:19:42  INFO  aplication.MyListener - The element -->By.xpath: //button[text()='Rent now!! ']was found
21:19:43  INFO  aplication.MyListener - Start finding element by ------>By.xpath: //button[text()='Rent now!! ']
21:19:43  INFO  aplication.MyListener - The element -->By.xpath: //button[text()='Rent now!! ']was found
