18:53:19  INFO  aplication.MyListener - Start finding element by ------>By.xpath: //a[text()=' Logout ']
18:53:29  INFO  aplication.MyListener - The element -->By.xpath: //a[text()=' Logout ']was found
18:53:29  INFO  aplication.MyListener - Start finding element by ------>By.xpath: //a[text()=' Log in ']
18:53:29  INFO  aplication.MyListener - The element -->By.xpath: //a[text()=' Log in ']was found
18:53:29  INFO  aplication.MyListener - Start finding element by ------>By.id: email
18:53:29  INFO  aplication.MyListener - The element -->By.id: emailwas found
18:53:30  INFO  aplication.MyListener - Start finding element by ------>By.id: password
18:53:30  INFO  aplication.MyListener - The element -->By.id: passwordwas found
18:53:30  INFO  aplication.MyListener - Start finding element by ------>By.xpath: //button[@type='submit']
18:53:30  INFO  aplication.MyListener - The element -->By.xpath: //button[@type='submit']was found
18:53:30  INFO  aplication.MyListener - Start finding element by ------>By.cssSelector: .dialog-container h2
18:53:30  INFO  aplication.MyListener - The element -->By.cssSelector: .dialog-container h2was found
18:53:30  INFO  aplication.MyListener - Start finding element by ------>By.xpath: //button[text()='Ok']
18:53:30  INFO  aplication.MyListener - The element -->By.xpath: //button[text()='Ok']was found
18:53:31  INFO  aplication.MyListener - Start finding element by ------>By.xpath: //button[.='Ok']
18:53:31  INFO  aplication.MyListener - The element -->By.xpath: //button[.='Ok']was found
18:53:31  INFO  aplication.MyListener - Start finding element by ------>By.xpath: //button[text()='Ok']
18:53:31  INFO  aplication.MyListener - The element -->By.xpath: //button[text()='Ok']was found
18:53:31  INFO  aplication.MyListener - Start finding element by ------>By.xpath: //button[text()='Ok']
18:53:37  INFO  aplication.MyListener - The element -->By.xpath: //button[text()='Ok']was found
