19:03:17  INFO  aplication.MyListener - Start finding element by ------>By.xpath: //a[text()=' Logout ']
19:03:27  INFO  aplication.MyListener - The element -->By.xpath: //a[text()=' Logout ']was found
19:03:27  INFO  aplication.MyListener - Start finding element by ------>By.xpath: //a[text()=' Log in ']
19:03:27  INFO  aplication.MyListener - The element -->By.xpath: //a[text()=' Log in ']was found
19:03:27  INFO  aplication.MyListener - Start finding element by ------>By.id: email
19:03:27  INFO  aplication.MyListener - The element -->By.id: emailwas found
19:03:27  INFO  aplication.MyListener - Start finding element by ------>By.id: password
19:03:27  INFO  aplication.MyListener - The element -->By.id: passwordwas found
19:03:27  INFO  aplication.MyListener - Start finding element by ------>By.xpath: //button[@type='submit']
19:03:27  INFO  aplication.MyListener - The element -->By.xpath: //button[@type='submit']was found
19:03:28  INFO  aplication.MyListener - Start finding element by ------>By.xpath: //button[.='Ok']
19:03:28  INFO  aplication.MyListener - The element -->By.xpath: //button[.='Ok']was found
19:03:28  INFO  aplication.MyListener - Start finding element by ------>By.xpath: //button[text()='Ok']
19:03:28  INFO  aplication.MyListener - The element -->By.xpath: //button[text()='Ok']was found
19:03:28  INFO  aplication.MyListener - Start finding element by ------>By.xpath: //button[text()='Ok']
19:03:28  INFO  aplication.MyListener - The element -->By.xpath: //button[text()='Ok']was found
19:03:28  INFO  aplication.MyListener - Start finding element by ------>By.xpath: //a[text()=' Logout ']
19:03:28  INFO  aplication.MyListener - The element -->By.xpath: //a[text()=' Logout ']was found
19:03:28  INFO  aplication.MyListener - Start finding element by ------>By.xpath: //a[text()=' Logout ']
19:03:28  INFO  aplication.MyListener - The element -->By.xpath: //a[text()=' Logout ']was found
19:03:28  INFO  aplication.MyListener - Start finding element by ------>By.xpath: //a[text()=' Logout ']
19:03:38  INFO  aplication.MyListener - The element -->By.xpath: //a[text()=' Logout ']was found
19:03:38  INFO  aplication.MyListener - Start finding element by ------>By.xpath: //a[text()=' Log in ']
19:03:39  INFO  aplication.MyListener - The element -->By.xpath: //a[text()=' Log in ']was found
19:03:39  INFO  aplication.MyListener - Start finding element by ------>By.id: email
19:03:39  INFO  aplication.MyListener - The element -->By.id: emailwas found
19:03:39  INFO  aplication.MyListener - Start finding element by ------>By.id: password
19:03:39  INFO  aplication.MyListener - The element -->By.id: passwordwas found
19:03:39  INFO  aplication.MyListener - Start finding element by ------>By.xpath: //button[@type='submit']
19:03:39  INFO  aplication.MyListener - The element -->By.xpath: //button[@type='submit']was found
19:03:39  INFO  aplication.MyListener - Start finding element by ------>By.cssSelector: .dialog-container h2
19:03:39  INFO  aplication.MyListener - The element -->By.cssSelector: .dialog-container h2was found
19:03:39  INFO  aplication.MyListener - Start finding element by ------>By.xpath: //button[.='Ok']
19:03:40  INFO  aplication.MyListener - The element -->By.xpath: //button[.='Ok']was found
19:03:40  INFO  aplication.MyListener - Start finding element by ------>By.xpath: //button[text()='Ok']
19:03:40  INFO  aplication.MyListener - The element -->By.xpath: //button[text()='Ok']was found
19:03:40  INFO  aplication.MyListener - Start finding element by ------>By.xpath: //button[text()='Ok']
19:03:40  INFO  aplication.MyListener - The element -->By.xpath: //button[text()='Ok']was found
19:03:40  INFO  aplication.MyListener - Start finding element by ------>By.xpath: //a[text()=' Logout ']
19:03:50  INFO  aplication.MyListener - The element -->By.xpath: //a[text()=' Logout ']was found
