16:21:59  INFO  aplication.MyListener - Start finding element by ------>By.id: city
16:21:59  INFO  aplication.MyListener - The element -->By.id: citywas found
16:21:59  INFO  aplication.MyListener - Start finding element by ------>By.xpath: //div[@class='pac-container pac-logo']//div[1]
16:21:59  INFO  aplication.MyListener - The element -->By.xpath: //div[@class='pac-container pac-logo']//div[1]was found
16:22:00  INFO  aplication.MyListener - Start finding element by ------>By.id: dates
16:22:00  INFO  aplication.MyListener - The element -->By.id: dateswas found
16:22:00  INFO  aplication.MyListener - Start finding element by ------>By.cssSelector: button[aria-label='Choose month and year']
16:22:00  INFO  aplication.MyListener - The element -->By.cssSelector: button[aria-label='Choose month and year']was found
16:22:00  INFO  aplication.MyListener - Start finding element by ------>By.xpath: //div[text()=' 2021 ']
16:22:00  INFO  aplication.MyListener - The element -->By.xpath: //div[text()=' 2021 ']was found
16:22:00  INFO  aplication.MyListener - Start finding element by ------>By.xpath: //div[text()=' OCT ']
16:22:00  INFO  aplication.MyListener - The element -->By.xpath: //div[text()=' OCT ']was found
16:22:00  INFO  aplication.MyListener - Start finding element by ------>By.xpath: //div[text()=' 12 ']
16:22:00  INFO  aplication.MyListener - The element -->By.xpath: //div[text()=' 12 ']was found
16:22:00  INFO  aplication.MyListener - Start finding element by ------>By.xpath: //div[text()=' 15 ']
16:22:00  INFO  aplication.MyListener - The element -->By.xpath: //div[text()=' 15 ']was found
16:22:00  INFO  aplication.MyListener - Start finding element by ------>By.cssSelector: button[type='submit']
16:22:00  INFO  aplication.MyListener - The element -->By.cssSelector: button[type='submit']was found
16:22:02  INFO  aplication.MyListener - We heave throwable -->element click intercepted: Element <button _ngcontent-bck-c72="" type="submit" disabled="">...</button> is not clickable at point (194, 429). Other element would receive the click: <div class="cdk-overlay-backdrop mat-overlay-transparent-backdrop cdk-overlay-backdrop-showing"></div>
  (Session info: chrome=94.0.4606.81)
Build info: version: '3.141.59', revision: 'e82be7d358', time: '2018-11-14T08:17:03'
System info: host: 'DESKTOP-3UOK3PE', ip: '10.100.102.16', os.name: 'Windows 10', os.arch: 'amd64', os.version: '10.0', java.version: '1.8.0_301'
Driver info: org.openqa.selenium.chrome.ChromeDriver
Capabilities {acceptInsecureCerts: false, browserName: chrome, browserVersion: 94.0.4606.81, chrome: {chromedriverVersion: 94.0.4606.41 (333e85df3c9b6..., userDataDir: C:\Users\Owner\AppData\Loca...}, goog:chromeOptions: {debuggerAddress: localhost:59378}, javascriptEnabled: true, networkConnectionEnabled: false, pageLoadStrategy: normal, platform: WINDOWS, platformName: WINDOWS, proxy: Proxy(), setWindowRect: true, strictFileInteractability: false, timeouts: {implicit: 0, pageLoad: 300000, script: 30000}, unhandledPromptBehavior: dismiss and notify, webauthn:extension:credBlob: true, webauthn:extension:largeBlob: true, webauthn:virtualAuthenticators: true}
Session ID: 3f3ae8fc0053b382df1dc3edd32f53a5
16:22:02  INFO  aplication.MyListener - Start finding element by ------>By.id: city
16:22:02  INFO  aplication.MyListener - The element -->By.id: citywas found
16:22:03  INFO  aplication.MyListener - We heave throwable -->element click intercepted: Element <input _ngcontent-bck-c72="" formcontrolname="city" id="city" placeholder="" type="text" class="pac-target-input ng-dirty ng-touched ng-valid" autocomplete="off"> is not clickable at point (267, 288). Other element would receive the click: <div class="mat-calendar-body-cell-content">...</div>
  (Session info: chrome=94.0.4606.81)
Build info: version: '3.141.59', revision: 'e82be7d358', time: '2018-11-14T08:17:03'
System info: host: 'DESKTOP-3UOK3PE', ip: '10.100.102.16', os.name: 'Windows 10', os.arch: 'amd64', os.version: '10.0', java.version: '1.8.0_301'
Driver info: org.openqa.selenium.chrome.ChromeDriver
Capabilities {acceptInsecureCerts: false, browserName: chrome, browserVersion: 94.0.4606.81, chrome: {chromedriverVersion: 94.0.4606.41 (333e85df3c9b6..., userDataDir: C:\Users\Owner\AppData\Loca...}, goog:chromeOptions: {debuggerAddress: localhost:59378}, javascriptEnabled: true, networkConnectionEnabled: false, pageLoadStrategy: normal, platform: WINDOWS, platformName: WINDOWS, proxy: Proxy(), setWindowRect: true, strictFileInteractability: false, timeouts: {implicit: 0, pageLoad: 300000, script: 30000}, unhandledPromptBehavior: dismiss and notify, webauthn:extension:credBlob: true, webauthn:extension:largeBlob: true, webauthn:virtualAuthenticators: true}
Session ID: 3f3ae8fc0053b382df1dc3edd32f53a5
16:22:03  INFO  aplication.MyListener - Start finding element by ------>By.id: city
16:22:03  INFO  aplication.MyListener - The element -->By.id: citywas found
16:22:04  INFO  aplication.MyListener - We heave throwable -->element click intercepted: Element <input _ngcontent-bck-c72="" formcontrolname="city" id="city" placeholder="" type="text" class="pac-target-input ng-dirty ng-touched ng-valid" autocomplete="off"> is not clickable at point (267, 288). Other element would receive the click: <div class="mat-calendar-body-cell-content">...</div>
  (Session info: chrome=94.0.4606.81)
Build info: version: '3.141.59', revision: 'e82be7d358', time: '2018-11-14T08:17:03'
System info: host: 'DESKTOP-3UOK3PE', ip: '10.100.102.16', os.name: 'Windows 10', os.arch: 'amd64', os.version: '10.0', java.version: '1.8.0_301'
Driver info: org.openqa.selenium.chrome.ChromeDriver
Capabilities {acceptInsecureCerts: false, browserName: chrome, browserVersion: 94.0.4606.81, chrome: {chromedriverVersion: 94.0.4606.41 (333e85df3c9b6..., userDataDir: C:\Users\Owner\AppData\Loca...}, goog:chromeOptions: {debuggerAddress: localhost:59378}, javascriptEnabled: true, networkConnectionEnabled: false, pageLoadStrategy: normal, platform: WINDOWS, platformName: WINDOWS, proxy: Proxy(), setWindowRect: true, strictFileInteractability: false, timeouts: {implicit: 0, pageLoad: 300000, script: 30000}, unhandledPromptBehavior: dismiss and notify, webauthn:extension:credBlob: true, webauthn:extension:largeBlob: true, webauthn:virtualAuthenticators: true}
Session ID: 3f3ae8fc0053b382df1dc3edd32f53a5
