06:28:08  INFO  aplication.MyListener - Start finding element by ------>By.xpath: //a[text()=' Log in ']
06:28:08  INFO  aplication.MyListener - The element -->By.xpath: //a[text()=' Log in ']was found
06:28:08  INFO  aplication.MyListener - Start finding element by ------>By.xpath: //a[text()=' Log in ']
06:28:08  INFO  aplication.MyListener - The element -->By.xpath: //a[text()=' Log in ']was found
06:28:09  INFO  aplication.MyListener - Start finding element by ------>By.id: email
06:28:09  INFO  aplication.MyListener - The element -->By.id: emailwas found
06:28:09  INFO  aplication.MyListener - Start finding element by ------>By.id: password
06:28:09  INFO  aplication.MyListener - The element -->By.id: passwordwas found
06:28:09  INFO  aplication.MyListener - Start finding element by ------>By.xpath: //button[@type='submit']
06:28:09  INFO  aplication.MyListener - The element -->By.xpath: //button[@type='submit']was found
06:28:09  INFO  aplication.MyListener - Start finding element by ------>By.xpath: //button[text()='Ok']
06:28:10  INFO  aplication.MyListener - The element -->By.xpath: //button[text()='Ok']was found
06:28:10  INFO  aplication.MyListener - Start finding element by ------>By.id: city
06:28:10  INFO  aplication.MyListener - The element -->By.id: citywas found
06:28:10  INFO  aplication.MyListener - Start finding element by ------>By.xpath: //div[@class='pac-container pac-logo']//div[1]
06:28:11  INFO  aplication.MyListener - The element -->By.xpath: //div[@class='pac-container pac-logo']//div[1]was found
06:28:11  INFO  aplication.MyListener - Start finding element by ------>By.id: dates
06:28:11  INFO  aplication.MyListener - The element -->By.id: dateswas found
06:28:11  INFO  aplication.MyListener - Start finding element by ------>By.cssSelector: button[aria-label='Choose month and year']
06:28:11  INFO  aplication.MyListener - The element -->By.cssSelector: button[aria-label='Choose month and year']was found
06:28:11  INFO  aplication.MyListener - Start finding element by ------>By.xpath: //div[text()=' 2021 ']
06:28:11  INFO  aplication.MyListener - The element -->By.xpath: //div[text()=' 2021 ']was found
06:28:11  INFO  aplication.MyListener - Start finding element by ------>By.xpath: //div[text()=' DEC ']
06:28:11  INFO  aplication.MyListener - The element -->By.xpath: //div[text()=' DEC ']was found
06:28:11  INFO  aplication.MyListener - Start finding element by ------>By.xpath: //div[text()=' 12 ']
06:28:11  INFO  aplication.MyListener - The element -->By.xpath: //div[text()=' 12 ']was found
06:28:11  INFO  aplication.MyListener - Start finding element by ------>By.xpath: //div[text()=' 15 ']
06:28:11  INFO  aplication.MyListener - The element -->By.xpath: //div[text()=' 15 ']was found
06:28:12  INFO  aplication.MyListener - Start finding element by ------>By.cssSelector: button[type='submit']
06:28:12  INFO  aplication.MyListener - The element -->By.cssSelector: button[type='submit']was found
06:28:12  INFO  aplication.MyListener - Start finding element by ------>By.cssSelector: button[type='submit']
06:28:12  INFO  aplication.MyListener - The element -->By.cssSelector: button[type='submit']was found
06:28:12  INFO  aplication.MyListener - Start finding element by ------>By.xpath: //div[@class='search-results-card']//a[1]
06:28:13  INFO  aplication.MyListener - The element -->By.xpath: //div[@class='search-results-card']//a[1]was found
06:28:13  INFO  aplication.MyListener - Start finding element by ------>By.xpath: //button[text()='Rent now!! ']
06:28:14  INFO  aplication.MyListener - The element -->By.xpath: //button[text()='Rent now!! ']was found
06:28:14  INFO  aplication.MyListener - Start finding element by ------>By.xpath: //button[text()='Rent now!! ']
06:28:14  INFO  aplication.MyListener - The element -->By.xpath: //button[text()='Rent now!! ']was found
06:28:15  INFO  aplication.MyListener - Start finding element by ------>By.xpath: //button[text()='Rent now!! ']
06:28:15  INFO  aplication.MyListener - The element -->By.xpath: //button[text()='Rent now!! ']was found
06:28:15  INFO  aplication.MyListener - Start finding element by ------>By.xpath: //button[text()='Rent now!! ']
06:28:15  INFO  aplication.MyListener - The element -->By.xpath: //button[text()='Rent now!! ']was found
06:28:16  INFO  aplication.MyListener - Start finding element by ------>By.xpath: //button[text()='Rent now!! ']
06:28:16  INFO  aplication.MyListener - The element -->By.xpath: //button[text()='Rent now!! ']was found
06:28:16  INFO  aplication.MyListener - Start finding element by ------>By.xpath: //button[text()='Rent now!! ']
06:28:16  INFO  aplication.MyListener - The element -->By.xpath: //button[text()='Rent now!! ']was found
06:28:17  INFO  aplication.MyListener - Start finding element by ------>By.xpath: //button[text()='Rent now!! ']
06:28:17  INFO  aplication.MyListener - The element -->By.xpath: //button[text()='Rent now!! ']was found
06:28:18  INFO  aplication.MyListener - Start finding element by ------>By.xpath: //button[text()='Rent now!! ']
06:28:18  INFO  aplication.MyListener - The element -->By.xpath: //button[text()='Rent now!! ']was found
06:28:18  INFO  aplication.MyListener - Start finding element by ------>By.xpath: //button[text()='Rent now!! ']
06:28:18  INFO  aplication.MyListener - The element -->By.xpath: //button[text()='Rent now!! ']was found
06:28:19  INFO  aplication.MyListener - Start finding element by ------>By.xpath: //button[text()='Rent now!! ']
06:28:19  INFO  aplication.MyListener - The element -->By.xpath: //button[text()='Rent now!! ']was found
06:28:19  INFO  aplication.MyListener - Start finding element by ------>By.xpath: //button[text()='Rent now!! ']
06:28:19  INFO  aplication.MyListener - The element -->By.xpath: //button[text()='Rent now!! ']was found
06:28:20  INFO  aplication.MyListener - Start finding element by ------>By.xpath: //button[text()='Rent now!! ']
06:28:20  INFO  aplication.MyListener - The element -->By.xpath: //button[text()='Rent now!! ']was found
06:28:20  INFO  aplication.MyListener - Start finding element by ------>By.xpath: //button[text()='Rent now!! ']
06:28:20  INFO  aplication.MyListener - The element -->By.xpath: //button[text()='Rent now!! ']was found
06:28:21  INFO  aplication.MyListener - Start finding element by ------>By.xpath: //button[text()='Rent now!! ']
06:28:21  INFO  aplication.MyListener - The element -->By.xpath: //button[text()='Rent now!! ']was found
06:28:21  INFO  aplication.MyListener - Start finding element by ------>By.xpath: //button[text()='Rent now!! ']
06:28:21  INFO  aplication.MyListener - The element -->By.xpath: //button[text()='Rent now!! ']was found
06:28:22  INFO  aplication.MyListener - Start finding element by ------>By.xpath: //button[text()='Rent now!! ']
06:28:22  INFO  aplication.MyListener - The element -->By.xpath: //button[text()='Rent now!! ']was found
06:28:23  INFO  aplication.MyListener - Start finding element by ------>By.xpath: //button[text()='Rent now!! ']
06:28:23  INFO  aplication.MyListener - The element -->By.xpath: //button[text()='Rent now!! ']was found
06:28:23  INFO  aplication.MyListener - Start finding element by ------>By.xpath: //button[text()='Rent now!! ']
06:28:23  INFO  aplication.MyListener - The element -->By.xpath: //button[text()='Rent now!! ']was found
06:28:24  INFO  aplication.MyListener - Start finding element by ------>By.xpath: //button[text()='Rent now!! ']
06:28:24  INFO  aplication.MyListener - The element -->By.xpath: //button[text()='Rent now!! ']was found
